CRITICAL - 2025-03-10 13:05:40 --> Attempt to read property "id_grau" on array
in APPPATH/Controllers/Admin/SI_RequerimentoMatricula.php on line 931.
 1 APPPATH/Controllers/Admin/SI_RequerimentoMatricula.php(931): CodeIgniter\Debug\Exceptions->errorHandler(2, 'Attempt to read property "id_grau" on array', 'APPPATH/Controllers/Admin/SI_RequerimentoMatricula.php', 931)
 2 SYSTEMPATH/CodeIgniter.php(925): App\Controllers\Admin\SI_RequerimentoMatricula->adicionar_vetor_turma()
 3 SYSTEMPATH/CodeIgniter.php(480): CodeIgniter\CodeIgniter->runController(Object(App\Controllers\Admin\SI_RequerimentoMatricula))
 4 SYSTEMPATH/CodeIgniter.php(349): CodeIgniter\CodeIgniter->handleRequest(null, Object(Config\Cache), false)
 5 FCPATH/index.php(72): CodeIgniter\CodeIgniter->run()
CRITICAL - 2025-03-10 13:14:45 --> Attempt to read property "id_grau" on array
in APPPATH/Controllers/Admin/SI_RequerimentoMatricula.php on line 134.
 1 APPPATH/Controllers/Admin/SI_RequerimentoMatricula.php(134): CodeIgniter\Debug\Exceptions->errorHandler(2, 'Attempt to read property "id_grau" on array', 'APPPATH/Controllers/Admin/SI_RequerimentoMatricula.php', 134)
 2 SYSTEMPATH/CodeIgniter.php(925): App\Controllers\Admin\SI_RequerimentoMatricula->adicionar_vetor()
 3 SYSTEMPATH/CodeIgniter.php(480): CodeIgniter\CodeIgniter->runController(Object(App\Controllers\Admin\SI_RequerimentoMatricula))
 4 SYSTEMPATH/CodeIgniter.php(349): CodeIgniter\CodeIgniter->handleRequest(null, Object(Config\Cache), false)
 5 FCPATH/index.php(72): CodeIgniter\CodeIgniter->run()
CRITICAL - 2025-03-10 13:45:58 --> Attempt to read property "id_grau" on array
in APPPATH/Controllers/Admin/SI_RequerimentoMatricula.php on line 931.
 1 APPPATH/Controllers/Admin/SI_RequerimentoMatricula.php(931): CodeIgniter\Debug\Exceptions->errorHandler(2, 'Attempt to read property "id_grau" on array', 'APPPATH/Controllers/Admin/SI_RequerimentoMatricula.php', 931)
 2 SYSTEMPATH/CodeIgniter.php(925): App\Controllers\Admin\SI_RequerimentoMatricula->adicionar_vetor_turma()
 3 SYSTEMPATH/CodeIgniter.php(480): CodeIgniter\CodeIgniter->runController(Object(App\Controllers\Admin\SI_RequerimentoMatricula))
 4 SYSTEMPATH/CodeIgniter.php(349): CodeIgniter\CodeIgniter->handleRequest(null, Object(Config\Cache), false)
 5 FCPATH/index.php(72): CodeIgniter\CodeIgniter->run()
CRITICAL - 2025-03-10 13:46:42 --> Attempt to read property "id_grau" on array
in APPPATH/Controllers/Admin/SI_RequerimentoMatricula.php on line 134.
 1 APPPATH/Controllers/Admin/SI_RequerimentoMatricula.php(134): CodeIgniter\Debug\Exceptions->errorHandler(2, 'Attempt to read property "id_grau" on array', 'APPPATH/Controllers/Admin/SI_RequerimentoMatricula.php', 134)
 2 SYSTEMPATH/CodeIgniter.php(925): App\Controllers\Admin\SI_RequerimentoMatricula->adicionar_vetor()
 3 SYSTEMPATH/CodeIgniter.php(480): CodeIgniter\CodeIgniter->runController(Object(App\Controllers\Admin\SI_RequerimentoMatricula))
 4 SYSTEMPATH/CodeIgniter.php(349): CodeIgniter\CodeIgniter->handleRequest(null, Object(Config\Cache), false)
 5 FCPATH/index.php(72): CodeIgniter\CodeIgniter->run()
