ERROR - 2025-01-14 14:01:31 --> Error connecting to the database: ErrorException: mysqli::real_connect(): php_network_getaddresses: getaddrinfo for colegioportal.mysql.dbaas.com.br failed: Name or service not known in /home/storage/4/8f/cf/colegioportalcui1/public_html/project/system/Database/MySQLi/Connection.php:170
Stack trace:
#0 [internal function]: CodeIgniter\Debug\Exceptions->errorHandler(2, 'mysqli::real_co...', '/home/storage/4...', 170)
#1 /home/storage/4/8f/cf/colegioportalcui1/public_html/project/system/Database/MySQLi/Connection.php(170): mysqli->real_connect('colegioportal.m...', 'colegioportal', Object(SensitiveParameterValue), 'colegioportal', 3306, '', 0)
#2 /home/storage/4/8f/cf/colegioportalcui1/public_html/project/system/Database/BaseConnection.php(382): CodeIgniter\Database\MySQLi\Connection->connect(false)
#3 /home/storage/4/8f/cf/colegioportalcui1/public_html/project/system/Database/BaseConnection.php(561): CodeIgniter\Database\BaseConnection->initialize()
#4 /home/storage/4/8f/cf/colegioportalcui1/public_html/project/system/Database/BaseBuilder.php(1669): CodeIgniter\Database\BaseConnection->query('SELECT COUNT(*)...', Array, false)
#5 /home/storage/4/8f/cf/colegioportalcui1/public_html/project/system/Model.php(575): CodeIgniter\Database\BaseBuilder->countAllResults(false)
#6 /home/storage/4/8f/cf/colegioportalcui1/public_html/project/system/BaseModel.php(1108): CodeIgniter\Model->countAllResults(false)
#7 /home/storage/4/8f/cf/colegioportalcui1/public_html/project/app/Controllers/Admin/SI_Turma.php(99): CodeIgniter\BaseModel->paginate(10)
#8 /home/storage/4/8f/cf/colegioportalcui1/public_html/project/system/CodeIgniter.php(925): App\Controllers\Admin\SI_Turma->index()
#9 /home/storage/4/8f/cf/colegioportalcui1/public_html/project/system/CodeIgniter.php(480): CodeIgniter\CodeIgniter->runController(Object(App\Controllers\Admin\SI_Turma))
#10 /home/storage/4/8f/cf/colegioportalcui1/public_html/project/system/CodeIgniter.php(349): CodeIgniter\CodeIgniter->handleRequest(NULL, Object(Config\Cache), false)
#11 /home/storage/4/8f/cf/colegioportalcui1/public_html/index.php(72): CodeIgniter\CodeIgniter->run()
#12 {main}

Next mysqli_sql_exception: php_network_getaddresses: getaddrinfo for colegioportal.mysql.dbaas.com.br failed: Name or service not known in /home/storage/4/8f/cf/colegioportalcui1/public_html/project/system/Database/MySQLi/Connection.php:170
Stack trace:
#0 /home/storage/4/8f/cf/colegioportalcui1/public_html/project/system/Database/MySQLi/Connection.php(170): mysqli->real_connect('colegioportal.m...', 'colegioportal', Object(SensitiveParameterValue), 'colegioportal', 3306, '', 0)
#1 /home/storage/4/8f/cf/colegioportalcui1/public_html/project/system/Database/BaseConnection.php(382): CodeIgniter\Database\MySQLi\Connection->connect(false)
#2 /home/storage/4/8f/cf/colegioportalcui1/public_html/project/system/Database/BaseConnection.php(561): CodeIgniter\Database\BaseConnection->initialize()
#3 /home/storage/4/8f/cf/colegioportalcui1/public_html/project/system/Database/BaseBuilder.php(1669): CodeIgniter\Database\BaseConnection->query('SELECT COUNT(*)...', Array, false)
#4 /home/storage/4/8f/cf/colegioportalcui1/public_html/project/system/Model.php(575): CodeIgniter\Database\BaseBuilder->countAllResults(false)
#5 /home/storage/4/8f/cf/colegioportalcui1/public_html/project/system/BaseModel.php(1108): CodeIgniter\Model->countAllResults(false)
#6 /home/storage/4/8f/cf/colegioportalcui1/public_html/project/app/Controllers/Admin/SI_Turma.php(99): CodeIgniter\BaseModel->paginate(10)
#7 /home/storage/4/8f/cf/colegioportalcui1/public_html/project/system/CodeIgniter.php(925): App\Controllers\Admin\SI_Turma->index()
#8 /home/storage/4/8f/cf/colegioportalcui1/public_html/project/system/CodeIgniter.php(480): CodeIgniter\CodeIgniter->runController(Object(App\Controllers\Admin\SI_Turma))
#9 /home/storage/4/8f/cf/colegioportalcui1/public_html/project/system/CodeIgniter.php(349): CodeIgniter\CodeIgniter->handleRequest(NULL, Object(Config\Cache), false)
#10 /home/storage/4/8f/cf/colegioportalcui1/public_html/index.php(72): CodeIgniter\CodeIgniter->run()
#11 {main}

Next CodeIgniter\Database\Exceptions\DatabaseException: php_network_getaddresses: getaddrinfo for ****.mysql.dbaas.com.br failed: Name or service not known in /home/storage/4/8f/cf/colegioportalcui1/public_html/project/system/Database/MySQLi/Connection.php:215
Stack trace:
#0 /home/storage/4/8f/cf/colegioportalcui1/public_html/project/system/Database/BaseConnection.php(382): CodeIgniter\Database\MySQLi\Connection->connect(false)
#1 /home/storage/4/8f/cf/colegioportalcui1/public_html/project/system/Database/BaseConnection.php(561): CodeIgniter\Database\BaseConnection->initialize()
#2 /home/storage/4/8f/cf/colegioportalcui1/public_html/project/system/Database/BaseBuilder.php(1669): CodeIgniter\Database\BaseConnection->query('SELECT COUNT(*)...', Array, false)
#3 /home/storage/4/8f/cf/colegioportalcui1/public_html/project/system/Model.php(575): CodeIgniter\Database\BaseBuilder->countAllResults(false)
#4 /home/storage/4/8f/cf/colegioportalcui1/public_html/project/system/BaseModel.php(1108): CodeIgniter\Model->countAllResults(false)
#5 /home/storage/4/8f/cf/colegioportalcui1/public_html/project/app/Controllers/Admin/SI_Turma.php(99): CodeIgniter\BaseModel->paginate(10)
#6 /home/storage/4/8f/cf/colegioportalcui1/public_html/project/system/CodeIgniter.php(925): App\Controllers\Admin\SI_Turma->index()
#7 /home/storage/4/8f/cf/colegioportalcui1/public_html/project/system/CodeIgniter.php(480): CodeIgniter\CodeIgniter->runController(Object(App\Controllers\Admin\SI_Turma))
#8 /home/storage/4/8f/cf/colegioportalcui1/public_html/project/system/CodeIgniter.php(349): CodeIgniter\CodeIgniter->handleRequest(NULL, Object(Config\Cache), false)
#9 /home/storage/4/8f/cf/colegioportalcui1/public_html/index.php(72): CodeIgniter\CodeIgniter->run()
#10 {main}
CRITICAL - 2025-01-14 14:01:31 --> Unable to connect to the database.
Main connection [MySQLi]: php_network_getaddresses: getaddrinfo for ****.mysql.dbaas.com.br failed: Name or service not known
in SYSTEMPATH/Database/BaseConnection.php on line 418.
 1 SYSTEMPATH/Database/BaseConnection.php(561): CodeIgniter\Database\BaseConnection->initialize()
 2 SYSTEMPATH/Database/BaseBuilder.php(1669): CodeIgniter\Database\BaseConnection->query('SELECT COUNT(*) AS `numrows`
FROM `si_turma`
WHERE `status` = :status:', [...], false)
 3 SYSTEMPATH/Model.php(575): CodeIgniter\Database\BaseBuilder->countAllResults(false)
 4 SYSTEMPATH/BaseModel.php(1108): CodeIgniter\Model->countAllResults(false)
 5 APPPATH/Controllers/Admin/SI_Turma.php(99): CodeIgniter\BaseModel->paginate(10)
 6 SYSTEMPATH/CodeIgniter.php(925): App\Controllers\Admin\SI_Turma->index()
 7 SYSTEMPATH/CodeIgniter.php(480): CodeIgniter\CodeIgniter->runController(Object(App\Controllers\Admin\SI_Turma))
 8 SYSTEMPATH/CodeIgniter.php(349): CodeIgniter\CodeIgniter->handleRequest(null, Object(Config\Cache), false)
 9 FCPATH/index.php(72): CodeIgniter\CodeIgniter->run()
CRITICAL - 2025-01-14 16:02:16 --> Attempt to read property "id_grau" on array
in APPPATH/Controllers/Admin/SI_RequerimentoMatricula.php on line 134.
 1 APPPATH/Controllers/Admin/SI_RequerimentoMatricula.php(134): CodeIgniter\Debug\Exceptions->errorHandler(2, 'Attempt to read property "id_grau" on array', 'APPPATH/Controllers/Admin/SI_RequerimentoMatricula.php', 134)
 2 SYSTEMPATH/CodeIgniter.php(925): App\Controllers\Admin\SI_RequerimentoMatricula->adicionar_vetor()
 3 SYSTEMPATH/CodeIgniter.php(480): CodeIgniter\CodeIgniter->runController(Object(App\Controllers\Admin\SI_RequerimentoMatricula))
 4 SYSTEMPATH/CodeIgniter.php(349): CodeIgniter\CodeIgniter->handleRequest(null, Object(Config\Cache), false)
 5 FCPATH/index.php(72): CodeIgniter\CodeIgniter->run()
