CRITICAL - 2025-10-21 08:41:27 --> Undefined variable $action
in APPPATH\Views\admin\SI_Contrato\lancamentos_cadastrar.php on line 87.
 1 APPPATH\Views\admin\SI_Contrato\lancamentos_cadastrar.php(87): CodeIgniter\Debug\Exceptions->errorHandler(2, 'Undefined variable $action', 'APPPATH\\Views\\admin\\SI_Contrato\\lancamentos_cadastrar.php', 87)
 2 SYSTEMPATH\View\View.php(213): include('APPPATH\\Views\\admin\\SI_Contrato\\lancamentos_cadastrar.php')
 3 SYSTEMPATH\View\View.php(216): CodeIgniter\View\View->CodeIgniter\View\{closure}()
 4 SYSTEMPATH\Common.php(1135): CodeIgniter\View\View->render('admin/SI_Contrato/lancamentos_cadastrar.php', [], true)
 5 APPPATH\Controllers\Admin\SI_Contrato.php(214): view('admin/SI_Contrato/lancamentos_cadastrar.php', [...])
 6 SYSTEMPATH\CodeIgniter.php(925): App\Controllers\Admin\SI_Contrato->lancamentosCadastrar('21')
 7 SYSTEMPATH\CodeIgniter.php(480): CodeIgniter\CodeIgniter->runController(Object(App\Controllers\Admin\SI_Contrato))
 8 SYSTEMPATH\CodeIgniter.php(349): CodeIgniter\CodeIgniter->handleRequest(null, Object(Config\Cache), false)
 9 FCPATH\index.php(72): CodeIgniter\CodeIgniter->run()
CRITICAL - 2025-10-21 08:41:42 --> Undefined variable $aluno
in APPPATH\Views\admin\SI_Contrato\lancamentos_cadastrar.php on line 93.
 1 APPPATH\Views\admin\SI_Contrato\lancamentos_cadastrar.php(93): CodeIgniter\Debug\Exceptions->errorHandler(2, 'Undefined variable $aluno', 'APPPATH\\Views\\admin\\SI_Contrato\\lancamentos_cadastrar.php', 93)
 2 SYSTEMPATH\View\View.php(213): include('APPPATH\\Views\\admin\\SI_Contrato\\lancamentos_cadastrar.php')
 3 SYSTEMPATH\View\View.php(216): CodeIgniter\View\View->CodeIgniter\View\{closure}()
 4 SYSTEMPATH\Common.php(1135): CodeIgniter\View\View->render('admin/SI_Contrato/lancamentos_cadastrar.php', [], true)
 5 APPPATH\Controllers\Admin\SI_Contrato.php(214): view('admin/SI_Contrato/lancamentos_cadastrar.php', [...])
 6 SYSTEMPATH\CodeIgniter.php(925): App\Controllers\Admin\SI_Contrato->lancamentosCadastrar('21')
 7 SYSTEMPATH\CodeIgniter.php(480): CodeIgniter\CodeIgniter->runController(Object(App\Controllers\Admin\SI_Contrato))
 8 SYSTEMPATH\CodeIgniter.php(349): CodeIgniter\CodeIgniter->handleRequest(null, Object(Config\Cache), false)
 9 FCPATH\index.php(72): CodeIgniter\CodeIgniter->run()
CRITICAL - 2025-10-21 08:46:09 --> Undefined variable $turma
in APPPATH\Views\admin\SI_Contrato\lancamentos_cadastrar.php on line 94.
 1 APPPATH\Views\admin\SI_Contrato\lancamentos_cadastrar.php(94): CodeIgniter\Debug\Exceptions->errorHandler(2, 'Undefined variable $turma', 'APPPATH\\Views\\admin\\SI_Contrato\\lancamentos_cadastrar.php', 94)
 2 SYSTEMPATH\View\View.php(213): include('APPPATH\\Views\\admin\\SI_Contrato\\lancamentos_cadastrar.php')
 3 SYSTEMPATH\View\View.php(216): CodeIgniter\View\View->CodeIgniter\View\{closure}()
 4 SYSTEMPATH\Common.php(1135): CodeIgniter\View\View->render('admin/SI_Contrato/lancamentos_cadastrar.php', [], true)
 5 APPPATH\Controllers\Admin\SI_Contrato.php(214): view('admin/SI_Contrato/lancamentos_cadastrar.php', [...])
 6 SYSTEMPATH\CodeIgniter.php(925): App\Controllers\Admin\SI_Contrato->lancamentosCadastrar('21')
 7 SYSTEMPATH\CodeIgniter.php(480): CodeIgniter\CodeIgniter->runController(Object(App\Controllers\Admin\SI_Contrato))
 8 SYSTEMPATH\CodeIgniter.php(349): CodeIgniter\CodeIgniter->handleRequest(null, Object(Config\Cache), false)
 9 FCPATH\index.php(72): CodeIgniter\CodeIgniter->run()
ERROR - 2025-10-21 08:47:29 --> mysqli_sql_exception: Unknown column 'si_turma.periodo' in 'field list' in C:\wamp64\www\portal\project\system\Database\MySQLi\Connection.php:292
Stack trace:
#0 C:\wamp64\www\portal\project\system\Database\MySQLi\Connection.php(292): mysqli->query('SELECT `si_cont...', 0)
#1 C:\wamp64\www\portal\project\system\Database\BaseConnection.php(666): CodeIgniter\Database\MySQLi\Connection->execute('SELECT `si_cont...')
#2 C:\wamp64\www\portal\project\system\Database\BaseConnection.php(593): CodeIgniter\Database\BaseConnection->simpleQuery('SELECT `si_cont...')
#3 C:\wamp64\www\portal\project\system\Database\BaseBuilder.php(1585): CodeIgniter\Database\BaseConnection->query('SELECT `si_cont...', Array, false)
#4 C:\wamp64\www\portal\project\system\Model.php(267): CodeIgniter\Database\BaseBuilder->get()
#5 C:\wamp64\www\portal\project\system\BaseModel.php(624): CodeIgniter\Model->doFirst()
#6 C:\wamp64\www\portal\project\app\Controllers\Admin\SI_Contrato.php(208): CodeIgniter\BaseModel->first()
#7 C:\wamp64\www\portal\project\system\CodeIgniter.php(925): App\Controllers\Admin\SI_Contrato->lancamentosCadastrar('21')
#8 C:\wamp64\www\portal\project\system\CodeIgniter.php(480): CodeIgniter\CodeIgniter->runController(Object(App\Controllers\Admin\SI_Contrato))
#9 C:\wamp64\www\portal\project\system\CodeIgniter.php(349): CodeIgniter\CodeIgniter->handleRequest(NULL, Object(Config\Cache), false)
#10 C:\wamp64\www\portal\index.php(72): CodeIgniter\CodeIgniter->run()
#11 {main}
CRITICAL - 2025-10-21 08:47:29 --> Unknown column 'si_turma.periodo' in 'field list'
in SYSTEMPATH\Database\MySQLi\Connection.php on line 292.
 1 SYSTEMPATH\Database\MySQLi\Connection.php(292): mysqli->query('SELECT `si_contrato`.*, `si_aluno`.`nome` as `aluno_nome`, `si_pai`.`rm_resp_financeiro_nome` as `responsavel_nome`, `si_turma`.`nome` as `turma_nome`, `si_turma`.`ano` as `turma_ano`, `si_turma`.`periodo` as `id_periodo`
FROM `si_contrato`
LEFT JOIN `si_aluno` ON `si_aluno`.`id` = `si_contrato`.`id_aluno`
LEFT JOIN `si_turma` ON `si_turma`.`id` = `si_contrato`.`id_turma`
LEFT JOIN `si_pai` ON `si_pai`.`id` = `si_contrato`.`id_responsavel`
WHERE `si_contrato`.`id` = \'21\'
 LIMIT 1', 0)
 2 SYSTEMPATH\Database\BaseConnection.php(666): CodeIgniter\Database\MySQLi\Connection->execute('SELECT `si_contrato`.*, `si_aluno`.`nome` as `aluno_nome`, `si_pai`.`rm_resp_financeiro_nome` as `responsavel_nome`, `si_turma`.`nome` as `turma_nome`, `si_turma`.`ano` as `turma_ano`, `si_turma`.`periodo` as `id_periodo`
FROM `si_contrato`
LEFT JOIN `si_aluno` ON `si_aluno`.`id` = `si_contrato`.`id_aluno`
LEFT JOIN `si_turma` ON `si_turma`.`id` = `si_contrato`.`id_turma`
LEFT JOIN `si_pai` ON `si_pai`.`id` = `si_contrato`.`id_responsavel`
WHERE `si_contrato`.`id` = \'21\'
 LIMIT 1')
 3 SYSTEMPATH\Database\BaseConnection.php(593): CodeIgniter\Database\BaseConnection->simpleQuery('SELECT `si_contrato`.*, `si_aluno`.`nome` as `aluno_nome`, `si_pai`.`rm_resp_financeiro_nome` as `responsavel_nome`, `si_turma`.`nome` as `turma_nome`, `si_turma`.`ano` as `turma_ano`, `si_turma`.`periodo` as `id_periodo`
FROM `si_contrato`
LEFT JOIN `si_aluno` ON `si_aluno`.`id` = `si_contrato`.`id_aluno`
LEFT JOIN `si_turma` ON `si_turma`.`id` = `si_contrato`.`id_turma`
LEFT JOIN `si_pai` ON `si_pai`.`id` = `si_contrato`.`id_responsavel`
WHERE `si_contrato`.`id` = \'21\'
 LIMIT 1')
 4 SYSTEMPATH\Database\BaseBuilder.php(1585): CodeIgniter\Database\BaseConnection->query('SELECT `si_contrato`.*, `si_aluno`.`nome` as `aluno_nome`, `si_pai`.`rm_resp_financeiro_nome` as `responsavel_nome`, `si_turma`.`nome` as `turma_nome`, `si_turma`.`ano` as `turma_ano`, `si_turma`.`periodo` as `id_periodo`
FROM `si_contrato`
LEFT JOIN `si_aluno` ON `si_aluno`.`id` = `si_contrato`.`id_aluno`
LEFT JOIN `si_turma` ON `si_turma`.`id` = `si_contrato`.`id_turma`
LEFT JOIN `si_pai` ON `si_pai`.`id` = `si_contrato`.`id_responsavel`
WHERE `si_contrato`.`id` = :si_contrato.id:
 LIMIT 1', [...], false)
 5 SYSTEMPATH\Model.php(267): CodeIgniter\Database\BaseBuilder->get()
 6 SYSTEMPATH\BaseModel.php(624): CodeIgniter\Model->doFirst()
 7 APPPATH\Controllers\Admin\SI_Contrato.php(208): CodeIgniter\BaseModel->first()
 8 SYSTEMPATH\CodeIgniter.php(925): App\Controllers\Admin\SI_Contrato->lancamentosCadastrar('21')
 9 SYSTEMPATH\CodeIgniter.php(480): CodeIgniter\CodeIgniter->runController(Object(App\Controllers\Admin\SI_Contrato))
10 SYSTEMPATH\CodeIgniter.php(349): CodeIgniter\CodeIgniter->handleRequest(null, Object(Config\Cache), false)
11 FCPATH\index.php(72): CodeIgniter\CodeIgniter->run()
CRITICAL - 2025-10-21 09:00:54 --> Call to a member function insert() on null
in APPPATH\Controllers\Admin\SI_Contrato.php on line 259.
 1 SYSTEMPATH\CodeIgniter.php(925): App\Controllers\Admin\SI_Contrato->lancamentosSalvar('21')
 2 SYSTEMPATH\CodeIgniter.php(480): CodeIgniter\CodeIgniter->runController(Object(App\Controllers\Admin\SI_Contrato))
 3 SYSTEMPATH\CodeIgniter.php(349): CodeIgniter\CodeIgniter->handleRequest(null, Object(Config\Cache), false)
 4 FCPATH\index.php(72): CodeIgniter\CodeIgniter->run()
ERROR - 2025-10-21 09:03:08 --> mysqli_sql_exception: Column 'id_forma_pagamento' cannot be null in C:\wamp64\www\portal\project\system\Database\MySQLi\Connection.php:292
Stack trace:
#0 C:\wamp64\www\portal\project\system\Database\MySQLi\Connection.php(292): mysqli->query('INSERT INTO `si...', 0)
#1 C:\wamp64\www\portal\project\system\Database\BaseConnection.php(666): CodeIgniter\Database\MySQLi\Connection->execute('INSERT INTO `si...')
#2 C:\wamp64\www\portal\project\system\Database\BaseConnection.php(593): CodeIgniter\Database\BaseConnection->simpleQuery('INSERT INTO `si...')
#3 C:\wamp64\www\portal\project\system\Database\BaseBuilder.php(1916): CodeIgniter\Database\BaseConnection->query('INSERT INTO `si...', Array, false)
#4 C:\wamp64\www\portal\project\system\Model.php(303): CodeIgniter\Database\BaseBuilder->insert()
#5 C:\wamp64\www\portal\project\system\BaseModel.php(750): CodeIgniter\Model->doInsert(Array)
#6 C:\wamp64\www\portal\project\system\Model.php(699): CodeIgniter\BaseModel->insert(Array, true)
#7 C:\wamp64\www\portal\project\app\Controllers\Admin\SI_Contrato.php(261): CodeIgniter\Model->insert(Array)
#8 C:\wamp64\www\portal\project\system\CodeIgniter.php(925): App\Controllers\Admin\SI_Contrato->lancamentosSalvar('21')
#9 C:\wamp64\www\portal\project\system\CodeIgniter.php(480): CodeIgniter\CodeIgniter->runController(Object(App\Controllers\Admin\SI_Contrato))
#10 C:\wamp64\www\portal\project\system\CodeIgniter.php(349): CodeIgniter\CodeIgniter->handleRequest(NULL, Object(Config\Cache), false)
#11 C:\wamp64\www\portal\index.php(72): CodeIgniter\CodeIgniter->run()
#12 {main}
CRITICAL - 2025-10-21 09:03:08 --> Column 'id_forma_pagamento' cannot be null
in SYSTEMPATH\Database\MySQLi\Connection.php on line 292.
 1 SYSTEMPATH\Database\MySQLi\Connection.php(292): mysqli->query('INSERT INTO `si_parcelas_contrato` (`id_contrato`, `id_forma_pagamento`, `tipo_lancamento`, `numero_parcela`, `data_vencimento`, `valor_parcela`, `status`, `data_pagamento`, `valor_pago`, `created_at`, `updated_at`) VALUES (\'21\', NULL, \'Matricula\', 1, \'2026-01-10\', \'2175.10\', 1, NULL, NULL, \'2025-10-21 09:03:08\', \'2025-10-21 09:03:08\')', 0)
 2 SYSTEMPATH\Database\BaseConnection.php(666): CodeIgniter\Database\MySQLi\Connection->execute('INSERT INTO `si_parcelas_contrato` (`id_contrato`, `id_forma_pagamento`, `tipo_lancamento`, `numero_parcela`, `data_vencimento`, `valor_parcela`, `status`, `data_pagamento`, `valor_pago`, `created_at`, `updated_at`) VALUES (\'21\', NULL, \'Matricula\', 1, \'2026-01-10\', \'2175.10\', 1, NULL, NULL, \'2025-10-21 09:03:08\', \'2025-10-21 09:03:08\')')
 3 SYSTEMPATH\Database\BaseConnection.php(593): CodeIgniter\Database\BaseConnection->simpleQuery('INSERT INTO `si_parcelas_contrato` (`id_contrato`, `id_forma_pagamento`, `tipo_lancamento`, `numero_parcela`, `data_vencimento`, `valor_parcela`, `status`, `data_pagamento`, `valor_pago`, `created_at`, `updated_at`) VALUES (\'21\', NULL, \'Matricula\', 1, \'2026-01-10\', \'2175.10\', 1, NULL, NULL, \'2025-10-21 09:03:08\', \'2025-10-21 09:03:08\')')
 4 SYSTEMPATH\Database\BaseBuilder.php(1916): CodeIgniter\Database\BaseConnection->query('INSERT INTO `si_parcelas_contrato` (`id_contrato`, `id_forma_pagamento`, `tipo_lancamento`, `numero_parcela`, `data_vencimento`, `valor_parcela`, `status`, `data_pagamento`, `valor_pago`, `created_at`, `updated_at`) VALUES (:id_contrato:, :id_forma_pagamento:, :tipo_lancamento:, :numero_parcela:, :data_vencimento:, :valor_parcela:, :status:, :data_pagamento:, :valor_pago:, :created_at:, :updated_at:)', [...], false)
 5 SYSTEMPATH\Model.php(303): CodeIgniter\Database\BaseBuilder->insert()
 6 SYSTEMPATH\BaseModel.php(750): CodeIgniter\Model->doInsert([...])
 7 SYSTEMPATH\Model.php(699): CodeIgniter\BaseModel->insert([...], true)
 8 APPPATH\Controllers\Admin\SI_Contrato.php(261): CodeIgniter\Model->insert([...])
 9 SYSTEMPATH\CodeIgniter.php(925): App\Controllers\Admin\SI_Contrato->lancamentosSalvar('21')
10 SYSTEMPATH\CodeIgniter.php(480): CodeIgniter\CodeIgniter->runController(Object(App\Controllers\Admin\SI_Contrato))
11 SYSTEMPATH\CodeIgniter.php(349): CodeIgniter\CodeIgniter->handleRequest(null, Object(Config\Cache), false)
12 FCPATH\index.php(72): CodeIgniter\CodeIgniter->run()
CRITICAL - 2025-10-21 09:06:49 --> Undefined property: stdClass::$forma_pagamento
in APPPATH\Views\admin\SI_Contrato\lancamentos.php on line 195.
 1 APPPATH\Views\admin\SI_Contrato\lancamentos.php(195): CodeIgniter\Debug\Exceptions->errorHandler(2, 'Undefined property: stdClass::$forma_pagamento', 'APPPATH\\Views\\admin\\SI_Contrato\\lancamentos.php', 195)
 2 SYSTEMPATH\View\View.php(213): include('APPPATH\\Views\\admin\\SI_Contrato\\lancamentos.php')
 3 SYSTEMPATH\View\View.php(216): CodeIgniter\View\View->CodeIgniter\View\{closure}()
 4 SYSTEMPATH\Common.php(1135): CodeIgniter\View\View->render('admin/SI_Contrato/lancamentos.php', [], true)
 5 APPPATH\Controllers\Admin\SI_Contrato.php(196): view('admin/SI_Contrato/lancamentos.php', [...])
 6 SYSTEMPATH\CodeIgniter.php(925): App\Controllers\Admin\SI_Contrato->lancamentos('21')
 7 SYSTEMPATH\CodeIgniter.php(480): CodeIgniter\CodeIgniter->runController(Object(App\Controllers\Admin\SI_Contrato))
 8 SYSTEMPATH\CodeIgniter.php(349): CodeIgniter\CodeIgniter->handleRequest(null, Object(Config\Cache), false)
 9 FCPATH\index.php(72): CodeIgniter\CodeIgniter->run()
