CRITICAL - 2025-10-22 07:47:55 --> Too few arguments to function App\Controllers\Admin\Auth::index(), 0 passed in C:\wamp64\www\portal\project\system\CodeIgniter.php on line 925 and exactly 1 expected
in APPPATH\Controllers\Admin\Auth.php on line 23.
 1 SYSTEMPATH\CodeIgniter.php(925): App\Controllers\Admin\Auth->index()
 2 SYSTEMPATH\CodeIgniter.php(480): CodeIgniter\CodeIgniter->runController(Object(App\Controllers\Admin\Auth))
 3 SYSTEMPATH\CodeIgniter.php(349): CodeIgniter\CodeIgniter->handleRequest(null, Object(Config\Cache), false)
 4 FCPATH\index.php(72): CodeIgniter\CodeIgniter->run()
CRITICAL - 2025-10-22 07:47:59 --> Too few arguments to function App\Controllers\Admin\Auth::index(), 0 passed in C:\wamp64\www\portal\project\system\CodeIgniter.php on line 925 and exactly 1 expected
in APPPATH\Controllers\Admin\Auth.php on line 23.
 1 SYSTEMPATH\CodeIgniter.php(925): App\Controllers\Admin\Auth->index()
 2 SYSTEMPATH\CodeIgniter.php(480): CodeIgniter\CodeIgniter->runController(Object(App\Controllers\Admin\Auth))
 3 SYSTEMPATH\CodeIgniter.php(349): CodeIgniter\CodeIgniter->handleRequest(null, Object(Config\Cache), false)
 4 FCPATH\index.php(72): CodeIgniter\CodeIgniter->run()
ERROR - 2025-10-22 08:12:50 --> mysqli_sql_exception: Unknown column 'si.turma.id_periodo' in 'field list' in C:\wamp64\www\portal\project\system\Database\MySQLi\Connection.php:292
Stack trace:
#0 C:\wamp64\www\portal\project\system\Database\MySQLi\Connection.php(292): mysqli->query('SELECT `si_cont...', 0)
#1 C:\wamp64\www\portal\project\system\Database\BaseConnection.php(666): CodeIgniter\Database\MySQLi\Connection->execute('SELECT `si_cont...')
#2 C:\wamp64\www\portal\project\system\Database\BaseConnection.php(593): CodeIgniter\Database\BaseConnection->simpleQuery('SELECT `si_cont...')
#3 C:\wamp64\www\portal\project\system\Database\BaseBuilder.php(1585): CodeIgniter\Database\BaseConnection->query('SELECT `si_cont...', Array, false)
#4 C:\wamp64\www\portal\project\system\Model.php(267): CodeIgniter\Database\BaseBuilder->get()
#5 C:\wamp64\www\portal\project\system\BaseModel.php(624): CodeIgniter\Model->doFirst()
#6 C:\wamp64\www\portal\project\app\Controllers\Admin\SI_Contrato.php(188): CodeIgniter\BaseModel->first()
#7 C:\wamp64\www\portal\project\system\CodeIgniter.php(925): App\Controllers\Admin\SI_Contrato->lancamentos('21')
#8 C:\wamp64\www\portal\project\system\CodeIgniter.php(480): CodeIgniter\CodeIgniter->runController(Object(App\Controllers\Admin\SI_Contrato))
#9 C:\wamp64\www\portal\project\system\CodeIgniter.php(349): CodeIgniter\CodeIgniter->handleRequest(NULL, Object(Config\Cache), false)
#10 C:\wamp64\www\portal\index.php(72): CodeIgniter\CodeIgniter->run()
#11 {main}
CRITICAL - 2025-10-22 08:12:50 --> Unknown column 'si.turma.id_periodo' in 'field list'
in SYSTEMPATH\Database\MySQLi\Connection.php on line 292.
 1 SYSTEMPATH\Database\MySQLi\Connection.php(292): mysqli->query('SELECT `si_contrato`.*, `si_aluno`.`nome` as `aluno_nome`, `si_pai`.`rm_resp_financeiro_nome` as `responsavel_nome`, `si_turma`.`nome` as `turma_nome`, `si_turma`.`ano` as `turma_ano`, `si`.`turma`.`id_periodo` as `id_periodo`
FROM `si_contrato`
LEFT JOIN `si_aluno` ON `si_aluno`.`id` = `si_contrato`.`id_aluno`
LEFT JOIN `si_turma` ON `si_turma`.`id` = `si_contrato`.`id_turma`
LEFT JOIN `si_pai` ON `si_pai`.`id` = `si_contrato`.`id_responsavel`
WHERE `si_contrato`.`id` = \'21\'
 LIMIT 1', 0)
 2 SYSTEMPATH\Database\BaseConnection.php(666): CodeIgniter\Database\MySQLi\Connection->execute('SELECT `si_contrato`.*, `si_aluno`.`nome` as `aluno_nome`, `si_pai`.`rm_resp_financeiro_nome` as `responsavel_nome`, `si_turma`.`nome` as `turma_nome`, `si_turma`.`ano` as `turma_ano`, `si`.`turma`.`id_periodo` as `id_periodo`
FROM `si_contrato`
LEFT JOIN `si_aluno` ON `si_aluno`.`id` = `si_contrato`.`id_aluno`
LEFT JOIN `si_turma` ON `si_turma`.`id` = `si_contrato`.`id_turma`
LEFT JOIN `si_pai` ON `si_pai`.`id` = `si_contrato`.`id_responsavel`
WHERE `si_contrato`.`id` = \'21\'
 LIMIT 1')
 3 SYSTEMPATH\Database\BaseConnection.php(593): CodeIgniter\Database\BaseConnection->simpleQuery('SELECT `si_contrato`.*, `si_aluno`.`nome` as `aluno_nome`, `si_pai`.`rm_resp_financeiro_nome` as `responsavel_nome`, `si_turma`.`nome` as `turma_nome`, `si_turma`.`ano` as `turma_ano`, `si`.`turma`.`id_periodo` as `id_periodo`
FROM `si_contrato`
LEFT JOIN `si_aluno` ON `si_aluno`.`id` = `si_contrato`.`id_aluno`
LEFT JOIN `si_turma` ON `si_turma`.`id` = `si_contrato`.`id_turma`
LEFT JOIN `si_pai` ON `si_pai`.`id` = `si_contrato`.`id_responsavel`
WHERE `si_contrato`.`id` = \'21\'
 LIMIT 1')
 4 SYSTEMPATH\Database\BaseBuilder.php(1585): CodeIgniter\Database\BaseConnection->query('SELECT `si_contrato`.*, `si_aluno`.`nome` as `aluno_nome`, `si_pai`.`rm_resp_financeiro_nome` as `responsavel_nome`, `si_turma`.`nome` as `turma_nome`, `si_turma`.`ano` as `turma_ano`, `si`.`turma`.`id_periodo` as `id_periodo`
FROM `si_contrato`
LEFT JOIN `si_aluno` ON `si_aluno`.`id` = `si_contrato`.`id_aluno`
LEFT JOIN `si_turma` ON `si_turma`.`id` = `si_contrato`.`id_turma`
LEFT JOIN `si_pai` ON `si_pai`.`id` = `si_contrato`.`id_responsavel`
WHERE `si_contrato`.`id` = :si_contrato.id:
 LIMIT 1', [...], false)
 5 SYSTEMPATH\Model.php(267): CodeIgniter\Database\BaseBuilder->get()
 6 SYSTEMPATH\BaseModel.php(624): CodeIgniter\Model->doFirst()
 7 APPPATH\Controllers\Admin\SI_Contrato.php(188): CodeIgniter\BaseModel->first()
 8 SYSTEMPATH\CodeIgniter.php(925): App\Controllers\Admin\SI_Contrato->lancamentos('21')
 9 SYSTEMPATH\CodeIgniter.php(480): CodeIgniter\CodeIgniter->runController(Object(App\Controllers\Admin\SI_Contrato))
10 SYSTEMPATH\CodeIgniter.php(349): CodeIgniter\CodeIgniter->handleRequest(null, Object(Config\Cache), false)
11 FCPATH\index.php(72): CodeIgniter\CodeIgniter->run()
ERROR - 2025-10-22 08:13:48 --> mysqli_sql_exception: Unknown column 'si.turma.id_periodo' in 'field list' in C:\wamp64\www\portal\project\system\Database\MySQLi\Connection.php:292
Stack trace:
#0 C:\wamp64\www\portal\project\system\Database\MySQLi\Connection.php(292): mysqli->query('SELECT `si_cont...', 0)
#1 C:\wamp64\www\portal\project\system\Database\BaseConnection.php(666): CodeIgniter\Database\MySQLi\Connection->execute('SELECT `si_cont...')
#2 C:\wamp64\www\portal\project\system\Database\BaseConnection.php(593): CodeIgniter\Database\BaseConnection->simpleQuery('SELECT `si_cont...')
#3 C:\wamp64\www\portal\project\system\Database\BaseBuilder.php(1585): CodeIgniter\Database\BaseConnection->query('SELECT `si_cont...', Array, false)
#4 C:\wamp64\www\portal\project\system\Model.php(267): CodeIgniter\Database\BaseBuilder->get()
#5 C:\wamp64\www\portal\project\system\BaseModel.php(624): CodeIgniter\Model->doFirst()
#6 C:\wamp64\www\portal\project\app\Controllers\Admin\SI_Contrato.php(188): CodeIgniter\BaseModel->first()
#7 C:\wamp64\www\portal\project\system\CodeIgniter.php(925): App\Controllers\Admin\SI_Contrato->lancamentos('21')
#8 C:\wamp64\www\portal\project\system\CodeIgniter.php(480): CodeIgniter\CodeIgniter->runController(Object(App\Controllers\Admin\SI_Contrato))
#9 C:\wamp64\www\portal\project\system\CodeIgniter.php(349): CodeIgniter\CodeIgniter->handleRequest(NULL, Object(Config\Cache), false)
#10 C:\wamp64\www\portal\index.php(72): CodeIgniter\CodeIgniter->run()
#11 {main}
CRITICAL - 2025-10-22 08:13:48 --> Unknown column 'si.turma.id_periodo' in 'field list'
in SYSTEMPATH\Database\MySQLi\Connection.php on line 292.
 1 SYSTEMPATH\Database\MySQLi\Connection.php(292): mysqli->query('SELECT `si_contrato`.*, `si_aluno`.`nome` as `aluno_nome`, `si_pai`.`rm_resp_financeiro_nome` as `responsavel_nome`, `si_turma`.`nome` as `turma_nome`, `si_turma`.`ano` as `turma_ano`, `si`.`turma`.`id_periodo` as `id_periodo`
FROM `si_contrato`
LEFT JOIN `si_aluno` ON `si_aluno`.`id` = `si_contrato`.`id_aluno`
LEFT JOIN `si_turma` ON `si_turma`.`id` = `si_contrato`.`id_turma`
LEFT JOIN `si_pai` ON `si_pai`.`id` = `si_contrato`.`id_responsavel`
WHERE `si_contrato`.`id` = \'21\'
 LIMIT 1', 0)
 2 SYSTEMPATH\Database\BaseConnection.php(666): CodeIgniter\Database\MySQLi\Connection->execute('SELECT `si_contrato`.*, `si_aluno`.`nome` as `aluno_nome`, `si_pai`.`rm_resp_financeiro_nome` as `responsavel_nome`, `si_turma`.`nome` as `turma_nome`, `si_turma`.`ano` as `turma_ano`, `si`.`turma`.`id_periodo` as `id_periodo`
FROM `si_contrato`
LEFT JOIN `si_aluno` ON `si_aluno`.`id` = `si_contrato`.`id_aluno`
LEFT JOIN `si_turma` ON `si_turma`.`id` = `si_contrato`.`id_turma`
LEFT JOIN `si_pai` ON `si_pai`.`id` = `si_contrato`.`id_responsavel`
WHERE `si_contrato`.`id` = \'21\'
 LIMIT 1')
 3 SYSTEMPATH\Database\BaseConnection.php(593): CodeIgniter\Database\BaseConnection->simpleQuery('SELECT `si_contrato`.*, `si_aluno`.`nome` as `aluno_nome`, `si_pai`.`rm_resp_financeiro_nome` as `responsavel_nome`, `si_turma`.`nome` as `turma_nome`, `si_turma`.`ano` as `turma_ano`, `si`.`turma`.`id_periodo` as `id_periodo`
FROM `si_contrato`
LEFT JOIN `si_aluno` ON `si_aluno`.`id` = `si_contrato`.`id_aluno`
LEFT JOIN `si_turma` ON `si_turma`.`id` = `si_contrato`.`id_turma`
LEFT JOIN `si_pai` ON `si_pai`.`id` = `si_contrato`.`id_responsavel`
WHERE `si_contrato`.`id` = \'21\'
 LIMIT 1')
 4 SYSTEMPATH\Database\BaseBuilder.php(1585): CodeIgniter\Database\BaseConnection->query('SELECT `si_contrato`.*, `si_aluno`.`nome` as `aluno_nome`, `si_pai`.`rm_resp_financeiro_nome` as `responsavel_nome`, `si_turma`.`nome` as `turma_nome`, `si_turma`.`ano` as `turma_ano`, `si`.`turma`.`id_periodo` as `id_periodo`
FROM `si_contrato`
LEFT JOIN `si_aluno` ON `si_aluno`.`id` = `si_contrato`.`id_aluno`
LEFT JOIN `si_turma` ON `si_turma`.`id` = `si_contrato`.`id_turma`
LEFT JOIN `si_pai` ON `si_pai`.`id` = `si_contrato`.`id_responsavel`
WHERE `si_contrato`.`id` = :si_contrato.id:
 LIMIT 1', [...], false)
 5 SYSTEMPATH\Model.php(267): CodeIgniter\Database\BaseBuilder->get()
 6 SYSTEMPATH\BaseModel.php(624): CodeIgniter\Model->doFirst()
 7 APPPATH\Controllers\Admin\SI_Contrato.php(188): CodeIgniter\BaseModel->first()
 8 SYSTEMPATH\CodeIgniter.php(925): App\Controllers\Admin\SI_Contrato->lancamentos('21')
 9 SYSTEMPATH\CodeIgniter.php(480): CodeIgniter\CodeIgniter->runController(Object(App\Controllers\Admin\SI_Contrato))
10 SYSTEMPATH\CodeIgniter.php(349): CodeIgniter\CodeIgniter->handleRequest(null, Object(Config\Cache), false)
11 FCPATH\index.php(72): CodeIgniter\CodeIgniter->run()
ERROR - 2025-10-22 08:14:14 --> mysqli_sql_exception: Unknown column 'si.turma.id_periodo' in 'field list' in C:\wamp64\www\portal\project\system\Database\MySQLi\Connection.php:292
Stack trace:
#0 C:\wamp64\www\portal\project\system\Database\MySQLi\Connection.php(292): mysqli->query('SELECT `si_cont...', 0)
#1 C:\wamp64\www\portal\project\system\Database\BaseConnection.php(666): CodeIgniter\Database\MySQLi\Connection->execute('SELECT `si_cont...')
#2 C:\wamp64\www\portal\project\system\Database\BaseConnection.php(593): CodeIgniter\Database\BaseConnection->simpleQuery('SELECT `si_cont...')
#3 C:\wamp64\www\portal\project\system\Database\BaseBuilder.php(1585): CodeIgniter\Database\BaseConnection->query('SELECT `si_cont...', Array, false)
#4 C:\wamp64\www\portal\project\system\Model.php(267): CodeIgniter\Database\BaseBuilder->get()
#5 C:\wamp64\www\portal\project\system\BaseModel.php(624): CodeIgniter\Model->doFirst()
#6 C:\wamp64\www\portal\project\app\Controllers\Admin\SI_Contrato.php(188): CodeIgniter\BaseModel->first()
#7 C:\wamp64\www\portal\project\system\CodeIgniter.php(925): App\Controllers\Admin\SI_Contrato->lancamentos('21')
#8 C:\wamp64\www\portal\project\system\CodeIgniter.php(480): CodeIgniter\CodeIgniter->runController(Object(App\Controllers\Admin\SI_Contrato))
#9 C:\wamp64\www\portal\project\system\CodeIgniter.php(349): CodeIgniter\CodeIgniter->handleRequest(NULL, Object(Config\Cache), false)
#10 C:\wamp64\www\portal\index.php(72): CodeIgniter\CodeIgniter->run()
#11 {main}
CRITICAL - 2025-10-22 08:14:14 --> Unknown column 'si.turma.id_periodo' in 'field list'
in SYSTEMPATH\Database\MySQLi\Connection.php on line 292.
 1 SYSTEMPATH\Database\MySQLi\Connection.php(292): mysqli->query('SELECT `si_contrato`.*, `si_aluno`.`nome` as `aluno_nome`, `si_pai`.`rm_resp_financeiro_nome` as `responsavel_nome`, `si_turma`.`nome` as `turma_nome`, `si_turma`.`ano` as `turma_ano`, `si`.`turma`.`id_periodo` as `id_periodo`
FROM `si_contrato`
LEFT JOIN `si_aluno` ON `si_aluno`.`id` = `si_contrato`.`id_aluno`
LEFT JOIN `si_turma` ON `si_turma`.`id` = `si_contrato`.`id_turma`
LEFT JOIN `si_pai` ON `si_pai`.`id` = `si_contrato`.`id_responsavel`
WHERE `si_contrato`.`id` = \'21\'
 LIMIT 1', 0)
 2 SYSTEMPATH\Database\BaseConnection.php(666): CodeIgniter\Database\MySQLi\Connection->execute('SELECT `si_contrato`.*, `si_aluno`.`nome` as `aluno_nome`, `si_pai`.`rm_resp_financeiro_nome` as `responsavel_nome`, `si_turma`.`nome` as `turma_nome`, `si_turma`.`ano` as `turma_ano`, `si`.`turma`.`id_periodo` as `id_periodo`
FROM `si_contrato`
LEFT JOIN `si_aluno` ON `si_aluno`.`id` = `si_contrato`.`id_aluno`
LEFT JOIN `si_turma` ON `si_turma`.`id` = `si_contrato`.`id_turma`
LEFT JOIN `si_pai` ON `si_pai`.`id` = `si_contrato`.`id_responsavel`
WHERE `si_contrato`.`id` = \'21\'
 LIMIT 1')
 3 SYSTEMPATH\Database\BaseConnection.php(593): CodeIgniter\Database\BaseConnection->simpleQuery('SELECT `si_contrato`.*, `si_aluno`.`nome` as `aluno_nome`, `si_pai`.`rm_resp_financeiro_nome` as `responsavel_nome`, `si_turma`.`nome` as `turma_nome`, `si_turma`.`ano` as `turma_ano`, `si`.`turma`.`id_periodo` as `id_periodo`
FROM `si_contrato`
LEFT JOIN `si_aluno` ON `si_aluno`.`id` = `si_contrato`.`id_aluno`
LEFT JOIN `si_turma` ON `si_turma`.`id` = `si_contrato`.`id_turma`
LEFT JOIN `si_pai` ON `si_pai`.`id` = `si_contrato`.`id_responsavel`
WHERE `si_contrato`.`id` = \'21\'
 LIMIT 1')
 4 SYSTEMPATH\Database\BaseBuilder.php(1585): CodeIgniter\Database\BaseConnection->query('SELECT `si_contrato`.*, `si_aluno`.`nome` as `aluno_nome`, `si_pai`.`rm_resp_financeiro_nome` as `responsavel_nome`, `si_turma`.`nome` as `turma_nome`, `si_turma`.`ano` as `turma_ano`, `si`.`turma`.`id_periodo` as `id_periodo`
FROM `si_contrato`
LEFT JOIN `si_aluno` ON `si_aluno`.`id` = `si_contrato`.`id_aluno`
LEFT JOIN `si_turma` ON `si_turma`.`id` = `si_contrato`.`id_turma`
LEFT JOIN `si_pai` ON `si_pai`.`id` = `si_contrato`.`id_responsavel`
WHERE `si_contrato`.`id` = :si_contrato.id:
 LIMIT 1', [...], false)
 5 SYSTEMPATH\Model.php(267): CodeIgniter\Database\BaseBuilder->get()
 6 SYSTEMPATH\BaseModel.php(624): CodeIgniter\Model->doFirst()
 7 APPPATH\Controllers\Admin\SI_Contrato.php(188): CodeIgniter\BaseModel->first()
 8 SYSTEMPATH\CodeIgniter.php(925): App\Controllers\Admin\SI_Contrato->lancamentos('21')
 9 SYSTEMPATH\CodeIgniter.php(480): CodeIgniter\CodeIgniter->runController(Object(App\Controllers\Admin\SI_Contrato))
10 SYSTEMPATH\CodeIgniter.php(349): CodeIgniter\CodeIgniter->handleRequest(null, Object(Config\Cache), false)
11 FCPATH\index.php(72): CodeIgniter\CodeIgniter->run()
