CRITICAL - 2024-10-09 08:01:18 --> "Y-m-d" is not a valid datetime format
in SYSTEMPATH/I18n/Time.php on line 242.
 1 SYSTEMPATH/I18n/Time.php(242): CodeIgniter\I18n\Exceptions\I18nException::forInvalidFormat('Y-m-d')
 2 APPPATH/Controllers/Admin/SI_Pai.php(133): CodeIgniter\I18n\Time::createFromFormat('Y-m-d', '/home/storage/4/8f/cf/colegioportalcui1/public_html')
 3 APPPATH/Controllers/Admin/SI_Pai.php(80): App\Controllers\Admin\SI_Pai->save()
 4 SYSTEMPATH/CodeIgniter.php(925): App\Controllers\Admin\SI_Pai->create()
 5 SYSTEMPATH/CodeIgniter.php(480): CodeIgniter\CodeIgniter->runController(Object(App\Controllers\Admin\SI_Pai))
 6 SYSTEMPATH/CodeIgniter.php(349): CodeIgniter\CodeIgniter->handleRequest(null, Object(Config\Cache), false)
 7 FCPATH/index.php(71): CodeIgniter\CodeIgniter->run()
CRITICAL - 2024-10-09 09:39:39 --> Creation of dynamic property App\Controllers\Admin\Paginas::$model is deprecated
in APPPATH/Controllers/Admin/Paginas.php on line 18.
 1 APPPATH/Controllers/Admin/Paginas.php(18): CodeIgniter\Debug\Exceptions->errorHandler(8192, 'Creation of dynamic property App\\Controllers\\Admin\\Paginas::$model is deprecated', 'APPPATH/Controllers/Admin/Paginas.php', 18)
 2 SYSTEMPATH/CodeIgniter.php(887): App\Controllers\Admin\Paginas->__construct()
 3 SYSTEMPATH/CodeIgniter.php(471): CodeIgniter\CodeIgniter->createController()
 4 SYSTEMPATH/CodeIgniter.php(349): CodeIgniter\CodeIgniter->handleRequest(null, Object(Config\Cache), false)
 5 FCPATH/index.php(71): CodeIgniter\CodeIgniter->run()
CRITICAL - 2024-10-09 09:42:17 --> Creation of dynamic property App\Controllers\Admin\Paginas::$data is deprecated
in APPPATH/Controllers/Admin/Paginas.php on line 45.
 1 APPPATH/Controllers/Admin/Paginas.php(45): CodeIgniter\Debug\Exceptions->errorHandler(8192, 'Creation of dynamic property App\\Controllers\\Admin\\Paginas::$data is deprecated', 'APPPATH/Controllers/Admin/Paginas.php', 45)
 2 SYSTEMPATH/CodeIgniter.php(925): App\Controllers\Admin\Paginas->index()
 3 SYSTEMPATH/CodeIgniter.php(480): CodeIgniter\CodeIgniter->runController(Object(App\Controllers\Admin\Paginas))
 4 SYSTEMPATH/CodeIgniter.php(349): CodeIgniter\CodeIgniter->handleRequest(null, Object(Config\Cache), false)
 5 FCPATH/index.php(71): CodeIgniter\CodeIgniter->run()
CRITICAL - 2024-10-09 09:42:24 --> Creation of dynamic property App\Controllers\Admin\Paginas::$data is deprecated
in APPPATH/Controllers/Admin/Paginas.php on line 45.
 1 APPPATH/Controllers/Admin/Paginas.php(45): CodeIgniter\Debug\Exceptions->errorHandler(8192, 'Creation of dynamic property App\\Controllers\\Admin\\Paginas::$data is deprecated', 'APPPATH/Controllers/Admin/Paginas.php', 45)
 2 SYSTEMPATH/CodeIgniter.php(925): App\Controllers\Admin\Paginas->index()
 3 SYSTEMPATH/CodeIgniter.php(480): CodeIgniter\CodeIgniter->runController(Object(App\Controllers\Admin\Paginas))
 4 SYSTEMPATH/CodeIgniter.php(349): CodeIgniter\CodeIgniter->handleRequest(null, Object(Config\Cache), false)
 5 FCPATH/index.php(71): CodeIgniter\CodeIgniter->run()
CRITICAL - 2024-10-09 09:42:30 --> Creation of dynamic property App\Controllers\Admin\Paginas::$data is deprecated
in APPPATH/Controllers/Admin/Paginas.php on line 45.
 1 APPPATH/Controllers/Admin/Paginas.php(45): CodeIgniter\Debug\Exceptions->errorHandler(8192, 'Creation of dynamic property App\\Controllers\\Admin\\Paginas::$data is deprecated', 'APPPATH/Controllers/Admin/Paginas.php', 45)
 2 SYSTEMPATH/CodeIgniter.php(925): App\Controllers\Admin\Paginas->index()
 3 SYSTEMPATH/CodeIgniter.php(480): CodeIgniter\CodeIgniter->runController(Object(App\Controllers\Admin\Paginas))
 4 SYSTEMPATH/CodeIgniter.php(349): CodeIgniter\CodeIgniter->handleRequest(null, Object(Config\Cache), false)
 5 FCPATH/index.php(71): CodeIgniter\CodeIgniter->run()
CRITICAL - 2024-10-09 09:43:33 --> Creation of dynamic property App\Controllers\Admin\Noticias::$model is deprecated
in APPPATH/Controllers/Admin/Noticias.php on line 19.
 1 APPPATH/Controllers/Admin/Noticias.php(19): CodeIgniter\Debug\Exceptions->errorHandler(8192, 'Creation of dynamic property App\\Controllers\\Admin\\Noticias::$model is deprecated', 'APPPATH/Controllers/Admin/Noticias.php', 19)
 2 SYSTEMPATH/CodeIgniter.php(887): App\Controllers\Admin\Noticias->__construct()
 3 SYSTEMPATH/CodeIgniter.php(471): CodeIgniter\CodeIgniter->createController()
 4 SYSTEMPATH/CodeIgniter.php(349): CodeIgniter\CodeIgniter->handleRequest(null, Object(Config\Cache), false)
 5 FCPATH/index.php(71): CodeIgniter\CodeIgniter->run()
CRITICAL - 2024-10-09 09:45:23 --> Creation of dynamic property App\Controllers\Admin\Categorias::$model is deprecated
in APPPATH/Controllers/Admin/Categorias.php on line 16.
 1 APPPATH/Controllers/Admin/Categorias.php(16): CodeIgniter\Debug\Exceptions->errorHandler(8192, 'Creation of dynamic property App\\Controllers\\Admin\\Categorias::$model is deprecated', 'APPPATH/Controllers/Admin/Categorias.php', 16)
 2 SYSTEMPATH/CodeIgniter.php(887): App\Controllers\Admin\Categorias->__construct()
 3 SYSTEMPATH/CodeIgniter.php(471): CodeIgniter\CodeIgniter->createController()
 4 SYSTEMPATH/CodeIgniter.php(349): CodeIgniter\CodeIgniter->handleRequest(null, Object(Config\Cache), false)
 5 FCPATH/index.php(71): CodeIgniter\CodeIgniter->run()
CRITICAL - 2024-10-09 09:47:16 --> Creation of dynamic property App\Controllers\Admin\Galeria::$model is deprecated
in APPPATH/Controllers/Admin/Galeria.php on line 21.
 1 APPPATH/Controllers/Admin/Galeria.php(21): CodeIgniter\Debug\Exceptions->errorHandler(8192, 'Creation of dynamic property App\\Controllers\\Admin\\Galeria::$model is deprecated', 'APPPATH/Controllers/Admin/Galeria.php', 21)
 2 SYSTEMPATH/CodeIgniter.php(887): App\Controllers\Admin\Galeria->__construct()
 3 SYSTEMPATH/CodeIgniter.php(471): CodeIgniter\CodeIgniter->createController()
 4 SYSTEMPATH/CodeIgniter.php(349): CodeIgniter\CodeIgniter->handleRequest(null, Object(Config\Cache), false)
 5 FCPATH/index.php(71): CodeIgniter\CodeIgniter->run()
CRITICAL - 2024-10-09 09:48:38 --> Creation of dynamic property App\Controllers\Admin\CategoriasGaleria::$model is deprecated
in APPPATH/Controllers/Admin/CategoriasGaleria.php on line 16.
 1 APPPATH/Controllers/Admin/CategoriasGaleria.php(16): CodeIgniter\Debug\Exceptions->errorHandler(8192, 'Creation of dynamic property App\\Controllers\\Admin\\CategoriasGaleria::$model is deprecated', 'APPPATH/Controllers/Admin/CategoriasGaleria.php', 16)
 2 SYSTEMPATH/CodeIgniter.php(887): App\Controllers\Admin\CategoriasGaleria->__construct()
 3 SYSTEMPATH/CodeIgniter.php(471): CodeIgniter\CodeIgniter->createController()
 4 SYSTEMPATH/CodeIgniter.php(349): CodeIgniter\CodeIgniter->handleRequest(null, Object(Config\Cache), false)
 5 FCPATH/index.php(71): CodeIgniter\CodeIgniter->run()
CRITICAL - 2024-10-09 09:49:22 --> Creation of dynamic property App\Controllers\Admin\PaginasCategorias::$model is deprecated
in APPPATH/Controllers/Admin/PaginasCategorias.php on line 16.
 1 APPPATH/Controllers/Admin/PaginasCategorias.php(16): CodeIgniter\Debug\Exceptions->errorHandler(8192, 'Creation of dynamic property App\\Controllers\\Admin\\PaginasCategorias::$model is deprecated', 'APPPATH/Controllers/Admin/PaginasCategorias.php', 16)
 2 SYSTEMPATH/CodeIgniter.php(887): App\Controllers\Admin\PaginasCategorias->__construct()
 3 SYSTEMPATH/CodeIgniter.php(471): CodeIgniter\CodeIgniter->createController()
 4 SYSTEMPATH/CodeIgniter.php(349): CodeIgniter\CodeIgniter->handleRequest(null, Object(Config\Cache), false)
 5 FCPATH/index.php(71): CodeIgniter\CodeIgniter->run()
CRITICAL - 2024-10-09 09:49:51 --> Creation of dynamic property App\Controllers\Admin\Servicos::$model is deprecated
in APPPATH/Controllers/Admin/Servicos.php on line 16.
 1 APPPATH/Controllers/Admin/Servicos.php(16): CodeIgniter\Debug\Exceptions->errorHandler(8192, 'Creation of dynamic property App\\Controllers\\Admin\\Servicos::$model is deprecated', 'APPPATH/Controllers/Admin/Servicos.php', 16)
 2 SYSTEMPATH/CodeIgniter.php(887): App\Controllers\Admin\Servicos->__construct()
 3 SYSTEMPATH/CodeIgniter.php(471): CodeIgniter\CodeIgniter->createController()
 4 SYSTEMPATH/CodeIgniter.php(349): CodeIgniter\CodeIgniter->handleRequest(null, Object(Config\Cache), false)
 5 FCPATH/index.php(71): CodeIgniter\CodeIgniter->run()
CRITICAL - 2024-10-09 09:50:13 --> Creation of dynamic property App\Controllers\Admin\Banners::$model is deprecated
in APPPATH/Controllers/Admin/Banners.php on line 17.
 1 APPPATH/Controllers/Admin/Banners.php(17): CodeIgniter\Debug\Exceptions->errorHandler(8192, 'Creation of dynamic property App\\Controllers\\Admin\\Banners::$model is deprecated', 'APPPATH/Controllers/Admin/Banners.php', 17)
 2 SYSTEMPATH/CodeIgniter.php(887): App\Controllers\Admin\Banners->__construct()
 3 SYSTEMPATH/CodeIgniter.php(471): CodeIgniter\CodeIgniter->createController()
 4 SYSTEMPATH/CodeIgniter.php(349): CodeIgniter\CodeIgniter->handleRequest(null, Object(Config\Cache), false)
 5 FCPATH/index.php(71): CodeIgniter\CodeIgniter->run()
CRITICAL - 2024-10-09 09:50:43 --> Creation of dynamic property App\Controllers\Admin\Configuracoes::$modelGoogleAnalytics is deprecated
in APPPATH/Controllers/Admin/Configuracoes.php on line 19.
 1 APPPATH/Controllers/Admin/Configuracoes.php(19): CodeIgniter\Debug\Exceptions->errorHandler(8192, 'Creation of dynamic property App\\Controllers\\Admin\\Configuracoes::$modelGoogleAnalytics is deprecated', 'APPPATH/Controllers/Admin/Configuracoes.php', 19)
 2 SYSTEMPATH/CodeIgniter.php(887): App\Controllers\Admin\Configuracoes->__construct()
 3 SYSTEMPATH/CodeIgniter.php(471): CodeIgniter\CodeIgniter->createController()
 4 SYSTEMPATH/CodeIgniter.php(349): CodeIgniter\CodeIgniter->handleRequest(null, Object(Config\Cache), false)
 5 FCPATH/index.php(71): CodeIgniter\CodeIgniter->run()
CRITICAL - 2024-10-09 13:54:37 --> imagejpeg(https://colegioportalcuiaba.com.br/assets/dist/img/arquivo_foto_aluno/1728496408_9fff78cb451a5e2a69ce.jpeg): Failed to open stream: HTTP wrapper does not support writeable connections
in APPPATH/Controllers/Admin/SI_RequerimentoMatricula.php on line 193.
 1 [internal function]: CodeIgniter\Debug\Exceptions->errorHandler(2, 'imagejpeg(https://colegioportalcuiaba.com.br/assets/dist/img/arquivo_foto_aluno/1728496408_9fff78cb451a5e2a69ce.jpeg): Failed to open stream: HTTP wrapper does not support writeable connections', 'APPPATH/Controllers/Admin/SI_RequerimentoMatricula.php', 193)
 2 APPPATH/Controllers/Admin/SI_RequerimentoMatricula.php(193): imagejpeg(Object(GdImage), 'https://colegioportalcuiaba.com.br/assets/dist/img/arquivo_foto_aluno/1728496408_9fff78cb451a5e2a69ce.jpeg', 96)
 3 SYSTEMPATH/CodeIgniter.php(925): App\Controllers\Admin\SI_RequerimentoMatricula->adicionar_vetor()
 4 SYSTEMPATH/CodeIgniter.php(480): CodeIgniter\CodeIgniter->runController(Object(App\Controllers\Admin\SI_RequerimentoMatricula))
 5 SYSTEMPATH/CodeIgniter.php(349): CodeIgniter\CodeIgniter->handleRequest(null, Object(Config\Cache), false)
 6 FCPATH/index.php(71): CodeIgniter\CodeIgniter->run()
CRITICAL - 2024-10-09 13:58:38 --> Attempt to read property "id_grau" on array
in APPPATH/Controllers/Admin/SI_RequerimentoMatricula.php on line 134.
 1 APPPATH/Controllers/Admin/SI_RequerimentoMatricula.php(134): CodeIgniter\Debug\Exceptions->errorHandler(2, 'Attempt to read property "id_grau" on array', 'APPPATH/Controllers/Admin/SI_RequerimentoMatricula.php', 134)
 2 SYSTEMPATH/CodeIgniter.php(925): App\Controllers\Admin\SI_RequerimentoMatricula->adicionar_vetor()
 3 SYSTEMPATH/CodeIgniter.php(480): CodeIgniter\CodeIgniter->runController(Object(App\Controllers\Admin\SI_RequerimentoMatricula))
 4 SYSTEMPATH/CodeIgniter.php(349): CodeIgniter\CodeIgniter->handleRequest(null, Object(Config\Cache), false)
 5 FCPATH/index.php(71): CodeIgniter\CodeIgniter->run()
CRITICAL - 2024-10-09 13:58:48 --> imagejpeg(https://colegioportalcuiaba.com.br/assets/dist/img/arquivo_foto_aluno/1728496408_9fff78cb451a5e2a69ce.jpeg): Failed to open stream: HTTP wrapper does not support writeable connections
in APPPATH/Controllers/Admin/SI_RequerimentoMatricula.php on line 193.
 1 [internal function]: CodeIgniter\Debug\Exceptions->errorHandler(2, 'imagejpeg(https://colegioportalcuiaba.com.br/assets/dist/img/arquivo_foto_aluno/1728496408_9fff78cb451a5e2a69ce.jpeg): Failed to open stream: HTTP wrapper does not support writeable connections', 'APPPATH/Controllers/Admin/SI_RequerimentoMatricula.php', 193)
 2 APPPATH/Controllers/Admin/SI_RequerimentoMatricula.php(193): imagejpeg(Object(GdImage), 'https://colegioportalcuiaba.com.br/assets/dist/img/arquivo_foto_aluno/1728496408_9fff78cb451a5e2a69ce.jpeg', 96)
 3 SYSTEMPATH/CodeIgniter.php(925): App\Controllers\Admin\SI_RequerimentoMatricula->adicionar_vetor()
 4 SYSTEMPATH/CodeIgniter.php(480): CodeIgniter\CodeIgniter->runController(Object(App\Controllers\Admin\SI_RequerimentoMatricula))
 5 SYSTEMPATH/CodeIgniter.php(349): CodeIgniter\CodeIgniter->handleRequest(null, Object(Config\Cache), false)
 6 FCPATH/index.php(71): CodeIgniter\CodeIgniter->run()
CRITICAL - 2024-10-09 14:12:49 --> imagejpeg(https://colegioportalcuiaba.com.br/assets/dist/img/arquivo_foto_aluno/1728496408_9fff78cb451a5e2a69ce.jpeg): Failed to open stream: HTTP wrapper does not support writeable connections
in APPPATH/Controllers/Admin/SI_RequerimentoMatricula.php on line 193.
 1 [internal function]: CodeIgniter\Debug\Exceptions->errorHandler(2, 'imagejpeg(https://colegioportalcuiaba.com.br/assets/dist/img/arquivo_foto_aluno/1728496408_9fff78cb451a5e2a69ce.jpeg): Failed to open stream: HTTP wrapper does not support writeable connections', 'APPPATH/Controllers/Admin/SI_RequerimentoMatricula.php', 193)
 2 APPPATH/Controllers/Admin/SI_RequerimentoMatricula.php(193): imagejpeg(Object(GdImage), 'https://colegioportalcuiaba.com.br/assets/dist/img/arquivo_foto_aluno/1728496408_9fff78cb451a5e2a69ce.jpeg', 96)
 3 SYSTEMPATH/CodeIgniter.php(925): App\Controllers\Admin\SI_RequerimentoMatricula->adicionar_vetor()
 4 SYSTEMPATH/CodeIgniter.php(480): CodeIgniter\CodeIgniter->runController(Object(App\Controllers\Admin\SI_RequerimentoMatricula))
 5 SYSTEMPATH/CodeIgniter.php(349): CodeIgniter\CodeIgniter->handleRequest(null, Object(Config\Cache), false)
 6 FCPATH/index.php(71): CodeIgniter\CodeIgniter->run()
CRITICAL - 2024-10-09 14:20:07 --> imagejpeg(https://colegioportalcuiaba.com.br/assets/dist/img/arquivo_foto_aluno/1728496408_9fff78cb451a5e2a69ce.jpeg): Failed to open stream: HTTP wrapper does not support writeable connections
in APPPATH/Controllers/Admin/SI_RequerimentoMatricula.php on line 193.
 1 [internal function]: CodeIgniter\Debug\Exceptions->errorHandler(2, 'imagejpeg(https://colegioportalcuiaba.com.br/assets/dist/img/arquivo_foto_aluno/1728496408_9fff78cb451a5e2a69ce.jpeg): Failed to open stream: HTTP wrapper does not support writeable connections', 'APPPATH/Controllers/Admin/SI_RequerimentoMatricula.php', 193)
 2 APPPATH/Controllers/Admin/SI_RequerimentoMatricula.php(193): imagejpeg(Object(GdImage), 'https://colegioportalcuiaba.com.br/assets/dist/img/arquivo_foto_aluno/1728496408_9fff78cb451a5e2a69ce.jpeg', 96)
 3 SYSTEMPATH/CodeIgniter.php(925): App\Controllers\Admin\SI_RequerimentoMatricula->adicionar_vetor()
 4 SYSTEMPATH/CodeIgniter.php(480): CodeIgniter\CodeIgniter->runController(Object(App\Controllers\Admin\SI_RequerimentoMatricula))
 5 SYSTEMPATH/CodeIgniter.php(349): CodeIgniter\CodeIgniter->handleRequest(null, Object(Config\Cache), false)
 6 FCPATH/index.php(71): CodeIgniter\CodeIgniter->run()
CRITICAL - 2024-10-09 14:20:11 --> imagejpeg(https://colegioportalcuiaba.com.br/assets/dist/img/arquivo_foto_aluno/1728496408_9fff78cb451a5e2a69ce.jpeg): Failed to open stream: HTTP wrapper does not support writeable connections
in APPPATH/Controllers/Admin/SI_RequerimentoMatricula.php on line 193.
 1 [internal function]: CodeIgniter\Debug\Exceptions->errorHandler(2, 'imagejpeg(https://colegioportalcuiaba.com.br/assets/dist/img/arquivo_foto_aluno/1728496408_9fff78cb451a5e2a69ce.jpeg): Failed to open stream: HTTP wrapper does not support writeable connections', 'APPPATH/Controllers/Admin/SI_RequerimentoMatricula.php', 193)
 2 APPPATH/Controllers/Admin/SI_RequerimentoMatricula.php(193): imagejpeg(Object(GdImage), 'https://colegioportalcuiaba.com.br/assets/dist/img/arquivo_foto_aluno/1728496408_9fff78cb451a5e2a69ce.jpeg', 96)
 3 SYSTEMPATH/CodeIgniter.php(925): App\Controllers\Admin\SI_RequerimentoMatricula->adicionar_vetor()
 4 SYSTEMPATH/CodeIgniter.php(480): CodeIgniter\CodeIgniter->runController(Object(App\Controllers\Admin\SI_RequerimentoMatricula))
 5 SYSTEMPATH/CodeIgniter.php(349): CodeIgniter\CodeIgniter->handleRequest(null, Object(Config\Cache), false)
 6 FCPATH/index.php(71): CodeIgniter\CodeIgniter->run()
CRITICAL - 2024-10-09 14:31:41 --> imagejpeg(https://colegioportalcuiaba.com.br/assets/dist/img/arquivo_foto_aluno/1728496408_9fff78cb451a5e2a69ce.jpeg): Failed to open stream: HTTP wrapper does not support writeable connections
in APPPATH/Controllers/Admin/SI_RequerimentoMatricula.php on line 193.
 1 [internal function]: CodeIgniter\Debug\Exceptions->errorHandler(2, 'imagejpeg(https://colegioportalcuiaba.com.br/assets/dist/img/arquivo_foto_aluno/1728496408_9fff78cb451a5e2a69ce.jpeg): Failed to open stream: HTTP wrapper does not support writeable connections', 'APPPATH/Controllers/Admin/SI_RequerimentoMatricula.php', 193)
 2 APPPATH/Controllers/Admin/SI_RequerimentoMatricula.php(193): imagejpeg(Object(GdImage), 'https://colegioportalcuiaba.com.br/assets/dist/img/arquivo_foto_aluno/1728496408_9fff78cb451a5e2a69ce.jpeg', 96)
 3 SYSTEMPATH/CodeIgniter.php(925): App\Controllers\Admin\SI_RequerimentoMatricula->adicionar_vetor()
 4 SYSTEMPATH/CodeIgniter.php(480): CodeIgniter\CodeIgniter->runController(Object(App\Controllers\Admin\SI_RequerimentoMatricula))
 5 SYSTEMPATH/CodeIgniter.php(349): CodeIgniter\CodeIgniter->handleRequest(null, Object(Config\Cache), false)
 6 FCPATH/index.php(71): CodeIgniter\CodeIgniter->run()
CRITICAL - 2024-10-09 14:33:03 --> imagejpeg(https://colegioportalcuiaba.com.br/assets/dist/img/arquivo_foto_aluno/1728498763_6482af53406320c7756d.jpeg): Failed to open stream: HTTP wrapper does not support writeable connections
in APPPATH/Controllers/Admin/SI_RequerimentoMatricula.php on line 193.
 1 [internal function]: CodeIgniter\Debug\Exceptions->errorHandler(2, 'imagejpeg(https://colegioportalcuiaba.com.br/assets/dist/img/arquivo_foto_aluno/1728498763_6482af53406320c7756d.jpeg): Failed to open stream: HTTP wrapper does not support writeable connections', 'APPPATH/Controllers/Admin/SI_RequerimentoMatricula.php', 193)
 2 APPPATH/Controllers/Admin/SI_RequerimentoMatricula.php(193): imagejpeg(Object(GdImage), 'https://colegioportalcuiaba.com.br/assets/dist/img/arquivo_foto_aluno/1728498763_6482af53406320c7756d.jpeg', 96)
 3 SYSTEMPATH/CodeIgniter.php(925): App\Controllers\Admin\SI_RequerimentoMatricula->adicionar_vetor()
 4 SYSTEMPATH/CodeIgniter.php(480): CodeIgniter\CodeIgniter->runController(Object(App\Controllers\Admin\SI_RequerimentoMatricula))
 5 SYSTEMPATH/CodeIgniter.php(349): CodeIgniter\CodeIgniter->handleRequest(null, Object(Config\Cache), false)
 6 FCPATH/index.php(71): CodeIgniter\CodeIgniter->run()
CRITICAL - 2024-10-09 14:34:06 --> imagejpeg(https://colegioportalcuiaba.com.br/assets/dist/img/arquivo_foto_aluno/1728498763_6482af53406320c7756d.jpeg): Failed to open stream: HTTP wrapper does not support writeable connections
in APPPATH/Controllers/Admin/SI_RequerimentoMatricula.php on line 193.
 1 [internal function]: CodeIgniter\Debug\Exceptions->errorHandler(2, 'imagejpeg(https://colegioportalcuiaba.com.br/assets/dist/img/arquivo_foto_aluno/1728498763_6482af53406320c7756d.jpeg): Failed to open stream: HTTP wrapper does not support writeable connections', 'APPPATH/Controllers/Admin/SI_RequerimentoMatricula.php', 193)
 2 APPPATH/Controllers/Admin/SI_RequerimentoMatricula.php(193): imagejpeg(Object(GdImage), 'https://colegioportalcuiaba.com.br/assets/dist/img/arquivo_foto_aluno/1728498763_6482af53406320c7756d.jpeg', 96)
 3 SYSTEMPATH/CodeIgniter.php(925): App\Controllers\Admin\SI_RequerimentoMatricula->adicionar_vetor()
 4 SYSTEMPATH/CodeIgniter.php(480): CodeIgniter\CodeIgniter->runController(Object(App\Controllers\Admin\SI_RequerimentoMatricula))
 5 SYSTEMPATH/CodeIgniter.php(349): CodeIgniter\CodeIgniter->handleRequest(null, Object(Config\Cache), false)
 6 FCPATH/index.php(71): CodeIgniter\CodeIgniter->run()
CRITICAL - 2024-10-09 14:36:42 --> imagejpeg(https://colegioportalcuiaba.com.br/assets/dist/img/arquivo_foto_aluno/1728498989_0dd7e2ebce459f9e526c.jpeg): Failed to open stream: HTTP wrapper does not support writeable connections
in APPPATH/Controllers/Admin/SI_RequerimentoMatricula.php on line 193.
 1 [internal function]: CodeIgniter\Debug\Exceptions->errorHandler(2, 'imagejpeg(https://colegioportalcuiaba.com.br/assets/dist/img/arquivo_foto_aluno/1728498989_0dd7e2ebce459f9e526c.jpeg): Failed to open stream: HTTP wrapper does not support writeable connections', 'APPPATH/Controllers/Admin/SI_RequerimentoMatricula.php', 193)
 2 APPPATH/Controllers/Admin/SI_RequerimentoMatricula.php(193): imagejpeg(Object(GdImage), 'https://colegioportalcuiaba.com.br/assets/dist/img/arquivo_foto_aluno/1728498989_0dd7e2ebce459f9e526c.jpeg', 96)
 3 SYSTEMPATH/CodeIgniter.php(925): App\Controllers\Admin\SI_RequerimentoMatricula->adicionar_vetor()
 4 SYSTEMPATH/CodeIgniter.php(480): CodeIgniter\CodeIgniter->runController(Object(App\Controllers\Admin\SI_RequerimentoMatricula))
 5 SYSTEMPATH/CodeIgniter.php(349): CodeIgniter\CodeIgniter->handleRequest(null, Object(Config\Cache), false)
 6 FCPATH/index.php(71): CodeIgniter\CodeIgniter->run()
CRITICAL - 2024-10-09 14:39:00 --> imagejpeg(https://colegioportalcuiaba.com.br/assets/dist/img/arquivo_foto_aluno/1728499130_bc309de2d2246683b6b9.jpg): Failed to open stream: HTTP wrapper does not support writeable connections
in APPPATH/Controllers/Admin/SI_RequerimentoMatricula.php on line 193.
 1 [internal function]: CodeIgniter\Debug\Exceptions->errorHandler(2, 'imagejpeg(https://colegioportalcuiaba.com.br/assets/dist/img/arquivo_foto_aluno/1728499130_bc309de2d2246683b6b9.jpg): Failed to open stream: HTTP wrapper does not support writeable connections', 'APPPATH/Controllers/Admin/SI_RequerimentoMatricula.php', 193)
 2 APPPATH/Controllers/Admin/SI_RequerimentoMatricula.php(193): imagejpeg(Object(GdImage), 'https://colegioportalcuiaba.com.br/assets/dist/img/arquivo_foto_aluno/1728499130_bc309de2d2246683b6b9.jpg', 96)
 3 SYSTEMPATH/CodeIgniter.php(925): App\Controllers\Admin\SI_RequerimentoMatricula->adicionar_vetor()
 4 SYSTEMPATH/CodeIgniter.php(480): CodeIgniter\CodeIgniter->runController(Object(App\Controllers\Admin\SI_RequerimentoMatricula))
 5 SYSTEMPATH/CodeIgniter.php(349): CodeIgniter\CodeIgniter->handleRequest(null, Object(Config\Cache), false)
 6 FCPATH/index.php(71): CodeIgniter\CodeIgniter->run()
CRITICAL - 2024-10-09 14:39:02 --> imagejpeg(https://colegioportalcuiaba.com.br/assets/dist/img/arquivo_foto_aluno/1728499130_bc309de2d2246683b6b9.jpg): Failed to open stream: HTTP wrapper does not support writeable connections
in APPPATH/Controllers/Admin/SI_RequerimentoMatricula.php on line 193.
 1 [internal function]: CodeIgniter\Debug\Exceptions->errorHandler(2, 'imagejpeg(https://colegioportalcuiaba.com.br/assets/dist/img/arquivo_foto_aluno/1728499130_bc309de2d2246683b6b9.jpg): Failed to open stream: HTTP wrapper does not support writeable connections', 'APPPATH/Controllers/Admin/SI_RequerimentoMatricula.php', 193)
 2 APPPATH/Controllers/Admin/SI_RequerimentoMatricula.php(193): imagejpeg(Object(GdImage), 'https://colegioportalcuiaba.com.br/assets/dist/img/arquivo_foto_aluno/1728499130_bc309de2d2246683b6b9.jpg', 96)
 3 SYSTEMPATH/CodeIgniter.php(925): App\Controllers\Admin\SI_RequerimentoMatricula->adicionar_vetor()
 4 SYSTEMPATH/CodeIgniter.php(480): CodeIgniter\CodeIgniter->runController(Object(App\Controllers\Admin\SI_RequerimentoMatricula))
 5 SYSTEMPATH/CodeIgniter.php(349): CodeIgniter\CodeIgniter->handleRequest(null, Object(Config\Cache), false)
 6 FCPATH/index.php(71): CodeIgniter\CodeIgniter->run()
