CRITICAL - 2024-10-21 08:15:24 --> imagejpeg(https://colegioportalcuiaba.com.br/assets/dist/img/arquivo_foto_aluno/1729512897_802bfcc7116c5f9c6118.jpeg): Failed to open stream: HTTP wrapper does not support writeable connections
in APPPATH/Controllers/Admin/SI_RequerimentoMatricula.php on line 193.
 1 [internal function]: CodeIgniter\Debug\Exceptions->errorHandler(2, 'imagejpeg(https://colegioportalcuiaba.com.br/assets/dist/img/arquivo_foto_aluno/1729512897_802bfcc7116c5f9c6118.jpeg): Failed to open stream: HTTP wrapper does not support writeable connections', 'APPPATH/Controllers/Admin/SI_RequerimentoMatricula.php', 193)
 2 APPPATH/Controllers/Admin/SI_RequerimentoMatricula.php(193): imagejpeg(Object(GdImage), 'https://colegioportalcuiaba.com.br/assets/dist/img/arquivo_foto_aluno/1729512897_802bfcc7116c5f9c6118.jpeg', 96)
 3 SYSTEMPATH/CodeIgniter.php(925): App\Controllers\Admin\SI_RequerimentoMatricula->adicionar_vetor()
 4 SYSTEMPATH/CodeIgniter.php(480): CodeIgniter\CodeIgniter->runController(Object(App\Controllers\Admin\SI_RequerimentoMatricula))
 5 SYSTEMPATH/CodeIgniter.php(349): CodeIgniter\CodeIgniter->handleRequest(null, Object(Config\Cache), false)
 6 FCPATH/index.php(71): CodeIgniter\CodeIgniter->run()
CRITICAL - 2024-10-21 08:15:36 --> imagejpeg(https://colegioportalcuiaba.com.br/assets/dist/img/arquivo_foto_aluno/1729512897_802bfcc7116c5f9c6118.jpeg): Failed to open stream: HTTP wrapper does not support writeable connections
in APPPATH/Controllers/Admin/SI_RequerimentoMatricula.php on line 193.
 1 [internal function]: CodeIgniter\Debug\Exceptions->errorHandler(2, 'imagejpeg(https://colegioportalcuiaba.com.br/assets/dist/img/arquivo_foto_aluno/1729512897_802bfcc7116c5f9c6118.jpeg): Failed to open stream: HTTP wrapper does not support writeable connections', 'APPPATH/Controllers/Admin/SI_RequerimentoMatricula.php', 193)
 2 APPPATH/Controllers/Admin/SI_RequerimentoMatricula.php(193): imagejpeg(Object(GdImage), 'https://colegioportalcuiaba.com.br/assets/dist/img/arquivo_foto_aluno/1729512897_802bfcc7116c5f9c6118.jpeg', 96)
 3 SYSTEMPATH/CodeIgniter.php(925): App\Controllers\Admin\SI_RequerimentoMatricula->adicionar_vetor()
 4 SYSTEMPATH/CodeIgniter.php(480): CodeIgniter\CodeIgniter->runController(Object(App\Controllers\Admin\SI_RequerimentoMatricula))
 5 SYSTEMPATH/CodeIgniter.php(349): CodeIgniter\CodeIgniter->handleRequest(null, Object(Config\Cache), false)
 6 FCPATH/index.php(71): CodeIgniter\CodeIgniter->run()
CRITICAL - 2024-10-21 09:33:06 --> Class "App\Controllers\Admin\nota" not found
in APPPATH/Controllers/Admin/SI_Relatorios.php on line 5228.
 1 APPPATH/Controllers/Admin/SI_Relatorios.php(556): App\Controllers\Admin\monta_pdf_boletim_turma->render('355', null)
 2 SYSTEMPATH/CodeIgniter.php(925): App\Controllers\Admin\SI_Relatorios->gerar_boletim_turma('355')
 3 SYSTEMPATH/CodeIgniter.php(480): CodeIgniter\CodeIgniter->runController(Object(App\Controllers\Admin\SI_Relatorios))
 4 SYSTEMPATH/CodeIgniter.php(349): CodeIgniter\CodeIgniter->handleRequest(null, Object(Config\Cache), false)
 5 FCPATH/index.php(71): CodeIgniter\CodeIgniter->run()
CRITICAL - 2024-10-21 09:36:00 --> Class "App\Controllers\Admin\nota" not found
in APPPATH/Controllers/Admin/SI_Relatorios.php on line 5228.
 1 APPPATH/Controllers/Admin/SI_Relatorios.php(556): App\Controllers\Admin\monta_pdf_boletim_turma->render('355', '1035')
 2 SYSTEMPATH/CodeIgniter.php(925): App\Controllers\Admin\SI_Relatorios->gerar_boletim_turma('355', '1035')
 3 SYSTEMPATH/CodeIgniter.php(480): CodeIgniter\CodeIgniter->runController(Object(App\Controllers\Admin\SI_Relatorios))
 4 SYSTEMPATH/CodeIgniter.php(349): CodeIgniter\CodeIgniter->handleRequest(null, Object(Config\Cache), false)
 5 FCPATH/index.php(71): CodeIgniter\CodeIgniter->run()
CRITICAL - 2024-10-21 09:47:23 --> Class "App\Controllers\Admin\nota" not found
in APPPATH/Controllers/Admin/SI_Relatorios.php on line 4776.
 1 APPPATH/Controllers/Admin/SI_Relatorios.php(463): App\Controllers\Admin\visao_pagina_conteudo_relatorio__media_individual__todas_disciplinas__montar->render('366')
 2 SYSTEMPATH/CodeIgniter.php(925): App\Controllers\Admin\SI_Relatorios->media_individual_todas_disciplinas_send()
 3 SYSTEMPATH/CodeIgniter.php(480): CodeIgniter\CodeIgniter->runController(Object(App\Controllers\Admin\SI_Relatorios))
 4 SYSTEMPATH/CodeIgniter.php(349): CodeIgniter\CodeIgniter->handleRequest(null, Object(Config\Cache), false)
 5 FCPATH/index.php(71): CodeIgniter\CodeIgniter->run()
CRITICAL - 2024-10-21 13:45:39 --> imagejpeg(https://colegioportalcuiaba.com.br/assets/dist/img/arquivo_foto_aluno/1729532658_f4702802ed2be15710ac.jpeg): Failed to open stream: HTTP wrapper does not support writeable connections
in APPPATH/Controllers/Admin/SI_RequerimentoMatricula.php on line 193.
 1 [internal function]: CodeIgniter\Debug\Exceptions->errorHandler(2, 'imagejpeg(https://colegioportalcuiaba.com.br/assets/dist/img/arquivo_foto_aluno/1729532658_f4702802ed2be15710ac.jpeg): Failed to open stream: HTTP wrapper does not support writeable connections', 'APPPATH/Controllers/Admin/SI_RequerimentoMatricula.php', 193)
 2 APPPATH/Controllers/Admin/SI_RequerimentoMatricula.php(193): imagejpeg(Object(GdImage), 'https://colegioportalcuiaba.com.br/assets/dist/img/arquivo_foto_aluno/1729532658_f4702802ed2be15710ac.jpeg', 96)
 3 SYSTEMPATH/CodeIgniter.php(925): App\Controllers\Admin\SI_RequerimentoMatricula->adicionar_vetor()
 4 SYSTEMPATH/CodeIgniter.php(480): CodeIgniter\CodeIgniter->runController(Object(App\Controllers\Admin\SI_RequerimentoMatricula))
 5 SYSTEMPATH/CodeIgniter.php(349): CodeIgniter\CodeIgniter->handleRequest(null, Object(Config\Cache), false)
 6 FCPATH/index.php(71): CodeIgniter\CodeIgniter->run()
CRITICAL - 2024-10-21 13:46:00 --> imagejpeg(https://colegioportalcuiaba.com.br/assets/dist/img/arquivo_foto_aluno/1729532658_f4702802ed2be15710ac.jpeg): Failed to open stream: HTTP wrapper does not support writeable connections
in APPPATH/Controllers/Admin/SI_RequerimentoMatricula.php on line 193.
 1 [internal function]: CodeIgniter\Debug\Exceptions->errorHandler(2, 'imagejpeg(https://colegioportalcuiaba.com.br/assets/dist/img/arquivo_foto_aluno/1729532658_f4702802ed2be15710ac.jpeg): Failed to open stream: HTTP wrapper does not support writeable connections', 'APPPATH/Controllers/Admin/SI_RequerimentoMatricula.php', 193)
 2 APPPATH/Controllers/Admin/SI_RequerimentoMatricula.php(193): imagejpeg(Object(GdImage), 'https://colegioportalcuiaba.com.br/assets/dist/img/arquivo_foto_aluno/1729532658_f4702802ed2be15710ac.jpeg', 96)
 3 SYSTEMPATH/CodeIgniter.php(925): App\Controllers\Admin\SI_RequerimentoMatricula->adicionar_vetor()
 4 SYSTEMPATH/CodeIgniter.php(480): CodeIgniter\CodeIgniter->runController(Object(App\Controllers\Admin\SI_RequerimentoMatricula))
 5 SYSTEMPATH/CodeIgniter.php(349): CodeIgniter\CodeIgniter->handleRequest(null, Object(Config\Cache), false)
 6 FCPATH/index.php(71): CodeIgniter\CodeIgniter->run()
CRITICAL - 2024-10-21 14:38:16 --> Class "App\Controllers\Admin\nota" not found
in APPPATH/Controllers/Admin/SI_Relatorios.php on line 5228.
 1 APPPATH/Controllers/Admin/SI_Relatorios.php(556): App\Controllers\Admin\monta_pdf_boletim_turma->render('361', null)
 2 SYSTEMPATH/CodeIgniter.php(925): App\Controllers\Admin\SI_Relatorios->gerar_boletim_turma('361')
 3 SYSTEMPATH/CodeIgniter.php(480): CodeIgniter\CodeIgniter->runController(Object(App\Controllers\Admin\SI_Relatorios))
 4 SYSTEMPATH/CodeIgniter.php(349): CodeIgniter\CodeIgniter->handleRequest(null, Object(Config\Cache), false)
 5 FCPATH/index.php(71): CodeIgniter\CodeIgniter->run()
CRITICAL - 2024-10-21 14:38:24 --> Class "App\Controllers\Admin\nota" not found
in APPPATH/Controllers/Admin/SI_Relatorios.php on line 5228.
 1 APPPATH/Controllers/Admin/SI_Relatorios.php(556): App\Controllers\Admin\monta_pdf_boletim_turma->render('361', null)
 2 SYSTEMPATH/CodeIgniter.php(925): App\Controllers\Admin\SI_Relatorios->gerar_boletim_turma('361')
 3 SYSTEMPATH/CodeIgniter.php(480): CodeIgniter\CodeIgniter->runController(Object(App\Controllers\Admin\SI_Relatorios))
 4 SYSTEMPATH/CodeIgniter.php(349): CodeIgniter\CodeIgniter->handleRequest(null, Object(Config\Cache), false)
 5 FCPATH/index.php(71): CodeIgniter\CodeIgniter->run()
CRITICAL - 2024-10-21 14:38:28 --> Class "App\Controllers\Admin\nota" not found
in APPPATH/Controllers/Admin/SI_Relatorios.php on line 5228.
 1 APPPATH/Controllers/Admin/SI_Relatorios.php(556): App\Controllers\Admin\monta_pdf_boletim_turma->render('361', '1082')
 2 SYSTEMPATH/CodeIgniter.php(925): App\Controllers\Admin\SI_Relatorios->gerar_boletim_turma('361', '1082')
 3 SYSTEMPATH/CodeIgniter.php(480): CodeIgniter\CodeIgniter->runController(Object(App\Controllers\Admin\SI_Relatorios))
 4 SYSTEMPATH/CodeIgniter.php(349): CodeIgniter\CodeIgniter->handleRequest(null, Object(Config\Cache), false)
 5 FCPATH/index.php(71): CodeIgniter\CodeIgniter->run()
CRITICAL - 2024-10-21 14:40:08 --> Class "App\Controllers\Admin\nota" not found
in APPPATH/Controllers/Admin/SI_Relatorios.php on line 5228.
 1 APPPATH/Controllers/Admin/SI_Relatorios.php(556): App\Controllers\Admin\monta_pdf_boletim_turma->render('361', '1025')
 2 SYSTEMPATH/CodeIgniter.php(925): App\Controllers\Admin\SI_Relatorios->gerar_boletim_turma('361', '1025')
 3 SYSTEMPATH/CodeIgniter.php(480): CodeIgniter\CodeIgniter->runController(Object(App\Controllers\Admin\SI_Relatorios))
 4 SYSTEMPATH/CodeIgniter.php(349): CodeIgniter\CodeIgniter->handleRequest(null, Object(Config\Cache), false)
 5 FCPATH/index.php(71): CodeIgniter\CodeIgniter->run()
CRITICAL - 2024-10-21 14:40:18 --> Class "App\Controllers\Admin\nota" not found
in APPPATH/Controllers/Admin/SI_Relatorios.php on line 5228.
 1 APPPATH/Controllers/Admin/SI_Relatorios.php(556): App\Controllers\Admin\monta_pdf_boletim_turma->render('363', null)
 2 SYSTEMPATH/CodeIgniter.php(925): App\Controllers\Admin\SI_Relatorios->gerar_boletim_turma('363')
 3 SYSTEMPATH/CodeIgniter.php(480): CodeIgniter\CodeIgniter->runController(Object(App\Controllers\Admin\SI_Relatorios))
 4 SYSTEMPATH/CodeIgniter.php(349): CodeIgniter\CodeIgniter->handleRequest(null, Object(Config\Cache), false)
 5 FCPATH/index.php(71): CodeIgniter\CodeIgniter->run()
ERROR - 2024-10-21 16:07:08 --> Error connecting to the database: ErrorException: mysqli::real_connect(): php_network_getaddresses: getaddrinfo for colegioportal.mysql.dbaas.com.br failed: Name or service not known in /home/storage/4/8f/cf/colegioportalcui1/public_html/project/system/Database/MySQLi/Connection.php:170
Stack trace:
#0 [internal function]: CodeIgniter\Debug\Exceptions->errorHandler(2, 'mysqli::real_co...', '/home/storage/4...', 170)
#1 /home/storage/4/8f/cf/colegioportalcui1/public_html/project/system/Database/MySQLi/Connection.php(170): mysqli->real_connect('colegioportal.m...', 'colegioportal', Object(SensitiveParameterValue), 'colegioportal', 3306, '', 0)
#2 /home/storage/4/8f/cf/colegioportalcui1/public_html/project/system/Database/BaseConnection.php(382): CodeIgniter\Database\MySQLi\Connection->connect(false)
#3 /home/storage/4/8f/cf/colegioportalcui1/public_html/project/system/Database/BaseConnection.php(561): CodeIgniter\Database\BaseConnection->initialize()
#4 /home/storage/4/8f/cf/colegioportalcui1/public_html/project/system/Database/BaseBuilder.php(1585): CodeIgniter\Database\BaseConnection->query('SELECT *\nFROM `...', Array, false)
#5 /home/storage/4/8f/cf/colegioportalcui1/public_html/project/system/Model.php(240): CodeIgniter\Database\BaseBuilder->get()
#6 /home/storage/4/8f/cf/colegioportalcui1/public_html/project/system/BaseModel.php(586): CodeIgniter\Model->doFindAll(0, 0)
#7 /home/storage/4/8f/cf/colegioportalcui1/public_html/project/app/Controllers/Site/Home.php(35): CodeIgniter\BaseModel->findAll()
#8 /home/storage/4/8f/cf/colegioportalcui1/public_html/project/system/CodeIgniter.php(925): App\Controllers\Site\Home->index()
#9 /home/storage/4/8f/cf/colegioportalcui1/public_html/project/system/CodeIgniter.php(480): CodeIgniter\CodeIgniter->runController(Object(App\Controllers\Site\Home))
#10 /home/storage/4/8f/cf/colegioportalcui1/public_html/project/system/CodeIgniter.php(349): CodeIgniter\CodeIgniter->handleRequest(NULL, Object(Config\Cache), false)
#11 /home/storage/4/8f/cf/colegioportalcui1/public_html/index.php(71): CodeIgniter\CodeIgniter->run()
#12 {main}

Next mysqli_sql_exception: php_network_getaddresses: getaddrinfo for colegioportal.mysql.dbaas.com.br failed: Name or service not known in /home/storage/4/8f/cf/colegioportalcui1/public_html/project/system/Database/MySQLi/Connection.php:170
Stack trace:
#0 /home/storage/4/8f/cf/colegioportalcui1/public_html/project/system/Database/MySQLi/Connection.php(170): mysqli->real_connect('colegioportal.m...', 'colegioportal', Object(SensitiveParameterValue), 'colegioportal', 3306, '', 0)
#1 /home/storage/4/8f/cf/colegioportalcui1/public_html/project/system/Database/BaseConnection.php(382): CodeIgniter\Database\MySQLi\Connection->connect(false)
#2 /home/storage/4/8f/cf/colegioportalcui1/public_html/project/system/Database/BaseConnection.php(561): CodeIgniter\Database\BaseConnection->initialize()
#3 /home/storage/4/8f/cf/colegioportalcui1/public_html/project/system/Database/BaseBuilder.php(1585): CodeIgniter\Database\BaseConnection->query('SELECT *\nFROM `...', Array, false)
#4 /home/storage/4/8f/cf/colegioportalcui1/public_html/project/system/Model.php(240): CodeIgniter\Database\BaseBuilder->get()
#5 /home/storage/4/8f/cf/colegioportalcui1/public_html/project/system/BaseModel.php(586): CodeIgniter\Model->doFindAll(0, 0)
#6 /home/storage/4/8f/cf/colegioportalcui1/public_html/project/app/Controllers/Site/Home.php(35): CodeIgniter\BaseModel->findAll()
#7 /home/storage/4/8f/cf/colegioportalcui1/public_html/project/system/CodeIgniter.php(925): App\Controllers\Site\Home->index()
#8 /home/storage/4/8f/cf/colegioportalcui1/public_html/project/system/CodeIgniter.php(480): CodeIgniter\CodeIgniter->runController(Object(App\Controllers\Site\Home))
#9 /home/storage/4/8f/cf/colegioportalcui1/public_html/project/system/CodeIgniter.php(349): CodeIgniter\CodeIgniter->handleRequest(NULL, Object(Config\Cache), false)
#10 /home/storage/4/8f/cf/colegioportalcui1/public_html/index.php(71): CodeIgniter\CodeIgniter->run()
#11 {main}

Next CodeIgniter\Database\Exceptions\DatabaseException: php_network_getaddresses: getaddrinfo for ****.mysql.dbaas.com.br failed: Name or service not known in /home/storage/4/8f/cf/colegioportalcui1/public_html/project/system/Database/MySQLi/Connection.php:215
Stack trace:
#0 /home/storage/4/8f/cf/colegioportalcui1/public_html/project/system/Database/BaseConnection.php(382): CodeIgniter\Database\MySQLi\Connection->connect(false)
#1 /home/storage/4/8f/cf/colegioportalcui1/public_html/project/system/Database/BaseConnection.php(561): CodeIgniter\Database\BaseConnection->initialize()
#2 /home/storage/4/8f/cf/colegioportalcui1/public_html/project/system/Database/BaseBuilder.php(1585): CodeIgniter\Database\BaseConnection->query('SELECT *\nFROM `...', Array, false)
#3 /home/storage/4/8f/cf/colegioportalcui1/public_html/project/system/Model.php(240): CodeIgniter\Database\BaseBuilder->get()
#4 /home/storage/4/8f/cf/colegioportalcui1/public_html/project/system/BaseModel.php(586): CodeIgniter\Model->doFindAll(0, 0)
#5 /home/storage/4/8f/cf/colegioportalcui1/public_html/project/app/Controllers/Site/Home.php(35): CodeIgniter\BaseModel->findAll()
#6 /home/storage/4/8f/cf/colegioportalcui1/public_html/project/system/CodeIgniter.php(925): App\Controllers\Site\Home->index()
#7 /home/storage/4/8f/cf/colegioportalcui1/public_html/project/system/CodeIgniter.php(480): CodeIgniter\CodeIgniter->runController(Object(App\Controllers\Site\Home))
#8 /home/storage/4/8f/cf/colegioportalcui1/public_html/project/system/CodeIgniter.php(349): CodeIgniter\CodeIgniter->handleRequest(NULL, Object(Config\Cache), false)
#9 /home/storage/4/8f/cf/colegioportalcui1/public_html/index.php(71): CodeIgniter\CodeIgniter->run()
#10 {main}
CRITICAL - 2024-10-21 16:07:08 --> Unable to connect to the database.
Main connection [MySQLi]: php_network_getaddresses: getaddrinfo for ****.mysql.dbaas.com.br failed: Name or service not known
in SYSTEMPATH/Database/BaseConnection.php on line 418.
 1 SYSTEMPATH/Database/BaseConnection.php(561): CodeIgniter\Database\BaseConnection->initialize()
 2 SYSTEMPATH/Database/BaseBuilder.php(1585): CodeIgniter\Database\BaseConnection->query('SELECT *
FROM `galeria_imagens`
WHERE `idGaleria` = :idGaleria:
AND `galeria_imagens`.`deleted_at` IS NULL', [...], false)
 3 SYSTEMPATH/Model.php(240): CodeIgniter\Database\BaseBuilder->get()
 4 SYSTEMPATH/BaseModel.php(586): CodeIgniter\Model->doFindAll(0, 0)
 5 APPPATH/Controllers/Site/Home.php(35): CodeIgniter\BaseModel->findAll()
 6 SYSTEMPATH/CodeIgniter.php(925): App\Controllers\Site\Home->index()
 7 SYSTEMPATH/CodeIgniter.php(480): CodeIgniter\CodeIgniter->runController(Object(App\Controllers\Site\Home))
 8 SYSTEMPATH/CodeIgniter.php(349): CodeIgniter\CodeIgniter->handleRequest(null, Object(Config\Cache), false)
 9 FCPATH/index.php(71): CodeIgniter\CodeIgniter->run()
CRITICAL - 2024-10-21 20:03:55 --> Class "App\Controllers\Admin\nota" not found
in APPPATH/Controllers/Admin/SI_Relatorios.php on line 5228.
 1 APPPATH/Controllers/Admin/SI_Relatorios.php(556): App\Controllers\Admin\monta_pdf_boletim_turma->render('369', '516')
 2 SYSTEMPATH/CodeIgniter.php(925): App\Controllers\Admin\SI_Relatorios->gerar_boletim_turma('369', '516')
 3 SYSTEMPATH/CodeIgniter.php(480): CodeIgniter\CodeIgniter->runController(Object(App\Controllers\Admin\SI_Relatorios))
 4 SYSTEMPATH/CodeIgniter.php(349): CodeIgniter\CodeIgniter->handleRequest(null, Object(Config\Cache), false)
 5 FCPATH/index.php(72): CodeIgniter\CodeIgniter->run()
CRITICAL - 2024-10-21 20:04:03 --> Class "App\Controllers\Admin\nota" not found
in APPPATH/Controllers/Admin/SI_Relatorios.php on line 5228.
 1 APPPATH/Controllers/Admin/SI_Relatorios.php(556): App\Controllers\Admin\monta_pdf_boletim_turma->render('369', '517')
 2 SYSTEMPATH/CodeIgniter.php(925): App\Controllers\Admin\SI_Relatorios->gerar_boletim_turma('369', '517')
 3 SYSTEMPATH/CodeIgniter.php(480): CodeIgniter\CodeIgniter->runController(Object(App\Controllers\Admin\SI_Relatorios))
 4 SYSTEMPATH/CodeIgniter.php(349): CodeIgniter\CodeIgniter->handleRequest(null, Object(Config\Cache), false)
 5 FCPATH/index.php(72): CodeIgniter\CodeIgniter->run()
CRITICAL - 2024-10-21 20:04:35 --> Class "App\Controllers\Admin\nota" not found
in APPPATH/Controllers/Admin/SI_Relatorios.php on line 5228.
 1 APPPATH/Controllers/Admin/SI_Relatorios.php(556): App\Controllers\Admin\monta_pdf_boletim_turma->render('369', '516')
 2 SYSTEMPATH/CodeIgniter.php(925): App\Controllers\Admin\SI_Relatorios->gerar_boletim_turma('369', '516')
 3 SYSTEMPATH/CodeIgniter.php(480): CodeIgniter\CodeIgniter->runController(Object(App\Controllers\Admin\SI_Relatorios))
 4 SYSTEMPATH/CodeIgniter.php(349): CodeIgniter\CodeIgniter->handleRequest(null, Object(Config\Cache), false)
 5 FCPATH/index.php(72): CodeIgniter\CodeIgniter->run()
CRITICAL - 2024-10-21 20:05:40 --> Class "App\Controllers\Admin\nota" not found
in APPPATH/Controllers/Admin/SI_Relatorios.php on line 5228.
 1 APPPATH/Controllers/Admin/SI_Relatorios.php(556): App\Controllers\Admin\monta_pdf_boletim_turma->render('369', '516')
 2 SYSTEMPATH/CodeIgniter.php(925): App\Controllers\Admin\SI_Relatorios->gerar_boletim_turma('369', '516')
 3 SYSTEMPATH/CodeIgniter.php(480): CodeIgniter\CodeIgniter->runController(Object(App\Controllers\Admin\SI_Relatorios))
 4 SYSTEMPATH/CodeIgniter.php(349): CodeIgniter\CodeIgniter->handleRequest(null, Object(Config\Cache), false)
 5 FCPATH/index.php(72): CodeIgniter\CodeIgniter->run()
CRITICAL - 2024-10-21 20:06:37 --> Class "App\Controllers\Admin\calculo" not found
in APPPATH/Controllers/Admin/nota.php on line 587.
 1 APPPATH/Controllers/Admin/nota.php(439): App\Controllers\Admin\nota->get_media_trimestral_2021_em_diante('9a', 'p', '9.4', '8.3', '9.0', '9.0', '5.9', '10.0')
 2 APPPATH/Controllers/Admin/nota.php(418): App\Controllers\Admin\nota->get_media_trimestral('9a', 'p', '9.4', '8.3', '9.0', '9.0', '5.9', '10.0', '2024')
 3 APPPATH/Controllers/Admin/nota.php(1458): App\Controllers\Admin\nota->get_media_trimestral_periodo_anual('9a', '516', 'p', '369', 1)
 4 APPPATH/Controllers/Admin/SI_Relatorios.php(5257): App\Controllers\Admin\nota->get_media_turma('369', 'p', 1)
 5 APPPATH/Controllers/Admin/SI_Relatorios.php(556): App\Controllers\Admin\monta_pdf_boletim_turma->render('369', '516')
 6 SYSTEMPATH/CodeIgniter.php(925): App\Controllers\Admin\SI_Relatorios->gerar_boletim_turma('369', '516')
 7 SYSTEMPATH/CodeIgniter.php(480): CodeIgniter\CodeIgniter->runController(Object(App\Controllers\Admin\SI_Relatorios))
 8 SYSTEMPATH/CodeIgniter.php(349): CodeIgniter\CodeIgniter->handleRequest(null, Object(Config\Cache), false)
 9 FCPATH/index.php(72): CodeIgniter\CodeIgniter->run()
