CRITICAL - 2024-10-29 10:49:07 --> Creation of dynamic property App\Controllers\Admin\relatorio_tarefas_pdf::$disciplina is deprecated
in APPPATH/Controllers/Admin/SI_Relatorios.php on line 1520.
 1 APPPATH/Controllers/Admin/SI_Relatorios.php(1520): CodeIgniter\Debug\Exceptions->errorHandler(8192, 'Creation of dynamic property App\\Controllers\\Admin\\relatorio_tarefas_pdf::$disciplina is deprecated', 'APPPATH/Controllers/Admin/SI_Relatorios.php', 1520)
 2 APPPATH/Controllers/Admin/SI_Relatorios.php(1795): App\Controllers\Admin\relatorio_tarefas_pdf->set_vetores('5ยบ ANO B', '2024', '_____________________________ ', [...])
 3 APPPATH/Controllers/Admin/SI_Relatorios.php(178): App\Controllers\Admin\relatorio_tarefas_montar->render('364', true, '364', '2024')
 4 APPPATH/Controllers/Admin/SI_Relatorios.php(59): App\Controllers\Admin\SI_Relatorios->listas_tarefas('364', '2024')
 5 SYSTEMPATH/CodeIgniter.php(925): App\Controllers\Admin\SI_Relatorios->listas_send()
 6 SYSTEMPATH/CodeIgniter.php(480): CodeIgniter\CodeIgniter->runController(Object(App\Controllers\Admin\SI_Relatorios))
 7 SYSTEMPATH/CodeIgniter.php(349): CodeIgniter\CodeIgniter->handleRequest(null, Object(Config\Cache), false)
 8 FCPATH/index.php(72): CodeIgniter\CodeIgniter->run()
ERROR - 2024-10-29 12:54:24 --> Error connecting to the database: ErrorException: mysqli::real_connect(): php_network_getaddresses: getaddrinfo for colegioportal.mysql.dbaas.com.br failed: Name or service not known in /home/storage/4/8f/cf/colegioportalcui1/public_html/project/system/Database/MySQLi/Connection.php:170
Stack trace:
#0 [internal function]: CodeIgniter\Debug\Exceptions->errorHandler(2, 'mysqli::real_co...', '/home/storage/4...', 170)
#1 /home/storage/4/8f/cf/colegioportalcui1/public_html/project/system/Database/MySQLi/Connection.php(170): mysqli->real_connect('colegioportal.m...', 'colegioportal', Object(SensitiveParameterValue), 'colegioportal', 3306, '', 0)
#2 /home/storage/4/8f/cf/colegioportalcui1/public_html/project/system/Database/BaseConnection.php(382): CodeIgniter\Database\MySQLi\Connection->connect(false)
#3 /home/storage/4/8f/cf/colegioportalcui1/public_html/project/system/Database/BaseConnection.php(561): CodeIgniter\Database\BaseConnection->initialize()
#4 /home/storage/4/8f/cf/colegioportalcui1/public_html/project/system/Database/BaseBuilder.php(1585): CodeIgniter\Database\BaseConnection->query('SELECT *\nFROM `...', Array, false)
#5 /home/storage/4/8f/cf/colegioportalcui1/public_html/project/system/Model.php(240): CodeIgniter\Database\BaseBuilder->get()
#6 /home/storage/4/8f/cf/colegioportalcui1/public_html/project/system/BaseModel.php(586): CodeIgniter\Model->doFindAll(0, 0)
#7 /home/storage/4/8f/cf/colegioportalcui1/public_html/project/app/Controllers/Site/Home.php(35): CodeIgniter\BaseModel->findAll()
#8 /home/storage/4/8f/cf/colegioportalcui1/public_html/project/system/CodeIgniter.php(925): App\Controllers\Site\Home->index()
#9 /home/storage/4/8f/cf/colegioportalcui1/public_html/project/system/CodeIgniter.php(480): CodeIgniter\CodeIgniter->runController(Object(App\Controllers\Site\Home))
#10 /home/storage/4/8f/cf/colegioportalcui1/public_html/project/system/CodeIgniter.php(349): CodeIgniter\CodeIgniter->handleRequest(NULL, Object(Config\Cache), false)
#11 /home/storage/4/8f/cf/colegioportalcui1/public_html/index.php(72): CodeIgniter\CodeIgniter->run()
#12 {main}

Next mysqli_sql_exception: php_network_getaddresses: getaddrinfo for colegioportal.mysql.dbaas.com.br failed: Name or service not known in /home/storage/4/8f/cf/colegioportalcui1/public_html/project/system/Database/MySQLi/Connection.php:170
Stack trace:
#0 /home/storage/4/8f/cf/colegioportalcui1/public_html/project/system/Database/MySQLi/Connection.php(170): mysqli->real_connect('colegioportal.m...', 'colegioportal', Object(SensitiveParameterValue), 'colegioportal', 3306, '', 0)
#1 /home/storage/4/8f/cf/colegioportalcui1/public_html/project/system/Database/BaseConnection.php(382): CodeIgniter\Database\MySQLi\Connection->connect(false)
#2 /home/storage/4/8f/cf/colegioportalcui1/public_html/project/system/Database/BaseConnection.php(561): CodeIgniter\Database\BaseConnection->initialize()
#3 /home/storage/4/8f/cf/colegioportalcui1/public_html/project/system/Database/BaseBuilder.php(1585): CodeIgniter\Database\BaseConnection->query('SELECT *\nFROM `...', Array, false)
#4 /home/storage/4/8f/cf/colegioportalcui1/public_html/project/system/Model.php(240): CodeIgniter\Database\BaseBuilder->get()
#5 /home/storage/4/8f/cf/colegioportalcui1/public_html/project/system/BaseModel.php(586): CodeIgniter\Model->doFindAll(0, 0)
#6 /home/storage/4/8f/cf/colegioportalcui1/public_html/project/app/Controllers/Site/Home.php(35): CodeIgniter\BaseModel->findAll()
#7 /home/storage/4/8f/cf/colegioportalcui1/public_html/project/system/CodeIgniter.php(925): App\Controllers\Site\Home->index()
#8 /home/storage/4/8f/cf/colegioportalcui1/public_html/project/system/CodeIgniter.php(480): CodeIgniter\CodeIgniter->runController(Object(App\Controllers\Site\Home))
#9 /home/storage/4/8f/cf/colegioportalcui1/public_html/project/system/CodeIgniter.php(349): CodeIgniter\CodeIgniter->handleRequest(NULL, Object(Config\Cache), false)
#10 /home/storage/4/8f/cf/colegioportalcui1/public_html/index.php(72): CodeIgniter\CodeIgniter->run()
#11 {main}

Next CodeIgniter\Database\Exceptions\DatabaseException: php_network_getaddresses: getaddrinfo for ****.mysql.dbaas.com.br failed: Name or service not known in /home/storage/4/8f/cf/colegioportalcui1/public_html/project/system/Database/MySQLi/Connection.php:215
Stack trace:
#0 /home/storage/4/8f/cf/colegioportalcui1/public_html/project/system/Database/BaseConnection.php(382): CodeIgniter\Database\MySQLi\Connection->connect(false)
#1 /home/storage/4/8f/cf/colegioportalcui1/public_html/project/system/Database/BaseConnection.php(561): CodeIgniter\Database\BaseConnection->initialize()
#2 /home/storage/4/8f/cf/colegioportalcui1/public_html/project/system/Database/BaseBuilder.php(1585): CodeIgniter\Database\BaseConnection->query('SELECT *\nFROM `...', Array, false)
#3 /home/storage/4/8f/cf/colegioportalcui1/public_html/project/system/Model.php(240): CodeIgniter\Database\BaseBuilder->get()
#4 /home/storage/4/8f/cf/colegioportalcui1/public_html/project/system/BaseModel.php(586): CodeIgniter\Model->doFindAll(0, 0)
#5 /home/storage/4/8f/cf/colegioportalcui1/public_html/project/app/Controllers/Site/Home.php(35): CodeIgniter\BaseModel->findAll()
#6 /home/storage/4/8f/cf/colegioportalcui1/public_html/project/system/CodeIgniter.php(925): App\Controllers\Site\Home->index()
#7 /home/storage/4/8f/cf/colegioportalcui1/public_html/project/system/CodeIgniter.php(480): CodeIgniter\CodeIgniter->runController(Object(App\Controllers\Site\Home))
#8 /home/storage/4/8f/cf/colegioportalcui1/public_html/project/system/CodeIgniter.php(349): CodeIgniter\CodeIgniter->handleRequest(NULL, Object(Config\Cache), false)
#9 /home/storage/4/8f/cf/colegioportalcui1/public_html/index.php(72): CodeIgniter\CodeIgniter->run()
#10 {main}
CRITICAL - 2024-10-29 12:54:24 --> Unable to connect to the database.
Main connection [MySQLi]: php_network_getaddresses: getaddrinfo for ****.mysql.dbaas.com.br failed: Name or service not known
in SYSTEMPATH/Database/BaseConnection.php on line 418.
 1 SYSTEMPATH/Database/BaseConnection.php(561): CodeIgniter\Database\BaseConnection->initialize()
 2 SYSTEMPATH/Database/BaseBuilder.php(1585): CodeIgniter\Database\BaseConnection->query('SELECT *
FROM `galeria_imagens`
WHERE `idGaleria` = :idGaleria:
AND `galeria_imagens`.`deleted_at` IS NULL', [...], false)
 3 SYSTEMPATH/Model.php(240): CodeIgniter\Database\BaseBuilder->get()
 4 SYSTEMPATH/BaseModel.php(586): CodeIgniter\Model->doFindAll(0, 0)
 5 APPPATH/Controllers/Site/Home.php(35): CodeIgniter\BaseModel->findAll()
 6 SYSTEMPATH/CodeIgniter.php(925): App\Controllers\Site\Home->index()
 7 SYSTEMPATH/CodeIgniter.php(480): CodeIgniter\CodeIgniter->runController(Object(App\Controllers\Site\Home))
 8 SYSTEMPATH/CodeIgniter.php(349): CodeIgniter\CodeIgniter->handleRequest(null, Object(Config\Cache), false)
 9 FCPATH/index.php(72): CodeIgniter\CodeIgniter->run()
CRITICAL - 2024-10-29 16:00:11 --> unlink(/home/storage/4/8f/cf/colegioportalcui1/public_html/project/writable/debugbar/debugbar_1730227002.259217.json): No such file or directory
in SYSTEMPATH/Debug/Toolbar/Collectors/History.php on line 76.
 1 [internal function]: CodeIgniter\Debug\Exceptions->errorHandler(2, 'unlink(/home/storage/4/8f/cf/colegioportalcui1/public_html/project/writable/debugbar/debugbar_1730227002.259217.json): No such file or directory', 'SYSTEMPATH/Debug/Toolbar/Collectors/History.php', 76)
 2 SYSTEMPATH/Debug/Toolbar/Collectors/History.php(76): unlink('FCPATH/project/writable/debugbar/debugbar_1730227002.259217.json')
 3 SYSTEMPATH/Debug/Toolbar.php(499): CodeIgniter\Debug\Toolbar\Collectors\History->setFiles('1730232011.062956', 20)
 4 SYSTEMPATH/Debug/Toolbar.php(478): CodeIgniter\Debug\Toolbar->format([...], 'html')
 5 APPPATH/Config/Events.php(46): CodeIgniter\Debug\Toolbar->respond()
 6 SYSTEMPATH/Events/Events.php(149): CodeIgniter\Events\Events::Config\{closure}()
 7 SYSTEMPATH/CodeIgniter.php(326): CodeIgniter\Events\Events::trigger('pre_system')
 8 FCPATH/index.php(72): CodeIgniter\CodeIgniter->run()
CRITICAL - 2024-10-29 16:18:45 --> unlink(/home/storage/4/8f/cf/colegioportalcui1/public_html/project/writable/debugbar/debugbar_1730231912.664568.json): No such file or directory
in SYSTEMPATH/Debug/Toolbar/Collectors/History.php on line 76.
 1 [internal function]: CodeIgniter\Debug\Exceptions->errorHandler(2, 'unlink(/home/storage/4/8f/cf/colegioportalcui1/public_html/project/writable/debugbar/debugbar_1730231912.664568.json): No such file or directory', 'SYSTEMPATH/Debug/Toolbar/Collectors/History.php', 76)
 2 SYSTEMPATH/Debug/Toolbar/Collectors/History.php(76): unlink('FCPATH/project/writable/debugbar/debugbar_1730231912.664568.json')
 3 SYSTEMPATH/Debug/Toolbar.php(499): CodeIgniter\Debug\Toolbar\Collectors\History->setFiles('1730233101.850303', 20)
 4 SYSTEMPATH/Debug/Toolbar.php(478): CodeIgniter\Debug\Toolbar->format([...], 'html')
 5 APPPATH/Config/Events.php(46): CodeIgniter\Debug\Toolbar->respond()
 6 SYSTEMPATH/Events/Events.php(149): CodeIgniter\Events\Events::Config\{closure}()
 7 SYSTEMPATH/CodeIgniter.php(326): CodeIgniter\Events\Events::trigger('pre_system')
 8 FCPATH/index.php(72): CodeIgniter\CodeIgniter->run()
