CRITICAL - 2024-10-17 08:48:21 --> file_get_contents(): php_network_getaddresses: getaddrinfo for colegioportalcuiaba.com.br failed: Name or service not known
in APPPATH/Controllers/Fpdf/fpdf.php on line 1269.
 1 [internal function]: CodeIgniter\Debug\Exceptions->errorHandler(2, 'file_get_contents(): php_network_getaddresses: getaddrinfo for colegioportalcuiaba.com.br failed: Name or service not known', 'APPPATH/Controllers/Fpdf/fpdf.php', 1269)
 2 APPPATH/Controllers/Fpdf/fpdf.php(1269): file_get_contents('https://colegioportalcuiaba.com.br/assets/admin/dist/img/RODAPEP_LISTRAS.jpg')
 3 APPPATH/Controllers/Fpdf/fpdf.php(892): App\Controllers\Fpdf\FPDF->_parsejpg('https://colegioportalcuiaba.com.br/assets/admin/dist/img/RODAPEP_LISTRAS.jpg')
 4 APPPATH/Controllers/Admin/SI_RequerimentoMatricula.php(44): App\Controllers\Fpdf\FPDF->Image('https://colegioportalcuiaba.com.br/assets/admin/dist/img/RODAPEP_LISTRAS.jpg', 6, 286, 198, 3)
 5 APPPATH/Controllers/Fpdf/fpdf.php(281): App\Controllers\Admin\FPDF_Relatorio_matricula->Footer()
 6 APPPATH/Controllers/Fpdf/fpdf.php(990): App\Controllers\Fpdf\FPDF->Close()
 7 APPPATH/Controllers/Admin/SI_RequerimentoMatricula.php(864): App\Controllers\Fpdf\FPDF->Output('D', 'Requerimento_de_matricula.pdf')
 8 SYSTEMPATH/CodeIgniter.php(925): App\Controllers\Admin\SI_RequerimentoMatricula->adicionar_vetor()
 9 SYSTEMPATH/CodeIgniter.php(480): CodeIgniter\CodeIgniter->runController(Object(App\Controllers\Admin\SI_RequerimentoMatricula))
10 SYSTEMPATH/CodeIgniter.php(349): CodeIgniter\CodeIgniter->handleRequest(null, Object(Config\Cache), false)
11 FCPATH/index.php(71): CodeIgniter\CodeIgniter->run()
ERROR - 2024-10-17 15:03:26 --> Error connecting to the database: ErrorException: mysqli::real_connect(): php_network_getaddresses: getaddrinfo for colegioportal.mysql.dbaas.com.br failed: Name or service not known in /home/storage/4/8f/cf/colegioportalcui1/public_html/project/system/Database/MySQLi/Connection.php:170
Stack trace:
#0 [internal function]: CodeIgniter\Debug\Exceptions->errorHandler(2, 'mysqli::real_co...', '/home/storage/4...', 170)
#1 /home/storage/4/8f/cf/colegioportalcui1/public_html/project/system/Database/MySQLi/Connection.php(170): mysqli->real_connect('colegioportal.m...', 'colegioportal', Object(SensitiveParameterValue), 'colegioportal', 3306, '', 0)
#2 /home/storage/4/8f/cf/colegioportalcui1/public_html/project/system/Database/BaseConnection.php(382): CodeIgniter\Database\MySQLi\Connection->connect(false)
#3 /home/storage/4/8f/cf/colegioportalcui1/public_html/project/system/Database/BaseConnection.php(561): CodeIgniter\Database\BaseConnection->initialize()
#4 /home/storage/4/8f/cf/colegioportalcui1/public_html/project/system/Database/BaseBuilder.php(1585): CodeIgniter\Database\BaseConnection->query('SELECT *\nFROM `...', Array, false)
#5 /home/storage/4/8f/cf/colegioportalcui1/public_html/project/system/Model.php(240): CodeIgniter\Database\BaseBuilder->get()
#6 /home/storage/4/8f/cf/colegioportalcui1/public_html/project/system/BaseModel.php(586): CodeIgniter\Model->doFindAll(0, 0)
#7 /home/storage/4/8f/cf/colegioportalcui1/public_html/project/app/Controllers/Site/Home.php(35): CodeIgniter\BaseModel->findAll()
#8 /home/storage/4/8f/cf/colegioportalcui1/public_html/project/system/CodeIgniter.php(925): App\Controllers\Site\Home->index()
#9 /home/storage/4/8f/cf/colegioportalcui1/public_html/project/system/CodeIgniter.php(480): CodeIgniter\CodeIgniter->runController(Object(App\Controllers\Site\Home))
#10 /home/storage/4/8f/cf/colegioportalcui1/public_html/project/system/CodeIgniter.php(349): CodeIgniter\CodeIgniter->handleRequest(NULL, Object(Config\Cache), false)
#11 /home/storage/4/8f/cf/colegioportalcui1/public_html/index.php(71): CodeIgniter\CodeIgniter->run()
#12 {main}

Next mysqli_sql_exception: php_network_getaddresses: getaddrinfo for colegioportal.mysql.dbaas.com.br failed: Name or service not known in /home/storage/4/8f/cf/colegioportalcui1/public_html/project/system/Database/MySQLi/Connection.php:170
Stack trace:
#0 /home/storage/4/8f/cf/colegioportalcui1/public_html/project/system/Database/MySQLi/Connection.php(170): mysqli->real_connect('colegioportal.m...', 'colegioportal', Object(SensitiveParameterValue), 'colegioportal', 3306, '', 0)
#1 /home/storage/4/8f/cf/colegioportalcui1/public_html/project/system/Database/BaseConnection.php(382): CodeIgniter\Database\MySQLi\Connection->connect(false)
#2 /home/storage/4/8f/cf/colegioportalcui1/public_html/project/system/Database/BaseConnection.php(561): CodeIgniter\Database\BaseConnection->initialize()
#3 /home/storage/4/8f/cf/colegioportalcui1/public_html/project/system/Database/BaseBuilder.php(1585): CodeIgniter\Database\BaseConnection->query('SELECT *\nFROM `...', Array, false)
#4 /home/storage/4/8f/cf/colegioportalcui1/public_html/project/system/Model.php(240): CodeIgniter\Database\BaseBuilder->get()
#5 /home/storage/4/8f/cf/colegioportalcui1/public_html/project/system/BaseModel.php(586): CodeIgniter\Model->doFindAll(0, 0)
#6 /home/storage/4/8f/cf/colegioportalcui1/public_html/project/app/Controllers/Site/Home.php(35): CodeIgniter\BaseModel->findAll()
#7 /home/storage/4/8f/cf/colegioportalcui1/public_html/project/system/CodeIgniter.php(925): App\Controllers\Site\Home->index()
#8 /home/storage/4/8f/cf/colegioportalcui1/public_html/project/system/CodeIgniter.php(480): CodeIgniter\CodeIgniter->runController(Object(App\Controllers\Site\Home))
#9 /home/storage/4/8f/cf/colegioportalcui1/public_html/project/system/CodeIgniter.php(349): CodeIgniter\CodeIgniter->handleRequest(NULL, Object(Config\Cache), false)
#10 /home/storage/4/8f/cf/colegioportalcui1/public_html/index.php(71): CodeIgniter\CodeIgniter->run()
#11 {main}

Next CodeIgniter\Database\Exceptions\DatabaseException: php_network_getaddresses: getaddrinfo for ****.mysql.dbaas.com.br failed: Name or service not known in /home/storage/4/8f/cf/colegioportalcui1/public_html/project/system/Database/MySQLi/Connection.php:215
Stack trace:
#0 /home/storage/4/8f/cf/colegioportalcui1/public_html/project/system/Database/BaseConnection.php(382): CodeIgniter\Database\MySQLi\Connection->connect(false)
#1 /home/storage/4/8f/cf/colegioportalcui1/public_html/project/system/Database/BaseConnection.php(561): CodeIgniter\Database\BaseConnection->initialize()
#2 /home/storage/4/8f/cf/colegioportalcui1/public_html/project/system/Database/BaseBuilder.php(1585): CodeIgniter\Database\BaseConnection->query('SELECT *\nFROM `...', Array, false)
#3 /home/storage/4/8f/cf/colegioportalcui1/public_html/project/system/Model.php(240): CodeIgniter\Database\BaseBuilder->get()
#4 /home/storage/4/8f/cf/colegioportalcui1/public_html/project/system/BaseModel.php(586): CodeIgniter\Model->doFindAll(0, 0)
#5 /home/storage/4/8f/cf/colegioportalcui1/public_html/project/app/Controllers/Site/Home.php(35): CodeIgniter\BaseModel->findAll()
#6 /home/storage/4/8f/cf/colegioportalcui1/public_html/project/system/CodeIgniter.php(925): App\Controllers\Site\Home->index()
#7 /home/storage/4/8f/cf/colegioportalcui1/public_html/project/system/CodeIgniter.php(480): CodeIgniter\CodeIgniter->runController(Object(App\Controllers\Site\Home))
#8 /home/storage/4/8f/cf/colegioportalcui1/public_html/project/system/CodeIgniter.php(349): CodeIgniter\CodeIgniter->handleRequest(NULL, Object(Config\Cache), false)
#9 /home/storage/4/8f/cf/colegioportalcui1/public_html/index.php(71): CodeIgniter\CodeIgniter->run()
#10 {main}
CRITICAL - 2024-10-17 15:03:26 --> Unable to connect to the database.
Main connection [MySQLi]: php_network_getaddresses: getaddrinfo for ****.mysql.dbaas.com.br failed: Name or service not known
in SYSTEMPATH/Database/BaseConnection.php on line 418.
 1 SYSTEMPATH/Database/BaseConnection.php(561): CodeIgniter\Database\BaseConnection->initialize()
 2 SYSTEMPATH/Database/BaseBuilder.php(1585): CodeIgniter\Database\BaseConnection->query('SELECT *
FROM `galeria_imagens`
WHERE `idGaleria` = :idGaleria:
AND `galeria_imagens`.`deleted_at` IS NULL', [...], false)
 3 SYSTEMPATH/Model.php(240): CodeIgniter\Database\BaseBuilder->get()
 4 SYSTEMPATH/BaseModel.php(586): CodeIgniter\Model->doFindAll(0, 0)
 5 APPPATH/Controllers/Site/Home.php(35): CodeIgniter\BaseModel->findAll()
 6 SYSTEMPATH/CodeIgniter.php(925): App\Controllers\Site\Home->index()
 7 SYSTEMPATH/CodeIgniter.php(480): CodeIgniter\CodeIgniter->runController(Object(App\Controllers\Site\Home))
 8 SYSTEMPATH/CodeIgniter.php(349): CodeIgniter\CodeIgniter->handleRequest(null, Object(Config\Cache), false)
 9 FCPATH/index.php(71): CodeIgniter\CodeIgniter->run()
CRITICAL - 2024-10-17 16:13:34 --> Class "App\Controllers\Admin\nota" not found
in APPPATH/Controllers/Admin/SI_Relatorios.php on line 2407.
 1 APPPATH/Controllers/Admin/SI_Relatorios.php(603): App\Controllers\Admin\notas_trimestrais->__construct()
 2 SYSTEMPATH/CodeIgniter.php(925): App\Controllers\Admin\SI_Relatorios->notas_trimestrais('369', '517', '3')
 3 SYSTEMPATH/CodeIgniter.php(480): CodeIgniter\CodeIgniter->runController(Object(App\Controllers\Admin\SI_Relatorios))
 4 SYSTEMPATH/CodeIgniter.php(349): CodeIgniter\CodeIgniter->handleRequest(null, Object(Config\Cache), false)
 5 FCPATH/index.php(71): CodeIgniter\CodeIgniter->run()
CRITICAL - 2024-10-17 16:13:38 --> Class "App\Controllers\Admin\nota" not found
in APPPATH/Controllers/Admin/SI_Relatorios.php on line 5228.
 1 APPPATH/Controllers/Admin/SI_Relatorios.php(556): App\Controllers\Admin\monta_pdf_boletim_turma->render('369', '517')
 2 SYSTEMPATH/CodeIgniter.php(925): App\Controllers\Admin\SI_Relatorios->gerar_boletim_turma('369', '517')
 3 SYSTEMPATH/CodeIgniter.php(480): CodeIgniter\CodeIgniter->runController(Object(App\Controllers\Admin\SI_Relatorios))
 4 SYSTEMPATH/CodeIgniter.php(349): CodeIgniter\CodeIgniter->handleRequest(null, Object(Config\Cache), false)
 5 FCPATH/index.php(71): CodeIgniter\CodeIgniter->run()
CRITICAL - 2024-10-17 16:13:43 --> Class "App\Controllers\Admin\nota" not found
in APPPATH/Controllers/Admin/SI_Relatorios.php on line 2407.
 1 APPPATH/Controllers/Admin/SI_Relatorios.php(603): App\Controllers\Admin\notas_trimestrais->__construct()
 2 SYSTEMPATH/CodeIgniter.php(925): App\Controllers\Admin\SI_Relatorios->notas_trimestrais('369', '517', '2')
 3 SYSTEMPATH/CodeIgniter.php(480): CodeIgniter\CodeIgniter->runController(Object(App\Controllers\Admin\SI_Relatorios))
 4 SYSTEMPATH/CodeIgniter.php(349): CodeIgniter\CodeIgniter->handleRequest(null, Object(Config\Cache), false)
 5 FCPATH/index.php(71): CodeIgniter\CodeIgniter->run()
CRITICAL - 2024-10-17 16:13:53 --> Class "App\Controllers\Admin\nota" not found
in APPPATH/Controllers/Admin/SI_Relatorios.php on line 2407.
 1 APPPATH/Controllers/Admin/SI_Relatorios.php(603): App\Controllers\Admin\notas_trimestrais->__construct()
 2 SYSTEMPATH/CodeIgniter.php(925): App\Controllers\Admin\SI_Relatorios->notas_trimestrais('369', '517', '1')
 3 SYSTEMPATH/CodeIgniter.php(480): CodeIgniter\CodeIgniter->runController(Object(App\Controllers\Admin\SI_Relatorios))
 4 SYSTEMPATH/CodeIgniter.php(349): CodeIgniter\CodeIgniter->handleRequest(null, Object(Config\Cache), false)
 5 FCPATH/index.php(71): CodeIgniter\CodeIgniter->run()
CRITICAL - 2024-10-17 16:14:04 --> Class "App\Controllers\Admin\nota" not found
in APPPATH/Controllers/Admin/SI_Relatorios.php on line 5228.
 1 APPPATH/Controllers/Admin/SI_Relatorios.php(556): App\Controllers\Admin\monta_pdf_boletim_turma->render('369', '517')
 2 SYSTEMPATH/CodeIgniter.php(925): App\Controllers\Admin\SI_Relatorios->gerar_boletim_turma('369', '517')
 3 SYSTEMPATH/CodeIgniter.php(480): CodeIgniter\CodeIgniter->runController(Object(App\Controllers\Admin\SI_Relatorios))
 4 SYSTEMPATH/CodeIgniter.php(349): CodeIgniter\CodeIgniter->handleRequest(null, Object(Config\Cache), false)
 5 FCPATH/index.php(71): CodeIgniter\CodeIgniter->run()
CRITICAL - 2024-10-17 16:14:04 --> Class "App\Controllers\Admin\nota" not found
in APPPATH/Controllers/Admin/SI_Relatorios.php on line 5228.
 1 APPPATH/Controllers/Admin/SI_Relatorios.php(556): App\Controllers\Admin\monta_pdf_boletim_turma->render('369', '517')
 2 SYSTEMPATH/CodeIgniter.php(925): App\Controllers\Admin\SI_Relatorios->gerar_boletim_turma('369', '517')
 3 SYSTEMPATH/CodeIgniter.php(480): CodeIgniter\CodeIgniter->runController(Object(App\Controllers\Admin\SI_Relatorios))
 4 SYSTEMPATH/CodeIgniter.php(349): CodeIgniter\CodeIgniter->handleRequest(null, Object(Config\Cache), false)
 5 FCPATH/index.php(71): CodeIgniter\CodeIgniter->run()
CRITICAL - 2024-10-17 16:14:20 --> Class "App\Controllers\Admin\nota" not found
in APPPATH/Controllers/Admin/SI_Relatorios.php on line 2407.
 1 APPPATH/Controllers/Admin/SI_Relatorios.php(603): App\Controllers\Admin\notas_trimestrais->__construct()
 2 SYSTEMPATH/CodeIgniter.php(925): App\Controllers\Admin\SI_Relatorios->notas_trimestrais('369', '517', '1')
 3 SYSTEMPATH/CodeIgniter.php(480): CodeIgniter\CodeIgniter->runController(Object(App\Controllers\Admin\SI_Relatorios))
 4 SYSTEMPATH/CodeIgniter.php(349): CodeIgniter\CodeIgniter->handleRequest(null, Object(Config\Cache), false)
 5 FCPATH/index.php(71): CodeIgniter\CodeIgniter->run()
CRITICAL - 2024-10-17 16:15:38 --> Class "App\Controllers\Admin\nota" not found
in APPPATH/Controllers/Admin/SI_Relatorios.php on line 5228.
 1 APPPATH/Controllers/Admin/SI_Relatorios.php(556): App\Controllers\Admin\monta_pdf_boletim_turma->render('369', '517')
 2 SYSTEMPATH/CodeIgniter.php(925): App\Controllers\Admin\SI_Relatorios->gerar_boletim_turma('369', '517')
 3 SYSTEMPATH/CodeIgniter.php(480): CodeIgniter\CodeIgniter->runController(Object(App\Controllers\Admin\SI_Relatorios))
 4 SYSTEMPATH/CodeIgniter.php(349): CodeIgniter\CodeIgniter->handleRequest(null, Object(Config\Cache), false)
 5 FCPATH/index.php(71): CodeIgniter\CodeIgniter->run()
CRITICAL - 2024-10-17 16:16:56 --> Class "App\Controllers\Admin\nota" not found
in APPPATH/Controllers/Admin/SI_Relatorios.php on line 2407.
 1 APPPATH/Controllers/Admin/SI_Relatorios.php(603): App\Controllers\Admin\notas_trimestrais->__construct()
 2 SYSTEMPATH/CodeIgniter.php(925): App\Controllers\Admin\SI_Relatorios->notas_trimestrais('369', '517', '3')
 3 SYSTEMPATH/CodeIgniter.php(480): CodeIgniter\CodeIgniter->runController(Object(App\Controllers\Admin\SI_Relatorios))
 4 SYSTEMPATH/CodeIgniter.php(349): CodeIgniter\CodeIgniter->handleRequest(null, Object(Config\Cache), false)
 5 FCPATH/index.php(71): CodeIgniter\CodeIgniter->run()
CRITICAL - 2024-10-17 16:17:17 --> Class "App\Controllers\Admin\nota" not found
in APPPATH/Controllers/Admin/SI_Relatorios.php on line 2407.
 1 APPPATH/Controllers/Admin/SI_Relatorios.php(603): App\Controllers\Admin\notas_trimestrais->__construct()
 2 SYSTEMPATH/CodeIgniter.php(925): App\Controllers\Admin\SI_Relatorios->notas_trimestrais('369', '517', '2')
 3 SYSTEMPATH/CodeIgniter.php(480): CodeIgniter\CodeIgniter->runController(Object(App\Controllers\Admin\SI_Relatorios))
 4 SYSTEMPATH/CodeIgniter.php(349): CodeIgniter\CodeIgniter->handleRequest(null, Object(Config\Cache), false)
 5 FCPATH/index.php(71): CodeIgniter\CodeIgniter->run()
CRITICAL - 2024-10-17 17:53:35 --> Class "App\Controllers\Admin\nota" not found
in APPPATH/Controllers/Admin/SI_Relatorios.php on line 2407.
 1 APPPATH/Controllers/Admin/SI_Relatorios.php(603): App\Controllers\Admin\notas_trimestrais->__construct()
 2 SYSTEMPATH/CodeIgniter.php(925): App\Controllers\Admin\SI_Relatorios->notas_trimestrais('369', '516', '3')
 3 SYSTEMPATH/CodeIgniter.php(480): CodeIgniter\CodeIgniter->runController(Object(App\Controllers\Admin\SI_Relatorios))
 4 SYSTEMPATH/CodeIgniter.php(349): CodeIgniter\CodeIgniter->handleRequest(null, Object(Config\Cache), false)
 5 FCPATH/index.php(71): CodeIgniter\CodeIgniter->run()
CRITICAL - 2024-10-17 17:53:38 --> Class "App\Controllers\Admin\nota" not found
in APPPATH/Controllers/Admin/SI_Relatorios.php on line 2407.
 1 APPPATH/Controllers/Admin/SI_Relatorios.php(603): App\Controllers\Admin\notas_trimestrais->__construct()
 2 SYSTEMPATH/CodeIgniter.php(925): App\Controllers\Admin\SI_Relatorios->notas_trimestrais('369', '516', '2')
 3 SYSTEMPATH/CodeIgniter.php(480): CodeIgniter\CodeIgniter->runController(Object(App\Controllers\Admin\SI_Relatorios))
 4 SYSTEMPATH/CodeIgniter.php(349): CodeIgniter\CodeIgniter->handleRequest(null, Object(Config\Cache), false)
 5 FCPATH/index.php(71): CodeIgniter\CodeIgniter->run()
CRITICAL - 2024-10-17 17:53:42 --> Class "App\Controllers\Admin\nota" not found
in APPPATH/Controllers/Admin/SI_Relatorios.php on line 5228.
 1 APPPATH/Controllers/Admin/SI_Relatorios.php(556): App\Controllers\Admin\monta_pdf_boletim_turma->render('369', '516')
 2 SYSTEMPATH/CodeIgniter.php(925): App\Controllers\Admin\SI_Relatorios->gerar_boletim_turma('369', '516')
 3 SYSTEMPATH/CodeIgniter.php(480): CodeIgniter\CodeIgniter->runController(Object(App\Controllers\Admin\SI_Relatorios))
 4 SYSTEMPATH/CodeIgniter.php(349): CodeIgniter\CodeIgniter->handleRequest(null, Object(Config\Cache), false)
 5 FCPATH/index.php(71): CodeIgniter\CodeIgniter->run()
CRITICAL - 2024-10-17 17:53:58 --> Class "App\Controllers\Admin\nota" not found
in APPPATH/Controllers/Admin/SI_Relatorios.php on line 5228.
 1 APPPATH/Controllers/Admin/SI_Relatorios.php(556): App\Controllers\Admin\monta_pdf_boletim_turma->render('369', '516')
 2 SYSTEMPATH/CodeIgniter.php(925): App\Controllers\Admin\SI_Relatorios->gerar_boletim_turma('369', '516')
 3 SYSTEMPATH/CodeIgniter.php(480): CodeIgniter\CodeIgniter->runController(Object(App\Controllers\Admin\SI_Relatorios))
 4 SYSTEMPATH/CodeIgniter.php(349): CodeIgniter\CodeIgniter->handleRequest(null, Object(Config\Cache), false)
 5 FCPATH/index.php(71): CodeIgniter\CodeIgniter->run()
CRITICAL - 2024-10-17 17:54:14 --> Attempt to read property "id_grau" on array
in APPPATH/Controllers/Admin/SI_RequerimentoMatricula.php on line 134.
 1 APPPATH/Controllers/Admin/SI_RequerimentoMatricula.php(134): CodeIgniter\Debug\Exceptions->errorHandler(2, 'Attempt to read property "id_grau" on array', 'APPPATH/Controllers/Admin/SI_RequerimentoMatricula.php', 134)
 2 SYSTEMPATH/CodeIgniter.php(925): App\Controllers\Admin\SI_RequerimentoMatricula->adicionar_vetor()
 3 SYSTEMPATH/CodeIgniter.php(480): CodeIgniter\CodeIgniter->runController(Object(App\Controllers\Admin\SI_RequerimentoMatricula))
 4 SYSTEMPATH/CodeIgniter.php(349): CodeIgniter\CodeIgniter->handleRequest(null, Object(Config\Cache), false)
 5 FCPATH/index.php(71): CodeIgniter\CodeIgniter->run()
CRITICAL - 2024-10-17 17:55:14 --> Class "App\Controllers\Admin\nota" not found
in APPPATH/Controllers/Admin/SI_Relatorios.php on line 2407.
 1 APPPATH/Controllers/Admin/SI_Relatorios.php(603): App\Controllers\Admin\notas_trimestrais->__construct()
 2 SYSTEMPATH/CodeIgniter.php(925): App\Controllers\Admin\SI_Relatorios->notas_trimestrais('369', '516', '2')
 3 SYSTEMPATH/CodeIgniter.php(480): CodeIgniter\CodeIgniter->runController(Object(App\Controllers\Admin\SI_Relatorios))
 4 SYSTEMPATH/CodeIgniter.php(349): CodeIgniter\CodeIgniter->handleRequest(null, Object(Config\Cache), false)
 5 FCPATH/index.php(71): CodeIgniter\CodeIgniter->run()
CRITICAL - 2024-10-17 17:55:17 --> Class "App\Controllers\Admin\nota" not found
in APPPATH/Controllers/Admin/SI_Relatorios.php on line 2407.
 1 APPPATH/Controllers/Admin/SI_Relatorios.php(603): App\Controllers\Admin\notas_trimestrais->__construct()
 2 SYSTEMPATH/CodeIgniter.php(925): App\Controllers\Admin\SI_Relatorios->notas_trimestrais('369', '516', '3')
 3 SYSTEMPATH/CodeIgniter.php(480): CodeIgniter\CodeIgniter->runController(Object(App\Controllers\Admin\SI_Relatorios))
 4 SYSTEMPATH/CodeIgniter.php(349): CodeIgniter\CodeIgniter->handleRequest(null, Object(Config\Cache), false)
 5 FCPATH/index.php(71): CodeIgniter\CodeIgniter->run()
CRITICAL - 2024-10-17 17:55:19 --> Class "App\Controllers\Admin\nota" not found
in APPPATH/Controllers/Admin/SI_Relatorios.php on line 5228.
 1 APPPATH/Controllers/Admin/SI_Relatorios.php(556): App\Controllers\Admin\monta_pdf_boletim_turma->render('369', '516')
 2 SYSTEMPATH/CodeIgniter.php(925): App\Controllers\Admin\SI_Relatorios->gerar_boletim_turma('369', '516')
 3 SYSTEMPATH/CodeIgniter.php(480): CodeIgniter\CodeIgniter->runController(Object(App\Controllers\Admin\SI_Relatorios))
 4 SYSTEMPATH/CodeIgniter.php(349): CodeIgniter\CodeIgniter->handleRequest(null, Object(Config\Cache), false)
 5 FCPATH/index.php(71): CodeIgniter\CodeIgniter->run()
CRITICAL - 2024-10-17 18:01:29 --> Class "App\Controllers\Admin\nota" not found
in APPPATH/Controllers/Admin/SI_Relatorios.php on line 5228.
 1 APPPATH/Controllers/Admin/SI_Relatorios.php(556): App\Controllers\Admin\monta_pdf_boletim_turma->render('369', '516')
 2 SYSTEMPATH/CodeIgniter.php(925): App\Controllers\Admin\SI_Relatorios->gerar_boletim_turma('369', '516')
 3 SYSTEMPATH/CodeIgniter.php(480): CodeIgniter\CodeIgniter->runController(Object(App\Controllers\Admin\SI_Relatorios))
 4 SYSTEMPATH/CodeIgniter.php(349): CodeIgniter\CodeIgniter->handleRequest(null, Object(Config\Cache), false)
 5 FCPATH/index.php(71): CodeIgniter\CodeIgniter->run()
