ERROR - 2024-12-13 16:19:25 --> Error connecting to the database: ErrorException: mysqli::real_connect(): php_network_getaddresses: getaddrinfo for colegioportal.mysql.dbaas.com.br failed: Name or service not known in /home/storage/4/8f/cf/colegioportalcui1/public_html/project/system/Database/MySQLi/Connection.php:170
Stack trace:
#0 [internal function]: CodeIgniter\Debug\Exceptions->errorHandler(2, 'mysqli::real_co...', '/home/storage/4...', 170)
#1 /home/storage/4/8f/cf/colegioportalcui1/public_html/project/system/Database/MySQLi/Connection.php(170): mysqli->real_connect('colegioportal.m...', 'colegioportal', Object(SensitiveParameterValue), 'colegioportal', 3306, '', 0)
#2 /home/storage/4/8f/cf/colegioportalcui1/public_html/project/system/Database/BaseConnection.php(382): CodeIgniter\Database\MySQLi\Connection->connect(false)
#3 /home/storage/4/8f/cf/colegioportalcui1/public_html/project/system/Database/BaseConnection.php(561): CodeIgniter\Database\BaseConnection->initialize()
#4 /home/storage/4/8f/cf/colegioportalcui1/public_html/project/system/Database/BaseBuilder.php(2079): CodeIgniter\Database\BaseConnection->query('UPDATE `si_pai`...', Array, false)
#5 /home/storage/4/8f/cf/colegioportalcui1/public_html/project/system/Model.php(362): CodeIgniter\Database\BaseBuilder->update()
#6 /home/storage/4/8f/cf/colegioportalcui1/public_html/project/system/BaseModel.php(887): CodeIgniter\Model->doUpdate(Array, Array)
#7 /home/storage/4/8f/cf/colegioportalcui1/public_html/project/system/Model.php(725): CodeIgniter\BaseModel->update(Array, Array)
#8 /home/storage/4/8f/cf/colegioportalcui1/public_html/project/app/Controllers/Admin/SI_Pai.php(240): CodeIgniter\Model->update('1023', Array)
#9 /home/storage/4/8f/cf/colegioportalcui1/public_html/project/app/Controllers/Admin/SI_Pai.php(208): App\Controllers\Admin\SI_Pai->update('1023')
#10 /home/storage/4/8f/cf/colegioportalcui1/public_html/project/system/CodeIgniter.php(925): App\Controllers\Admin\SI_Pai->edit('1023')
#11 /home/storage/4/8f/cf/colegioportalcui1/public_html/project/system/CodeIgniter.php(480): CodeIgniter\CodeIgniter->runController(Object(App\Controllers\Admin\SI_Pai))
#12 /home/storage/4/8f/cf/colegioportalcui1/public_html/project/system/CodeIgniter.php(349): CodeIgniter\CodeIgniter->handleRequest(NULL, Object(Config\Cache), false)
#13 /home/storage/4/8f/cf/colegioportalcui1/public_html/index.php(72): CodeIgniter\CodeIgniter->run()
#14 {main}

Next mysqli_sql_exception: php_network_getaddresses: getaddrinfo for colegioportal.mysql.dbaas.com.br failed: Name or service not known in /home/storage/4/8f/cf/colegioportalcui1/public_html/project/system/Database/MySQLi/Connection.php:170
Stack trace:
#0 /home/storage/4/8f/cf/colegioportalcui1/public_html/project/system/Database/MySQLi/Connection.php(170): mysqli->real_connect('colegioportal.m...', 'colegioportal', Object(SensitiveParameterValue), 'colegioportal', 3306, '', 0)
#1 /home/storage/4/8f/cf/colegioportalcui1/public_html/project/system/Database/BaseConnection.php(382): CodeIgniter\Database\MySQLi\Connection->connect(false)
#2 /home/storage/4/8f/cf/colegioportalcui1/public_html/project/system/Database/BaseConnection.php(561): CodeIgniter\Database\BaseConnection->initialize()
#3 /home/storage/4/8f/cf/colegioportalcui1/public_html/project/system/Database/BaseBuilder.php(2079): CodeIgniter\Database\BaseConnection->query('UPDATE `si_pai`...', Array, false)
#4 /home/storage/4/8f/cf/colegioportalcui1/public_html/project/system/Model.php(362): CodeIgniter\Database\BaseBuilder->update()
#5 /home/storage/4/8f/cf/colegioportalcui1/public_html/project/system/BaseModel.php(887): CodeIgniter\Model->doUpdate(Array, Array)
#6 /home/storage/4/8f/cf/colegioportalcui1/public_html/project/system/Model.php(725): CodeIgniter\BaseModel->update(Array, Array)
#7 /home/storage/4/8f/cf/colegioportalcui1/public_html/project/app/Controllers/Admin/SI_Pai.php(240): CodeIgniter\Model->update('1023', Array)
#8 /home/storage/4/8f/cf/colegioportalcui1/public_html/project/app/Controllers/Admin/SI_Pai.php(208): App\Controllers\Admin\SI_Pai->update('1023')
#9 /home/storage/4/8f/cf/colegioportalcui1/public_html/project/system/CodeIgniter.php(925): App\Controllers\Admin\SI_Pai->edit('1023')
#10 /home/storage/4/8f/cf/colegioportalcui1/public_html/project/system/CodeIgniter.php(480): CodeIgniter\CodeIgniter->runController(Object(App\Controllers\Admin\SI_Pai))
#11 /home/storage/4/8f/cf/colegioportalcui1/public_html/project/system/CodeIgniter.php(349): CodeIgniter\CodeIgniter->handleRequest(NULL, Object(Config\Cache), false)
#12 /home/storage/4/8f/cf/colegioportalcui1/public_html/index.php(72): CodeIgniter\CodeIgniter->run()
#13 {main}

Next CodeIgniter\Database\Exceptions\DatabaseException: php_network_getaddresses: getaddrinfo for ****.mysql.dbaas.com.br failed: Name or service not known in /home/storage/4/8f/cf/colegioportalcui1/public_html/project/system/Database/MySQLi/Connection.php:215
Stack trace:
#0 /home/storage/4/8f/cf/colegioportalcui1/public_html/project/system/Database/BaseConnection.php(382): CodeIgniter\Database\MySQLi\Connection->connect(false)
#1 /home/storage/4/8f/cf/colegioportalcui1/public_html/project/system/Database/BaseConnection.php(561): CodeIgniter\Database\BaseConnection->initialize()
#2 /home/storage/4/8f/cf/colegioportalcui1/public_html/project/system/Database/BaseBuilder.php(2079): CodeIgniter\Database\BaseConnection->query('UPDATE `si_pai`...', Array, false)
#3 /home/storage/4/8f/cf/colegioportalcui1/public_html/project/system/Model.php(362): CodeIgniter\Database\BaseBuilder->update()
#4 /home/storage/4/8f/cf/colegioportalcui1/public_html/project/system/BaseModel.php(887): CodeIgniter\Model->doUpdate(Array, Array)
#5 /home/storage/4/8f/cf/colegioportalcui1/public_html/project/system/Model.php(725): CodeIgniter\BaseModel->update(Array, Array)
#6 /home/storage/4/8f/cf/colegioportalcui1/public_html/project/app/Controllers/Admin/SI_Pai.php(240): CodeIgniter\Model->update('1023', Array)
#7 /home/storage/4/8f/cf/colegioportalcui1/public_html/project/app/Controllers/Admin/SI_Pai.php(208): App\Controllers\Admin\SI_Pai->update('1023')
#8 /home/storage/4/8f/cf/colegioportalcui1/public_html/project/system/CodeIgniter.php(925): App\Controllers\Admin\SI_Pai->edit('1023')
#9 /home/storage/4/8f/cf/colegioportalcui1/public_html/project/system/CodeIgniter.php(480): CodeIgniter\CodeIgniter->runController(Object(App\Controllers\Admin\SI_Pai))
#10 /home/storage/4/8f/cf/colegioportalcui1/public_html/project/system/CodeIgniter.php(349): CodeIgniter\CodeIgniter->handleRequest(NULL, Object(Config\Cache), false)
#11 /home/storage/4/8f/cf/colegioportalcui1/public_html/index.php(72): CodeIgniter\CodeIgniter->run()
#12 {main}
CRITICAL - 2024-12-13 16:19:25 --> Unable to connect to the database.
Main connection [MySQLi]: php_network_getaddresses: getaddrinfo for ****.mysql.dbaas.com.br failed: Name or service not known
in SYSTEMPATH/Database/BaseConnection.php on line 418.
 1 SYSTEMPATH/Database/BaseConnection.php(561): CodeIgniter\Database\BaseConnection->initialize()
 2 SYSTEMPATH/Database/BaseBuilder.php(2079): CodeIgniter\Database\BaseConnection->query('UPDATE `si_pai` SET `mat_pai` = :mat_pai:, `devedor` = :devedor:, `nome_pai` = :nome_pai:, `senha_pai` = :senha_pai:, `cpf_pai` = :cpf_pai:, `rg_pai` = :rg_pai:, `nasc_pai` = :nasc_pai:, `trabalho_pai` = :trabalho_pai:, `profissao_pai` = :profissao_pai:, `nat_pai` = :nat_pai:, `rm_pai_nacionalidade` = :rm_pai_nacionalidade:, `cel_pai` = :cel_pai:, `fone_pai` = :fone_pai:, `email_pai` = :email_pai:, `bairro_pai` = :bairro_pai:, `cid_pai` = :cid_pai:, `end_pai` = :end_pai:, `uf_pai` = :uf_pai:, `rm_pai_estado_civil` = :rm_pai_estado_civil:, `nome_mae` = :nome_mae:, `cpf_mae` = :cpf_mae:, `rg_mae` = :rg_mae:, `nasc_mae` = :nasc_mae:, `trabalho_mae` = :trabalho_mae:, `profissao_mae` = :profissao_mae:, `nat_mae` = :nat_mae:, `rm_mae_nacionalidade` = :rm_mae_nacionalidade:, `cel_mae` = :cel_mae:, `fone_mae` = :fone_mae:, `email_mae` = :email_mae:, `end_mae` = :end_mae:, `bairro_mae` = :bairro_mae:, `cid_mae` = :cid_mae:, `uf_mae` = :uf_mae:, `rm_mae_estado_civil` = :rm_mae_estado_civil:, `nome_resp` = :nome_resp:, `rg_resp` = :rg_resp:, `cpf_resp` = :cpf_resp:, `nasc_resp` = :nasc_resp:, `fone_resp` = :fone_resp:, `tel_resp` = :tel_resp:, `email_resp` = :email_resp:, `end_resp` = :end_resp:, `bairro_resp` = :bairro_resp:, `cid_resp` = :cid_resp:, `uf_resp` = :uf_resp:, `rm_grau_parentesco_responsavel` = :rm_grau_parentesco_responsavel:, `sacado` = :sacado:, `rm_resp_financeiro_nome` = :rm_resp_financeiro_nome:, `rm_resp_financeiro_rg` = :rm_resp_financeiro_rg:, `rm_resp_financeiro_cpf` = :rm_resp_financeiro_cpf:, `rm_resp_financeiro_grau_parentesco` = :rm_resp_financeiro_grau_parentesco:, `rm_resp_financeiro_endereco_correspondencia` = :rm_resp_financeiro_endereco_correspondencia:, `rm_resp_financeiro_bairro` = :rm_resp_financeiro_bairro:, `rm_resp_financeiro_cep` = :rm_resp_financeiro_cep:, `rm_resp_financeiro_cidade_estado` = :rm_resp_financeiro_cidade_estado:
WHERE `si_pai`.`id` IN :si_pai.id:', [...], false)
 3 SYSTEMPATH/Model.php(362): CodeIgniter\Database\BaseBuilder->update()
 4 SYSTEMPATH/BaseModel.php(887): CodeIgniter\Model->doUpdate([...], [...])
 5 SYSTEMPATH/Model.php(725): CodeIgniter\BaseModel->update([...], [...])
 6 APPPATH/Controllers/Admin/SI_Pai.php(240): CodeIgniter\Model->update('1023', [...])
 7 APPPATH/Controllers/Admin/SI_Pai.php(208): App\Controllers\Admin\SI_Pai->update('1023')
 8 SYSTEMPATH/CodeIgniter.php(925): App\Controllers\Admin\SI_Pai->edit('1023')
 9 SYSTEMPATH/CodeIgniter.php(480): CodeIgniter\CodeIgniter->runController(Object(App\Controllers\Admin\SI_Pai))
10 SYSTEMPATH/CodeIgniter.php(349): CodeIgniter\CodeIgniter->handleRequest(null, Object(Config\Cache), false)
11 FCPATH/index.php(72): CodeIgniter\CodeIgniter->run()
