CRITICAL - 2024-07-22 10:05:33 --> Array to string conversion
in APPPATH\Controllers\Admin\SI_Relatorios.php on line 84.
 1 APPPATH\Controllers\Admin\SI_Relatorios.php(84): CodeIgniter\Debug\Exceptions->errorHandler(2, 'Array to string conversion', 'APPPATH\\Controllers\\Admin\\SI_Relatorios.php', 84)
 2 SYSTEMPATH\CodeIgniter.php(925): App\Controllers\Admin\SI_Relatorios->buscaTurmas()
 3 SYSTEMPATH\CodeIgniter.php(480): CodeIgniter\CodeIgniter->runController(Object(App\Controllers\Admin\SI_Relatorios))
 4 SYSTEMPATH\CodeIgniter.php(349): CodeIgniter\CodeIgniter->handleRequest(null, Object(Config\Cache), false)
 5 FCPATH\index.php(71): CodeIgniter\CodeIgniter->run()
CRITICAL - 2024-07-22 10:06:33 --> Array to string conversion
in APPPATH\Controllers\Admin\SI_Relatorios.php on line 84.
 1 APPPATH\Controllers\Admin\SI_Relatorios.php(84): CodeIgniter\Debug\Exceptions->errorHandler(2, 'Array to string conversion', 'APPPATH\\Controllers\\Admin\\SI_Relatorios.php', 84)
 2 SYSTEMPATH\CodeIgniter.php(925): App\Controllers\Admin\SI_Relatorios->buscaTurmas()
 3 SYSTEMPATH\CodeIgniter.php(480): CodeIgniter\CodeIgniter->runController(Object(App\Controllers\Admin\SI_Relatorios))
 4 SYSTEMPATH\CodeIgniter.php(349): CodeIgniter\CodeIgniter->handleRequest(null, Object(Config\Cache), false)
 5 FCPATH\index.php(71): CodeIgniter\CodeIgniter->run()
CRITICAL - 2024-07-22 10:09:23 --> Array to string conversion
in APPPATH\Controllers\Admin\SI_Relatorios.php on line 84.
 1 APPPATH\Controllers\Admin\SI_Relatorios.php(84): CodeIgniter\Debug\Exceptions->errorHandler(2, 'Array to string conversion', 'APPPATH\\Controllers\\Admin\\SI_Relatorios.php', 84)
 2 SYSTEMPATH\CodeIgniter.php(925): App\Controllers\Admin\SI_Relatorios->buscaTurmas()
 3 SYSTEMPATH\CodeIgniter.php(480): CodeIgniter\CodeIgniter->runController(Object(App\Controllers\Admin\SI_Relatorios))
 4 SYSTEMPATH\CodeIgniter.php(349): CodeIgniter\CodeIgniter->handleRequest(null, Object(Config\Cache), false)
 5 FCPATH\index.php(71): CodeIgniter\CodeIgniter->run()
CRITICAL - 2024-07-22 10:09:39 --> Array to string conversion
in APPPATH\Controllers\Admin\SI_Relatorios.php on line 84.
 1 APPPATH\Controllers\Admin\SI_Relatorios.php(84): CodeIgniter\Debug\Exceptions->errorHandler(2, 'Array to string conversion', 'APPPATH\\Controllers\\Admin\\SI_Relatorios.php', 84)
 2 SYSTEMPATH\CodeIgniter.php(925): App\Controllers\Admin\SI_Relatorios->buscaTurmas()
 3 SYSTEMPATH\CodeIgniter.php(480): CodeIgniter\CodeIgniter->runController(Object(App\Controllers\Admin\SI_Relatorios))
 4 SYSTEMPATH\CodeIgniter.php(349): CodeIgniter\CodeIgniter->handleRequest(null, Object(Config\Cache), false)
 5 FCPATH\index.php(71): CodeIgniter\CodeIgniter->run()
