CRITICAL - 2024-06-12 09:03:41 --> getimagesize(http://local.portal/assets/dist/img/arquivo_foto_aluno/1215.jpeg): Failed to open stream: HTTP request failed! HTTP/1.1 404 Not Found

in APPPATH\Controllers\Admin\SI_Relatorios.php on line 795.
 1 [internal function]: CodeIgniter\Debug\Exceptions->errorHandler(2, 'getimagesize(http://local.portal/assets/dist/img/arquivo_foto_aluno/1215.jpeg): Failed to open stream: HTTP request failed! HTTP/1.1 404 Not Found
', 'APPPATH\\Controllers\\Admin\\SI_Relatorios.php', 795)
 2 APPPATH\Controllers\Admin\SI_Relatorios.php(795): getimagesize('http://local.portal/assets/dist/img/arquivo_foto_aluno/1215.jpeg')
 3 APPPATH\Controllers\Admin\SI_Relatorios.php(104): App\Controllers\Admin\relatorio_lista_carometro->render([...])
 4 APPPATH\Controllers\Admin\SI_Relatorios.php(67): App\Controllers\Admin\SI_Relatorios->listas_carometro('358', '2', '2024')
 5 SYSTEMPATH\CodeIgniter.php(925): App\Controllers\Admin\SI_Relatorios->listas_send()
 6 SYSTEMPATH\CodeIgniter.php(480): CodeIgniter\CodeIgniter->runController(Object(App\Controllers\Admin\SI_Relatorios))
 7 SYSTEMPATH\CodeIgniter.php(349): CodeIgniter\CodeIgniter->handleRequest(null, Object(Config\Cache), false)
 8 FCPATH\index.php(71): CodeIgniter\CodeIgniter->run()
CRITICAL - 2024-06-12 09:03:59 --> getimagesize(http://local.portal/assets/dist/img/arquivo_foto_aluno/1215.jpeg): Failed to open stream: HTTP request failed! HTTP/1.1 404 Not Found

in APPPATH\Controllers\Admin\SI_Relatorios.php on line 795.
 1 [internal function]: CodeIgniter\Debug\Exceptions->errorHandler(2, 'getimagesize(http://local.portal/assets/dist/img/arquivo_foto_aluno/1215.jpeg): Failed to open stream: HTTP request failed! HTTP/1.1 404 Not Found
', 'APPPATH\\Controllers\\Admin\\SI_Relatorios.php', 795)
 2 APPPATH\Controllers\Admin\SI_Relatorios.php(795): getimagesize('http://local.portal/assets/dist/img/arquivo_foto_aluno/1215.jpeg')
 3 APPPATH\Controllers\Admin\SI_Relatorios.php(104): App\Controllers\Admin\relatorio_lista_carometro->render([...])
 4 APPPATH\Controllers\Admin\SI_Relatorios.php(67): App\Controllers\Admin\SI_Relatorios->listas_carometro('358', '2', '2024')
 5 SYSTEMPATH\CodeIgniter.php(925): App\Controllers\Admin\SI_Relatorios->listas_send()
 6 SYSTEMPATH\CodeIgniter.php(480): CodeIgniter\CodeIgniter->runController(Object(App\Controllers\Admin\SI_Relatorios))
 7 SYSTEMPATH\CodeIgniter.php(349): CodeIgniter\CodeIgniter->handleRequest(null, Object(Config\Cache), false)
 8 FCPATH\index.php(71): CodeIgniter\CodeIgniter->run()
CRITICAL - 2024-06-12 09:04:06 --> getimagesize(http://local.portal/assets/dist/img/arquivo_foto_aluno/1215.jpeg): Failed to open stream: HTTP request failed! HTTP/1.1 404 Not Found

in APPPATH\Controllers\Admin\SI_Relatorios.php on line 795.
 1 [internal function]: CodeIgniter\Debug\Exceptions->errorHandler(2, 'getimagesize(http://local.portal/assets/dist/img/arquivo_foto_aluno/1215.jpeg): Failed to open stream: HTTP request failed! HTTP/1.1 404 Not Found
', 'APPPATH\\Controllers\\Admin\\SI_Relatorios.php', 795)
 2 APPPATH\Controllers\Admin\SI_Relatorios.php(795): getimagesize('http://local.portal/assets/dist/img/arquivo_foto_aluno/1215.jpeg')
 3 APPPATH\Controllers\Admin\SI_Relatorios.php(104): App\Controllers\Admin\relatorio_lista_carometro->render([...])
 4 APPPATH\Controllers\Admin\SI_Relatorios.php(67): App\Controllers\Admin\SI_Relatorios->listas_carometro('358', '2', '2024')
 5 SYSTEMPATH\CodeIgniter.php(925): App\Controllers\Admin\SI_Relatorios->listas_send()
 6 SYSTEMPATH\CodeIgniter.php(480): CodeIgniter\CodeIgniter->runController(Object(App\Controllers\Admin\SI_Relatorios))
 7 SYSTEMPATH\CodeIgniter.php(349): CodeIgniter\CodeIgniter->handleRequest(null, Object(Config\Cache), false)
 8 FCPATH\index.php(71): CodeIgniter\CodeIgniter->run()
CRITICAL - 2024-06-12 09:04:31 --> getimagesize(http://local.portal/assets/dist/img/arquivo_foto_aluno/1241.jpg): Failed to open stream: HTTP request failed! HTTP/1.1 404 Not Found

in APPPATH\Controllers\Admin\SI_Relatorios.php on line 795.
 1 [internal function]: CodeIgniter\Debug\Exceptions->errorHandler(2, 'getimagesize(http://local.portal/assets/dist/img/arquivo_foto_aluno/1241.jpg): Failed to open stream: HTTP request failed! HTTP/1.1 404 Not Found
', 'APPPATH\\Controllers\\Admin\\SI_Relatorios.php', 795)
 2 APPPATH\Controllers\Admin\SI_Relatorios.php(795): getimagesize('http://local.portal/assets/dist/img/arquivo_foto_aluno/1241.jpg')
 3 APPPATH\Controllers\Admin\SI_Relatorios.php(104): App\Controllers\Admin\relatorio_lista_carometro->render([...])
 4 APPPATH\Controllers\Admin\SI_Relatorios.php(67): App\Controllers\Admin\SI_Relatorios->listas_carometro('358', '-1', '2024')
 5 SYSTEMPATH\CodeIgniter.php(925): App\Controllers\Admin\SI_Relatorios->listas_send()
 6 SYSTEMPATH\CodeIgniter.php(480): CodeIgniter\CodeIgniter->runController(Object(App\Controllers\Admin\SI_Relatorios))
 7 SYSTEMPATH\CodeIgniter.php(349): CodeIgniter\CodeIgniter->handleRequest(null, Object(Config\Cache), false)
 8 FCPATH\index.php(71): CodeIgniter\CodeIgniter->run()
CRITICAL - 2024-06-12 09:05:12 --> getimagesize(http://local.portal/assets/dist/img/arquivo_foto_aluno/1241.jpg): Failed to open stream: HTTP request failed! HTTP/1.1 404 Not Found

in APPPATH\Controllers\Admin\SI_Relatorios.php on line 795.
 1 [internal function]: CodeIgniter\Debug\Exceptions->errorHandler(2, 'getimagesize(http://local.portal/assets/dist/img/arquivo_foto_aluno/1241.jpg): Failed to open stream: HTTP request failed! HTTP/1.1 404 Not Found
', 'APPPATH\\Controllers\\Admin\\SI_Relatorios.php', 795)
 2 APPPATH\Controllers\Admin\SI_Relatorios.php(795): getimagesize('http://local.portal/assets/dist/img/arquivo_foto_aluno/1241.jpg')
 3 APPPATH\Controllers\Admin\SI_Relatorios.php(104): App\Controllers\Admin\relatorio_lista_carometro->render([...])
 4 APPPATH\Controllers\Admin\SI_Relatorios.php(67): App\Controllers\Admin\SI_Relatorios->listas_carometro('358', '-1', '2024')
 5 SYSTEMPATH\CodeIgniter.php(925): App\Controllers\Admin\SI_Relatorios->listas_send()
 6 SYSTEMPATH\CodeIgniter.php(480): CodeIgniter\CodeIgniter->runController(Object(App\Controllers\Admin\SI_Relatorios))
 7 SYSTEMPATH\CodeIgniter.php(349): CodeIgniter\CodeIgniter->handleRequest(null, Object(Config\Cache), false)
 8 FCPATH\index.php(71): CodeIgniter\CodeIgniter->run()
