CRITICAL - 2025-11-04 09:00:08 --> Undefined variable $lanc
in APPPATH\Views\admin\SI_VisaoGeralFinanceiro\index.php on line 2.
 1 APPPATH\Views\admin\SI_VisaoGeralFinanceiro\index.php(2): CodeIgniter\Debug\Exceptions->errorHandler(2, 'Undefined variable $lanc', 'APPPATH\\Views\\admin\\SI_VisaoGeralFinanceiro\\index.php', 2)
 2 SYSTEMPATH\View\View.php(213): include('APPPATH\\Views\\admin\\SI_VisaoGeralFinanceiro\\index.php')
 3 SYSTEMPATH\View\View.php(216): CodeIgniter\View\View->CodeIgniter\View\{closure}()
 4 SYSTEMPATH\Common.php(1135): CodeIgniter\View\View->render('admin/SI_VisaoGeralFinanceiro/index', [], true)
 5 APPPATH\Controllers\Admin\SI_VisaoGeralFinanceiro.php(98): view('admin/SI_VisaoGeralFinanceiro/index', [...])
 6 SYSTEMPATH\CodeIgniter.php(925): App\Controllers\Admin\SI_VisaoGeralFinanceiro->index()
 7 SYSTEMPATH\CodeIgniter.php(480): CodeIgniter\CodeIgniter->runController(Object(App\Controllers\Admin\SI_VisaoGeralFinanceiro))
 8 SYSTEMPATH\CodeIgniter.php(349): CodeIgniter\CodeIgniter->handleRequest(null, Object(Config\Cache), false)
 9 FCPATH\index.php(72): CodeIgniter\CodeIgniter->run()
CRITICAL - 2025-11-04 09:00:12 --> Undefined variable $lanc
in APPPATH\Views\admin\SI_VisaoGeralFinanceiro\index.php on line 2.
 1 APPPATH\Views\admin\SI_VisaoGeralFinanceiro\index.php(2): CodeIgniter\Debug\Exceptions->errorHandler(2, 'Undefined variable $lanc', 'APPPATH\\Views\\admin\\SI_VisaoGeralFinanceiro\\index.php', 2)
 2 SYSTEMPATH\View\View.php(213): include('APPPATH\\Views\\admin\\SI_VisaoGeralFinanceiro\\index.php')
 3 SYSTEMPATH\View\View.php(216): CodeIgniter\View\View->CodeIgniter\View\{closure}()
 4 SYSTEMPATH\Common.php(1135): CodeIgniter\View\View->render('admin/SI_VisaoGeralFinanceiro/index', [], true)
 5 APPPATH\Controllers\Admin\SI_VisaoGeralFinanceiro.php(98): view('admin/SI_VisaoGeralFinanceiro/index', [...])
 6 SYSTEMPATH\CodeIgniter.php(925): App\Controllers\Admin\SI_VisaoGeralFinanceiro->index()
 7 SYSTEMPATH\CodeIgniter.php(480): CodeIgniter\CodeIgniter->runController(Object(App\Controllers\Admin\SI_VisaoGeralFinanceiro))
 8 SYSTEMPATH\CodeIgniter.php(349): CodeIgniter\CodeIgniter->handleRequest(null, Object(Config\Cache), false)
 9 FCPATH\index.php(72): CodeIgniter\CodeIgniter->run()
CRITICAL - 2025-11-04 09:55:52 --> Undefined property: stdClass::$descricao
in APPPATH\Views\admin\SI_Contrato\lancamentos.php on line 103.
 1 APPPATH\Views\admin\SI_Contrato\lancamentos.php(103): CodeIgniter\Debug\Exceptions->errorHandler(2, 'Undefined property: stdClass::$descricao', 'APPPATH\\Views\\admin\\SI_Contrato\\lancamentos.php', 103)
 2 SYSTEMPATH\View\View.php(213): include('APPPATH\\Views\\admin\\SI_Contrato\\lancamentos.php')
 3 SYSTEMPATH\View\View.php(216): CodeIgniter\View\View->CodeIgniter\View\{closure}()
 4 SYSTEMPATH\Common.php(1135): CodeIgniter\View\View->render('admin/SI_Contrato/lancamentos.php', [], true)
 5 APPPATH\Controllers\Admin\SI_Contrato.php(219): view('admin/SI_Contrato/lancamentos.php', [...])
 6 SYSTEMPATH\CodeIgniter.php(925): App\Controllers\Admin\SI_Contrato->lancamentos('22')
 7 SYSTEMPATH\CodeIgniter.php(480): CodeIgniter\CodeIgniter->runController(Object(App\Controllers\Admin\SI_Contrato))
 8 SYSTEMPATH\CodeIgniter.php(349): CodeIgniter\CodeIgniter->handleRequest(null, Object(Config\Cache), false)
 9 FCPATH\index.php(72): CodeIgniter\CodeIgniter->run()
CRITICAL - 2025-11-04 10:15:53 --> Undefined variable $turma_id
in APPPATH\Views\admin\SI_Contrato\lancamentos.php on line 195.
 1 APPPATH\Views\admin\SI_Contrato\lancamentos.php(195): CodeIgniter\Debug\Exceptions->errorHandler(2, 'Undefined variable $turma_id', 'APPPATH\\Views\\admin\\SI_Contrato\\lancamentos.php', 195)
 2 SYSTEMPATH\View\View.php(213): include('APPPATH\\Views\\admin\\SI_Contrato\\lancamentos.php')
 3 SYSTEMPATH\View\View.php(216): CodeIgniter\View\View->CodeIgniter\View\{closure}()
 4 SYSTEMPATH\Common.php(1135): CodeIgniter\View\View->render('admin/SI_Contrato/lancamentos.php', [], true)
 5 APPPATH\Controllers\Admin\SI_Contrato.php(219): view('admin/SI_Contrato/lancamentos.php', [...])
 6 SYSTEMPATH\CodeIgniter.php(925): App\Controllers\Admin\SI_Contrato->lancamentos('21')
 7 SYSTEMPATH\CodeIgniter.php(480): CodeIgniter\CodeIgniter->runController(Object(App\Controllers\Admin\SI_Contrato))
 8 SYSTEMPATH\CodeIgniter.php(349): CodeIgniter\CodeIgniter->handleRequest(null, Object(Config\Cache), false)
 9 FCPATH\index.php(72): CodeIgniter\CodeIgniter->run()
CRITICAL - 2025-11-04 10:16:32 --> Undefined variable $id_turma
in APPPATH\Views\admin\SI_Contrato\lancamentos.php on line 195.
 1 APPPATH\Views\admin\SI_Contrato\lancamentos.php(195): CodeIgniter\Debug\Exceptions->errorHandler(2, 'Undefined variable $id_turma', 'APPPATH\\Views\\admin\\SI_Contrato\\lancamentos.php', 195)
 2 SYSTEMPATH\View\View.php(213): include('APPPATH\\Views\\admin\\SI_Contrato\\lancamentos.php')
 3 SYSTEMPATH\View\View.php(216): CodeIgniter\View\View->CodeIgniter\View\{closure}()
 4 SYSTEMPATH\Common.php(1135): CodeIgniter\View\View->render('admin/SI_Contrato/lancamentos.php', [], true)
 5 APPPATH\Controllers\Admin\SI_Contrato.php(219): view('admin/SI_Contrato/lancamentos.php', [...])
 6 SYSTEMPATH\CodeIgniter.php(925): App\Controllers\Admin\SI_Contrato->lancamentos('21')
 7 SYSTEMPATH\CodeIgniter.php(480): CodeIgniter\CodeIgniter->runController(Object(App\Controllers\Admin\SI_Contrato))
 8 SYSTEMPATH\CodeIgniter.php(349): CodeIgniter\CodeIgniter->handleRequest(null, Object(Config\Cache), false)
 9 FCPATH\index.php(72): CodeIgniter\CodeIgniter->run()
CRITICAL - 2025-11-04 10:16:39 --> Undefined variable $idTurma
in APPPATH\Views\admin\SI_Contrato\lancamentos.php on line 195.
 1 APPPATH\Views\admin\SI_Contrato\lancamentos.php(195): CodeIgniter\Debug\Exceptions->errorHandler(2, 'Undefined variable $idTurma', 'APPPATH\\Views\\admin\\SI_Contrato\\lancamentos.php', 195)
 2 SYSTEMPATH\View\View.php(213): include('APPPATH\\Views\\admin\\SI_Contrato\\lancamentos.php')
 3 SYSTEMPATH\View\View.php(216): CodeIgniter\View\View->CodeIgniter\View\{closure}()
 4 SYSTEMPATH\Common.php(1135): CodeIgniter\View\View->render('admin/SI_Contrato/lancamentos.php', [], true)
 5 APPPATH\Controllers\Admin\SI_Contrato.php(219): view('admin/SI_Contrato/lancamentos.php', [...])
 6 SYSTEMPATH\CodeIgniter.php(925): App\Controllers\Admin\SI_Contrato->lancamentos('21')
 7 SYSTEMPATH\CodeIgniter.php(480): CodeIgniter\CodeIgniter->runController(Object(App\Controllers\Admin\SI_Contrato))
 8 SYSTEMPATH\CodeIgniter.php(349): CodeIgniter\CodeIgniter->handleRequest(null, Object(Config\Cache), false)
 9 FCPATH\index.php(72): CodeIgniter\CodeIgniter->run()
CRITICAL - 2025-11-04 10:24:44 --> Undefined property: stdClass::$taxa_percentual
in APPPATH\Views\admin\SI_FormaPagamento\index.php on line 107.
 1 APPPATH\Views\admin\SI_FormaPagamento\index.php(107): CodeIgniter\Debug\Exceptions->errorHandler(2, 'Undefined property: stdClass::$taxa_percentual', 'APPPATH\\Views\\admin\\SI_FormaPagamento\\index.php', 107)
 2 SYSTEMPATH\View\View.php(213): include('APPPATH\\Views\\admin\\SI_FormaPagamento\\index.php')
 3 SYSTEMPATH\View\View.php(216): CodeIgniter\View\View->CodeIgniter\View\{closure}()
 4 SYSTEMPATH\Common.php(1135): CodeIgniter\View\View->render('admin/SI_FormaPagamento/index.php', [], true)
 5 APPPATH\Controllers\Admin\SI_FormaPagamento.php(52): view('admin/SI_FormaPagamento/index.php', [...])
 6 SYSTEMPATH\CodeIgniter.php(925): App\Controllers\Admin\SI_FormaPagamento->index()
 7 SYSTEMPATH\CodeIgniter.php(480): CodeIgniter\CodeIgniter->runController(Object(App\Controllers\Admin\SI_FormaPagamento))
 8 SYSTEMPATH\CodeIgniter.php(349): CodeIgniter\CodeIgniter->handleRequest(null, Object(Config\Cache), false)
 9 FCPATH\index.php(72): CodeIgniter\CodeIgniter->run()
CRITICAL - 2025-11-04 10:24:48 --> Undefined property: stdClass::$taxa_percentual
in APPPATH\Views\admin\SI_FormaPagamento\index.php on line 107.
 1 APPPATH\Views\admin\SI_FormaPagamento\index.php(107): CodeIgniter\Debug\Exceptions->errorHandler(2, 'Undefined property: stdClass::$taxa_percentual', 'APPPATH\\Views\\admin\\SI_FormaPagamento\\index.php', 107)
 2 SYSTEMPATH\View\View.php(213): include('APPPATH\\Views\\admin\\SI_FormaPagamento\\index.php')
 3 SYSTEMPATH\View\View.php(216): CodeIgniter\View\View->CodeIgniter\View\{closure}()
 4 SYSTEMPATH\Common.php(1135): CodeIgniter\View\View->render('admin/SI_FormaPagamento/index.php', [], true)
 5 APPPATH\Controllers\Admin\SI_FormaPagamento.php(52): view('admin/SI_FormaPagamento/index.php', [...])
 6 SYSTEMPATH\CodeIgniter.php(925): App\Controllers\Admin\SI_FormaPagamento->index()
 7 SYSTEMPATH\CodeIgniter.php(480): CodeIgniter\CodeIgniter->runController(Object(App\Controllers\Admin\SI_FormaPagamento))
 8 SYSTEMPATH\CodeIgniter.php(349): CodeIgniter\CodeIgniter->handleRequest(null, Object(Config\Cache), false)
 9 FCPATH\index.php(72): CodeIgniter\CodeIgniter->run()
CRITICAL - 2025-11-04 10:25:01 --> Undefined property: stdClass::$taxa_percentual
in APPPATH\Views\admin\SI_FormaPagamento\index.php on line 107.
 1 APPPATH\Views\admin\SI_FormaPagamento\index.php(107): CodeIgniter\Debug\Exceptions->errorHandler(2, 'Undefined property: stdClass::$taxa_percentual', 'APPPATH\\Views\\admin\\SI_FormaPagamento\\index.php', 107)
 2 SYSTEMPATH\View\View.php(213): include('APPPATH\\Views\\admin\\SI_FormaPagamento\\index.php')
 3 SYSTEMPATH\View\View.php(216): CodeIgniter\View\View->CodeIgniter\View\{closure}()
 4 SYSTEMPATH\Common.php(1135): CodeIgniter\View\View->render('admin/SI_FormaPagamento/index.php', [], true)
 5 APPPATH\Controllers\Admin\SI_FormaPagamento.php(52): view('admin/SI_FormaPagamento/index.php', [...])
 6 SYSTEMPATH\CodeIgniter.php(925): App\Controllers\Admin\SI_FormaPagamento->index()
 7 SYSTEMPATH\CodeIgniter.php(480): CodeIgniter\CodeIgniter->runController(Object(App\Controllers\Admin\SI_FormaPagamento))
 8 SYSTEMPATH\CodeIgniter.php(349): CodeIgniter\CodeIgniter->handleRequest(null, Object(Config\Cache), false)
 9 FCPATH\index.php(72): CodeIgniter\CodeIgniter->run()
CRITICAL - 2025-11-04 10:26:11 --> Undefined property: stdClass::$taxa_percentual
in APPPATH\Views\admin\SI_FormaPagamento\index.php on line 107.
 1 APPPATH\Views\admin\SI_FormaPagamento\index.php(107): CodeIgniter\Debug\Exceptions->errorHandler(2, 'Undefined property: stdClass::$taxa_percentual', 'APPPATH\\Views\\admin\\SI_FormaPagamento\\index.php', 107)
 2 SYSTEMPATH\View\View.php(213): include('APPPATH\\Views\\admin\\SI_FormaPagamento\\index.php')
 3 SYSTEMPATH\View\View.php(216): CodeIgniter\View\View->CodeIgniter\View\{closure}()
 4 SYSTEMPATH\Common.php(1135): CodeIgniter\View\View->render('admin/SI_FormaPagamento/index.php', [], true)
 5 APPPATH\Controllers\Admin\SI_FormaPagamento.php(52): view('admin/SI_FormaPagamento/index.php', [...])
 6 SYSTEMPATH\CodeIgniter.php(925): App\Controllers\Admin\SI_FormaPagamento->index()
 7 SYSTEMPATH\CodeIgniter.php(480): CodeIgniter\CodeIgniter->runController(Object(App\Controllers\Admin\SI_FormaPagamento))
 8 SYSTEMPATH\CodeIgniter.php(349): CodeIgniter\CodeIgniter->handleRequest(null, Object(Config\Cache), false)
 9 FCPATH\index.php(72): CodeIgniter\CodeIgniter->run()
