CRITICAL - 2025-05-23 15:07:12 --> Arquivo não encontrado: Boletim_turma.pdf
in SYSTEMPATH/Files/File.php on line 47.
 1 SYSTEMPATH/Files/File.php(47): CodeIgniter\Files\Exceptions\FileNotFoundException::forFileNotFound('Boletim_turma.pdf')
 2 SYSTEMPATH/HTTP/DownloadResponse.php(97): CodeIgniter\Files\File->__construct('Boletim_turma.pdf', true)
 3 SYSTEMPATH/HTTP/ResponseTrait.php(792): CodeIgniter\HTTP\DownloadResponse->setFilePath('Boletim_turma.pdf')
 4 APPPATH/Controllers/Admin/SI_Relatorios.php(5337): CodeIgniter\HTTP\Response->download('Boletim_turma.pdf', null)
 5 APPPATH/Controllers/Admin/SI_Relatorios.php(599): App\Controllers\Admin\monta_pdf_boletim_turma->render('401', '1198')
 6 SYSTEMPATH/CodeIgniter.php(925): App\Controllers\Admin\SI_Relatorios->gerar_boletim_turma('401', '1198')
 7 SYSTEMPATH/CodeIgniter.php(480): CodeIgniter\CodeIgniter->runController(Object(App\Controllers\Admin\SI_Relatorios))
 8 SYSTEMPATH/CodeIgniter.php(349): CodeIgniter\CodeIgniter->handleRequest(null, Object(Config\Cache), false)
 9 FCPATH/index.php(72): CodeIgniter\CodeIgniter->run()
CRITICAL - 2025-05-23 15:07:14 --> Arquivo não encontrado: Boletim_turma.pdf
in SYSTEMPATH/Files/File.php on line 47.
 1 SYSTEMPATH/Files/File.php(47): CodeIgniter\Files\Exceptions\FileNotFoundException::forFileNotFound('Boletim_turma.pdf')
 2 SYSTEMPATH/HTTP/DownloadResponse.php(97): CodeIgniter\Files\File->__construct('Boletim_turma.pdf', true)
 3 SYSTEMPATH/HTTP/ResponseTrait.php(792): CodeIgniter\HTTP\DownloadResponse->setFilePath('Boletim_turma.pdf')
 4 APPPATH/Controllers/Admin/SI_Relatorios.php(5337): CodeIgniter\HTTP\Response->download('Boletim_turma.pdf', null)
 5 APPPATH/Controllers/Admin/SI_Relatorios.php(599): App\Controllers\Admin\monta_pdf_boletim_turma->render('401', '1198')
 6 SYSTEMPATH/CodeIgniter.php(925): App\Controllers\Admin\SI_Relatorios->gerar_boletim_turma('401', '1198')
 7 SYSTEMPATH/CodeIgniter.php(480): CodeIgniter\CodeIgniter->runController(Object(App\Controllers\Admin\SI_Relatorios))
 8 SYSTEMPATH/CodeIgniter.php(349): CodeIgniter\CodeIgniter->handleRequest(null, Object(Config\Cache), false)
 9 FCPATH/index.php(72): CodeIgniter\CodeIgniter->run()
CRITICAL - 2025-05-23 15:07:16 --> Arquivo não encontrado: Boletim_turma.pdf
in SYSTEMPATH/Files/File.php on line 47.
 1 SYSTEMPATH/Files/File.php(47): CodeIgniter\Files\Exceptions\FileNotFoundException::forFileNotFound('Boletim_turma.pdf')
 2 SYSTEMPATH/HTTP/DownloadResponse.php(97): CodeIgniter\Files\File->__construct('Boletim_turma.pdf', true)
 3 SYSTEMPATH/HTTP/ResponseTrait.php(792): CodeIgniter\HTTP\DownloadResponse->setFilePath('Boletim_turma.pdf')
 4 APPPATH/Controllers/Admin/SI_Relatorios.php(5337): CodeIgniter\HTTP\Response->download('Boletim_turma.pdf', null)
 5 APPPATH/Controllers/Admin/SI_Relatorios.php(599): App\Controllers\Admin\monta_pdf_boletim_turma->render('401', '1198')
 6 SYSTEMPATH/CodeIgniter.php(925): App\Controllers\Admin\SI_Relatorios->gerar_boletim_turma('401', '1198')
 7 SYSTEMPATH/CodeIgniter.php(480): CodeIgniter\CodeIgniter->runController(Object(App\Controllers\Admin\SI_Relatorios))
 8 SYSTEMPATH/CodeIgniter.php(349): CodeIgniter\CodeIgniter->handleRequest(null, Object(Config\Cache), false)
 9 FCPATH/index.php(72): CodeIgniter\CodeIgniter->run()
CRITICAL - 2025-05-23 15:07:16 --> Arquivo não encontrado: Boletim_turma.pdf
in SYSTEMPATH/Files/File.php on line 47.
 1 SYSTEMPATH/Files/File.php(47): CodeIgniter\Files\Exceptions\FileNotFoundException::forFileNotFound('Boletim_turma.pdf')
 2 SYSTEMPATH/HTTP/DownloadResponse.php(97): CodeIgniter\Files\File->__construct('Boletim_turma.pdf', true)
 3 SYSTEMPATH/HTTP/ResponseTrait.php(792): CodeIgniter\HTTP\DownloadResponse->setFilePath('Boletim_turma.pdf')
 4 APPPATH/Controllers/Admin/SI_Relatorios.php(5337): CodeIgniter\HTTP\Response->download('Boletim_turma.pdf', null)
 5 APPPATH/Controllers/Admin/SI_Relatorios.php(599): App\Controllers\Admin\monta_pdf_boletim_turma->render('401', '1198')
 6 SYSTEMPATH/CodeIgniter.php(925): App\Controllers\Admin\SI_Relatorios->gerar_boletim_turma('401', '1198')
 7 SYSTEMPATH/CodeIgniter.php(480): CodeIgniter\CodeIgniter->runController(Object(App\Controllers\Admin\SI_Relatorios))
 8 SYSTEMPATH/CodeIgniter.php(349): CodeIgniter\CodeIgniter->handleRequest(null, Object(Config\Cache), false)
 9 FCPATH/index.php(72): CodeIgniter\CodeIgniter->run()
CRITICAL - 2025-05-23 15:08:13 --> Arquivo não encontrado: Boletim_turma.pdf
in SYSTEMPATH/Files/File.php on line 47.
 1 SYSTEMPATH/Files/File.php(47): CodeIgniter\Files\Exceptions\FileNotFoundException::forFileNotFound('Boletim_turma.pdf')
 2 SYSTEMPATH/HTTP/DownloadResponse.php(97): CodeIgniter\Files\File->__construct('Boletim_turma.pdf', true)
 3 SYSTEMPATH/HTTP/ResponseTrait.php(792): CodeIgniter\HTTP\DownloadResponse->setFilePath('Boletim_turma.pdf')
 4 APPPATH/Controllers/Admin/SI_Relatorios.php(5337): CodeIgniter\HTTP\Response->download('Boletim_turma.pdf', null)
 5 APPPATH/Controllers/Admin/SI_Relatorios.php(599): App\Controllers\Admin\monta_pdf_boletim_turma->render('401', '652')
 6 SYSTEMPATH/CodeIgniter.php(925): App\Controllers\Admin\SI_Relatorios->gerar_boletim_turma('401', '652')
 7 SYSTEMPATH/CodeIgniter.php(480): CodeIgniter\CodeIgniter->runController(Object(App\Controllers\Admin\SI_Relatorios))
 8 SYSTEMPATH/CodeIgniter.php(349): CodeIgniter\CodeIgniter->handleRequest(null, Object(Config\Cache), false)
 9 FCPATH/index.php(72): CodeIgniter\CodeIgniter->run()
CRITICAL - 2025-05-23 15:08:15 --> Arquivo não encontrado: Boletim_turma.pdf
in SYSTEMPATH/Files/File.php on line 47.
 1 SYSTEMPATH/Files/File.php(47): CodeIgniter\Files\Exceptions\FileNotFoundException::forFileNotFound('Boletim_turma.pdf')
 2 SYSTEMPATH/HTTP/DownloadResponse.php(97): CodeIgniter\Files\File->__construct('Boletim_turma.pdf', true)
 3 SYSTEMPATH/HTTP/ResponseTrait.php(792): CodeIgniter\HTTP\DownloadResponse->setFilePath('Boletim_turma.pdf')
 4 APPPATH/Controllers/Admin/SI_Relatorios.php(5337): CodeIgniter\HTTP\Response->download('Boletim_turma.pdf', null)
 5 APPPATH/Controllers/Admin/SI_Relatorios.php(599): App\Controllers\Admin\monta_pdf_boletim_turma->render('401', '652')
 6 SYSTEMPATH/CodeIgniter.php(925): App\Controllers\Admin\SI_Relatorios->gerar_boletim_turma('401', '652')
 7 SYSTEMPATH/CodeIgniter.php(480): CodeIgniter\CodeIgniter->runController(Object(App\Controllers\Admin\SI_Relatorios))
 8 SYSTEMPATH/CodeIgniter.php(349): CodeIgniter\CodeIgniter->handleRequest(null, Object(Config\Cache), false)
 9 FCPATH/index.php(72): CodeIgniter\CodeIgniter->run()
CRITICAL - 2025-05-23 15:08:17 --> Arquivo não encontrado: Boletim_turma.pdf
in SYSTEMPATH/Files/File.php on line 47.
 1 SYSTEMPATH/Files/File.php(47): CodeIgniter\Files\Exceptions\FileNotFoundException::forFileNotFound('Boletim_turma.pdf')
 2 SYSTEMPATH/HTTP/DownloadResponse.php(97): CodeIgniter\Files\File->__construct('Boletim_turma.pdf', true)
 3 SYSTEMPATH/HTTP/ResponseTrait.php(792): CodeIgniter\HTTP\DownloadResponse->setFilePath('Boletim_turma.pdf')
 4 APPPATH/Controllers/Admin/SI_Relatorios.php(5337): CodeIgniter\HTTP\Response->download('Boletim_turma.pdf', null)
 5 APPPATH/Controllers/Admin/SI_Relatorios.php(599): App\Controllers\Admin\monta_pdf_boletim_turma->render('401', '652')
 6 SYSTEMPATH/CodeIgniter.php(925): App\Controllers\Admin\SI_Relatorios->gerar_boletim_turma('401', '652')
 7 SYSTEMPATH/CodeIgniter.php(480): CodeIgniter\CodeIgniter->runController(Object(App\Controllers\Admin\SI_Relatorios))
 8 SYSTEMPATH/CodeIgniter.php(349): CodeIgniter\CodeIgniter->handleRequest(null, Object(Config\Cache), false)
 9 FCPATH/index.php(72): CodeIgniter\CodeIgniter->run()
CRITICAL - 2025-05-23 15:08:17 --> Arquivo não encontrado: Boletim_turma.pdf
in SYSTEMPATH/Files/File.php on line 47.
 1 SYSTEMPATH/Files/File.php(47): CodeIgniter\Files\Exceptions\FileNotFoundException::forFileNotFound('Boletim_turma.pdf')
 2 SYSTEMPATH/HTTP/DownloadResponse.php(97): CodeIgniter\Files\File->__construct('Boletim_turma.pdf', true)
 3 SYSTEMPATH/HTTP/ResponseTrait.php(792): CodeIgniter\HTTP\DownloadResponse->setFilePath('Boletim_turma.pdf')
 4 APPPATH/Controllers/Admin/SI_Relatorios.php(5337): CodeIgniter\HTTP\Response->download('Boletim_turma.pdf', null)
 5 APPPATH/Controllers/Admin/SI_Relatorios.php(599): App\Controllers\Admin\monta_pdf_boletim_turma->render('401', '652')
 6 SYSTEMPATH/CodeIgniter.php(925): App\Controllers\Admin\SI_Relatorios->gerar_boletim_turma('401', '652')
 7 SYSTEMPATH/CodeIgniter.php(480): CodeIgniter\CodeIgniter->runController(Object(App\Controllers\Admin\SI_Relatorios))
 8 SYSTEMPATH/CodeIgniter.php(349): CodeIgniter\CodeIgniter->handleRequest(null, Object(Config\Cache), false)
 9 FCPATH/index.php(72): CodeIgniter\CodeIgniter->run()
CRITICAL - 2025-05-23 19:16:58 --> Undefined variable $sent
in APPPATH/Controllers/Site/Contatos.php on line 70.
 1 APPPATH/Controllers/Site/Contatos.php(70): CodeIgniter\Debug\Exceptions->errorHandler(2, 'Undefined variable $sent', 'APPPATH/Controllers/Site/Contatos.php', 70)
 2 SYSTEMPATH/CodeIgniter.php(925): App\Controllers\Site\Contatos->sendMail()
 3 SYSTEMPATH/CodeIgniter.php(480): CodeIgniter\CodeIgniter->runController(Object(App\Controllers\Site\Contatos))
 4 SYSTEMPATH/CodeIgniter.php(349): CodeIgniter\CodeIgniter->handleRequest(null, Object(Config\Cache), false)
 5 FCPATH/index.php(72): CodeIgniter\CodeIgniter->run()
