CRITICAL - 2025-10-20 20:54:59 --> Undefined variable $base_url
in APPPATH\Views\admin\SI_Contrato\lancamentos.php on line 93.
 1 APPPATH\Views\admin\SI_Contrato\lancamentos.php(93): CodeIgniter\Debug\Exceptions->errorHandler(2, 'Undefined variable $base_url', 'APPPATH\\Views\\admin\\SI_Contrato\\lancamentos.php', 93)
 2 SYSTEMPATH\View\View.php(213): include('APPPATH\\Views\\admin\\SI_Contrato\\lancamentos.php')
 3 SYSTEMPATH\View\View.php(216): CodeIgniter\View\View->CodeIgniter\View\{closure}()
 4 SYSTEMPATH\Common.php(1135): CodeIgniter\View\View->render('admin/SI_Contrato/lancamentos.php', [], true)
 5 APPPATH\Controllers\Admin\SI_Contrato.php(190): view('admin/SI_Contrato/lancamentos.php', [...])
 6 SYSTEMPATH\CodeIgniter.php(925): App\Controllers\Admin\SI_Contrato->lancamentos('21')
 7 SYSTEMPATH\CodeIgniter.php(480): CodeIgniter\CodeIgniter->runController(Object(App\Controllers\Admin\SI_Contrato))
 8 SYSTEMPATH\CodeIgniter.php(349): CodeIgniter\CodeIgniter->handleRequest(null, Object(Config\Cache), false)
 9 FCPATH\index.php(72): CodeIgniter\CodeIgniter->run()
CRITICAL - 2025-10-20 20:55:02 --> Undefined variable $base_url
in APPPATH\Views\admin\SI_Contrato\lancamentos.php on line 93.
 1 APPPATH\Views\admin\SI_Contrato\lancamentos.php(93): CodeIgniter\Debug\Exceptions->errorHandler(2, 'Undefined variable $base_url', 'APPPATH\\Views\\admin\\SI_Contrato\\lancamentos.php', 93)
 2 SYSTEMPATH\View\View.php(213): include('APPPATH\\Views\\admin\\SI_Contrato\\lancamentos.php')
 3 SYSTEMPATH\View\View.php(216): CodeIgniter\View\View->CodeIgniter\View\{closure}()
 4 SYSTEMPATH\Common.php(1135): CodeIgniter\View\View->render('admin/SI_Contrato/lancamentos.php', [], true)
 5 APPPATH\Controllers\Admin\SI_Contrato.php(190): view('admin/SI_Contrato/lancamentos.php', [...])
 6 SYSTEMPATH\CodeIgniter.php(925): App\Controllers\Admin\SI_Contrato->lancamentos('21')
 7 SYSTEMPATH\CodeIgniter.php(480): CodeIgniter\CodeIgniter->runController(Object(App\Controllers\Admin\SI_Contrato))
 8 SYSTEMPATH\CodeIgniter.php(349): CodeIgniter\CodeIgniter->handleRequest(null, Object(Config\Cache), false)
 9 FCPATH\index.php(72): CodeIgniter\CodeIgniter->run()
CRITICAL - 2025-10-20 20:55:22 --> Undefined variable $base_url
in APPPATH\Views\admin\SI_Contrato\lancamentos.php on line 93.
 1 APPPATH\Views\admin\SI_Contrato\lancamentos.php(93): CodeIgniter\Debug\Exceptions->errorHandler(2, 'Undefined variable $base_url', 'APPPATH\\Views\\admin\\SI_Contrato\\lancamentos.php', 93)
 2 SYSTEMPATH\View\View.php(213): include('APPPATH\\Views\\admin\\SI_Contrato\\lancamentos.php')
 3 SYSTEMPATH\View\View.php(216): CodeIgniter\View\View->CodeIgniter\View\{closure}()
 4 SYSTEMPATH\Common.php(1135): CodeIgniter\View\View->render('admin/SI_Contrato/lancamentos.php', [], true)
 5 APPPATH\Controllers\Admin\SI_Contrato.php(190): view('admin/SI_Contrato/lancamentos.php', [...])
 6 SYSTEMPATH\CodeIgniter.php(925): App\Controllers\Admin\SI_Contrato->lancamentos('21')
 7 SYSTEMPATH\CodeIgniter.php(480): CodeIgniter\CodeIgniter->runController(Object(App\Controllers\Admin\SI_Contrato))
 8 SYSTEMPATH\CodeIgniter.php(349): CodeIgniter\CodeIgniter->handleRequest(null, Object(Config\Cache), false)
 9 FCPATH\index.php(72): CodeIgniter\CodeIgniter->run()
