CRITICAL - 2025-09-10 20:24:07 --> Too few arguments to function App\Controllers\Admin\Auth::index(), 0 passed in C:\wamp64\www\portal\project\system\CodeIgniter.php on line 925 and exactly 1 expected
in APPPATH\Controllers\Admin\Auth.php on line 23.
 1 SYSTEMPATH\CodeIgniter.php(925): App\Controllers\Admin\Auth->index()
 2 SYSTEMPATH\CodeIgniter.php(480): CodeIgniter\CodeIgniter->runController(Object(App\Controllers\Admin\Auth))
 3 SYSTEMPATH\CodeIgniter.php(349): CodeIgniter\CodeIgniter->handleRequest(null, Object(Config\Cache), false)
 4 FCPATH\index.php(72): CodeIgniter\CodeIgniter->run()
ERROR - 2025-09-10 22:19:43 --> mysqli_sql_exception: Unknown column 'fk_aluno' in 'where clause' in C:\wamp64\www\portal\project\system\Database\MySQLi\Connection.php:292
Stack trace:
#0 C:\wamp64\www\portal\project\system\Database\MySQLi\Connection.php(292): mysqli->query('SELECT *\nFROM `...', 0)
#1 C:\wamp64\www\portal\project\system\Database\BaseConnection.php(666): CodeIgniter\Database\MySQLi\Connection->execute('SELECT *\nFROM `...')
#2 C:\wamp64\www\portal\project\system\Database\BaseConnection.php(593): CodeIgniter\Database\BaseConnection->simpleQuery('SELECT *\nFROM `...')
#3 C:\wamp64\www\portal\project\system\Database\BaseBuilder.php(1585): CodeIgniter\Database\BaseConnection->query('SELECT *\nFROM `...', Array, false)
#4 C:\wamp64\www\portal\project\system\Model.php(267): CodeIgniter\Database\BaseBuilder->get()
#5 C:\wamp64\www\portal\project\system\BaseModel.php(624): CodeIgniter\Model->doFirst()
#6 C:\wamp64\www\portal\project\app\Controllers\Admin\SI_Turma.php(1420): CodeIgniter\BaseModel->first()
#7 C:\wamp64\www\portal\project\system\CodeIgniter.php(925): App\Controllers\Admin\SI_Turma->contrato('402', '717')
#8 C:\wamp64\www\portal\project\system\CodeIgniter.php(480): CodeIgniter\CodeIgniter->runController(Object(App\Controllers\Admin\SI_Turma))
#9 C:\wamp64\www\portal\project\system\CodeIgniter.php(349): CodeIgniter\CodeIgniter->handleRequest(NULL, Object(Config\Cache), false)
#10 C:\wamp64\www\portal\index.php(72): CodeIgniter\CodeIgniter->run()
#11 {main}
CRITICAL - 2025-09-10 22:19:43 --> Unknown column 'fk_aluno' in 'where clause'
in SYSTEMPATH\Database\MySQLi\Connection.php on line 292.
 1 SYSTEMPATH\Database\MySQLi\Connection.php(292): mysqli->query('SELECT *
FROM `si_pai`
WHERE `fk_aluno` = \'717\'
 LIMIT 1', 0)
 2 SYSTEMPATH\Database\BaseConnection.php(666): CodeIgniter\Database\MySQLi\Connection->execute('SELECT *
FROM `si_pai`
WHERE `fk_aluno` = \'717\'
 LIMIT 1')
 3 SYSTEMPATH\Database\BaseConnection.php(593): CodeIgniter\Database\BaseConnection->simpleQuery('SELECT *
FROM `si_pai`
WHERE `fk_aluno` = \'717\'
 LIMIT 1')
 4 SYSTEMPATH\Database\BaseBuilder.php(1585): CodeIgniter\Database\BaseConnection->query('SELECT *
FROM `si_pai`
WHERE `fk_aluno` = :fk_aluno:
 LIMIT 1', [...], false)
 5 SYSTEMPATH\Model.php(267): CodeIgniter\Database\BaseBuilder->get()
 6 SYSTEMPATH\BaseModel.php(624): CodeIgniter\Model->doFirst()
 7 APPPATH\Controllers\Admin\SI_Turma.php(1420): CodeIgniter\BaseModel->first()
 8 SYSTEMPATH\CodeIgniter.php(925): App\Controllers\Admin\SI_Turma->contrato('402', '717')
 9 SYSTEMPATH\CodeIgniter.php(480): CodeIgniter\CodeIgniter->runController(Object(App\Controllers\Admin\SI_Turma))
10 SYSTEMPATH\CodeIgniter.php(349): CodeIgniter\CodeIgniter->handleRequest(null, Object(Config\Cache), false)
11 FCPATH\index.php(72): CodeIgniter\CodeIgniter->run()
CRITICAL - 2025-09-10 22:22:06 --> Call to undefined method stdClass::first()
in APPPATH\Controllers\Admin\SI_Turma.php on line 1422.
 1 SYSTEMPATH\CodeIgniter.php(925): App\Controllers\Admin\SI_Turma->contrato('402', '717')
 2 SYSTEMPATH\CodeIgniter.php(480): CodeIgniter\CodeIgniter->runController(Object(App\Controllers\Admin\SI_Turma))
 3 SYSTEMPATH\CodeIgniter.php(349): CodeIgniter\CodeIgniter->handleRequest(null, Object(Config\Cache), false)
 4 FCPATH\index.php(72): CodeIgniter\CodeIgniter->run()
CRITICAL - 2025-09-10 22:22:21 --> Call to undefined method stdClass::findAll()
in APPPATH\Controllers\Admin\SI_Turma.php on line 1422.
 1 SYSTEMPATH\CodeIgniter.php(925): App\Controllers\Admin\SI_Turma->contrato('402', '717')
 2 SYSTEMPATH\CodeIgniter.php(480): CodeIgniter\CodeIgniter->runController(Object(App\Controllers\Admin\SI_Turma))
 3 SYSTEMPATH\CodeIgniter.php(349): CodeIgniter\CodeIgniter->handleRequest(null, Object(Config\Cache), false)
 4 FCPATH\index.php(72): CodeIgniter\CodeIgniter->run()
