CRITICAL - 2024-07-30 10:37:20 --> strlen(): Passing null to parameter #1 ($string) of type string is deprecated
in APPPATH\Controllers\tcpdf\tcpdf.php on line 7020.
 1 [internal function]: CodeIgniter\Debug\Exceptions->errorHandler(8192, 'strlen(): Passing null to parameter #1 ($string) of type string is deprecated', 'APPPATH\\Controllers\\tcpdf\\tcpdf.php', 7020)
 2 APPPATH\Controllers\tcpdf\tcpdf.php(7020): strlen(null)
 3 APPPATH\Controllers\Admin\SI_Relatorios.php(1716): App\Controllers\tcpdf\TCPDF->Image('http://local.portal/assets/admin/dist/img/SELO.jpg', 250, 177, 30, 30, 'JPG', 'C:\\wamp64\\www\\portal', 'C:\\wamp64\\www\\portal', false, 300, 'C:\\wamp64\\www\\portal', false, false, 0, null, false, false)
 4 APPPATH\Controllers\tcpdf\tcpdf.php(3673): App\Controllers\Admin\ChamadaPDF->Footer()
 5 APPPATH\Controllers\tcpdf\tcpdf.php(3219): App\Controllers\tcpdf\TCPDF->setFooter()
 6 APPPATH\Controllers\tcpdf\tcpdf.php(3201): App\Controllers\tcpdf\TCPDF->endPage()
 7 APPPATH\Controllers\Admin\SI_Relatorios.php(1852): App\Controllers\tcpdf\TCPDF->AddPage()
 8 APPPATH\Controllers\Admin\SI_Relatorios.php(215): App\Controllers\Admin\relatorio_lista_chamada->render([...], '-1')
 9 APPPATH\Controllers\Admin\SI_Relatorios.php(56): App\Controllers\Admin\SI_Relatorios->listas_chamada('-1', '2024')
10 SYSTEMPATH\CodeIgniter.php(925): App\Controllers\Admin\SI_Relatorios->listas_send()
11 SYSTEMPATH\CodeIgniter.php(480): CodeIgniter\CodeIgniter->runController(Object(App\Controllers\Admin\SI_Relatorios))
12 SYSTEMPATH\CodeIgniter.php(349): CodeIgniter\CodeIgniter->handleRequest(null, Object(Config\Cache), false)
13 FCPATH\index.php(71): CodeIgniter\CodeIgniter->run()
CRITICAL - 2024-07-30 10:45:26 --> strlen(): Passing null to parameter #1 ($string) of type string is deprecated
in APPPATH\Controllers\tcpdf\tcpdf.php on line 7020.
 1 [internal function]: CodeIgniter\Debug\Exceptions->errorHandler(8192, 'strlen(): Passing null to parameter #1 ($string) of type string is deprecated', 'APPPATH\\Controllers\\tcpdf\\tcpdf.php', 7020)
 2 APPPATH\Controllers\tcpdf\tcpdf.php(7020): strlen(null)
 3 APPPATH\Controllers\Admin\SI_Relatorios.php(1716): App\Controllers\tcpdf\TCPDF->Image('http://local.portal/assets/admin/dist/img/SELO.jpg', 250, 177, 30, 30, 'JPG', 'C:\\wamp64\\www\\portal', 'C:\\wamp64\\www\\portal', false, 300, 'C:\\wamp64\\www\\portal', false, false, 0, null, false, false)
 4 APPPATH\Controllers\tcpdf\tcpdf.php(3673): App\Controllers\Admin\ChamadaPDF->Footer()
 5 APPPATH\Controllers\tcpdf\tcpdf.php(3219): App\Controllers\tcpdf\TCPDF->setFooter()
 6 APPPATH\Controllers\tcpdf\tcpdf.php(3067): App\Controllers\tcpdf\TCPDF->endPage()
 7 APPPATH\Controllers\tcpdf\tcpdf.php(7657): App\Controllers\tcpdf\TCPDF->Close()
 8 APPPATH\Controllers\Admin\SI_Relatorios.php(1908): App\Controllers\tcpdf\TCPDF->Output('Lista_de_chamada.pdf', 'D')
 9 APPPATH\Controllers\Admin\SI_Relatorios.php(215): App\Controllers\Admin\relatorio_lista_chamada->render([...], '355')
10 APPPATH\Controllers\Admin\SI_Relatorios.php(56): App\Controllers\Admin\SI_Relatorios->listas_chamada('355', '2024')
11 SYSTEMPATH\CodeIgniter.php(925): App\Controllers\Admin\SI_Relatorios->listas_send()
12 SYSTEMPATH\CodeIgniter.php(480): CodeIgniter\CodeIgniter->runController(Object(App\Controllers\Admin\SI_Relatorios))
13 SYSTEMPATH\CodeIgniter.php(349): CodeIgniter\CodeIgniter->handleRequest(null, Object(Config\Cache), false)
14 FCPATH\index.php(71): CodeIgniter\CodeIgniter->run()
CRITICAL - 2024-07-30 11:04:22 --> getimagesize(http://local.portal/assets/dist/img/arquivo_foto_aluno/1236.jpeg): Failed to open stream: HTTP request failed! HTTP/1.1 404 Not Found

in APPPATH\Controllers\Admin\SI_Relatorios.php on line 843.
 1 [internal function]: CodeIgniter\Debug\Exceptions->errorHandler(2, 'getimagesize(http://local.portal/assets/dist/img/arquivo_foto_aluno/1236.jpeg): Failed to open stream: HTTP request failed! HTTP/1.1 404 Not Found
', 'APPPATH\\Controllers\\Admin\\SI_Relatorios.php', 843)
 2 APPPATH\Controllers\Admin\SI_Relatorios.php(843): getimagesize('http://local.portal/assets/dist/img/arquivo_foto_aluno/1236.jpeg')
 3 APPPATH\Controllers\Admin\SI_Relatorios.php(119): App\Controllers\Admin\relatorio_lista_carometro->render([...])
 4 APPPATH\Controllers\Admin\SI_Relatorios.php(67): App\Controllers\Admin\SI_Relatorios->listas_carometro('-1', '1', '2024')
 5 SYSTEMPATH\CodeIgniter.php(925): App\Controllers\Admin\SI_Relatorios->listas_send()
 6 SYSTEMPATH\CodeIgniter.php(480): CodeIgniter\CodeIgniter->runController(Object(App\Controllers\Admin\SI_Relatorios))
 7 SYSTEMPATH\CodeIgniter.php(349): CodeIgniter\CodeIgniter->handleRequest(null, Object(Config\Cache), false)
 8 FCPATH\index.php(71): CodeIgniter\CodeIgniter->run()
CRITICAL - 2024-07-30 11:07:26 --> getimagesize(http://local.portal/assets/dist/img/arquivo_foto_aluno/1236.jpeg): Failed to open stream: HTTP request failed! HTTP/1.1 404 Not Found

in APPPATH\Controllers\Admin\SI_Relatorios.php on line 843.
 1 [internal function]: CodeIgniter\Debug\Exceptions->errorHandler(2, 'getimagesize(http://local.portal/assets/dist/img/arquivo_foto_aluno/1236.jpeg): Failed to open stream: HTTP request failed! HTTP/1.1 404 Not Found
', 'APPPATH\\Controllers\\Admin\\SI_Relatorios.php', 843)
 2 APPPATH\Controllers\Admin\SI_Relatorios.php(843): getimagesize('http://local.portal/assets/dist/img/arquivo_foto_aluno/1236.jpeg')
 3 APPPATH\Controllers\Admin\SI_Relatorios.php(119): App\Controllers\Admin\relatorio_lista_carometro->render([...])
 4 APPPATH\Controllers\Admin\SI_Relatorios.php(67): App\Controllers\Admin\SI_Relatorios->listas_carometro('-1', '1', '2024')
 5 SYSTEMPATH\CodeIgniter.php(925): App\Controllers\Admin\SI_Relatorios->listas_send()
 6 SYSTEMPATH\CodeIgniter.php(480): CodeIgniter\CodeIgniter->runController(Object(App\Controllers\Admin\SI_Relatorios))
 7 SYSTEMPATH\CodeIgniter.php(349): CodeIgniter\CodeIgniter->handleRequest(null, Object(Config\Cache), false)
 8 FCPATH\index.php(71): CodeIgniter\CodeIgniter->run()
CRITICAL - 2024-07-30 11:07:37 --> getimagesize(http://local.portal/assets/dist/img/arquivo_foto_aluno/1215.jpeg): Failed to open stream: HTTP request failed! HTTP/1.1 404 Not Found

in APPPATH\Controllers\Admin\SI_Relatorios.php on line 843.
 1 [internal function]: CodeIgniter\Debug\Exceptions->errorHandler(2, 'getimagesize(http://local.portal/assets/dist/img/arquivo_foto_aluno/1215.jpeg): Failed to open stream: HTTP request failed! HTTP/1.1 404 Not Found
', 'APPPATH\\Controllers\\Admin\\SI_Relatorios.php', 843)
 2 APPPATH\Controllers\Admin\SI_Relatorios.php(843): getimagesize('http://local.portal/assets/dist/img/arquivo_foto_aluno/1215.jpeg')
 3 APPPATH\Controllers\Admin\SI_Relatorios.php(119): App\Controllers\Admin\relatorio_lista_carometro->render([...])
 4 APPPATH\Controllers\Admin\SI_Relatorios.php(67): App\Controllers\Admin\SI_Relatorios->listas_carometro('-1', '2', '2024')
 5 SYSTEMPATH\CodeIgniter.php(925): App\Controllers\Admin\SI_Relatorios->listas_send()
 6 SYSTEMPATH\CodeIgniter.php(480): CodeIgniter\CodeIgniter->runController(Object(App\Controllers\Admin\SI_Relatorios))
 7 SYSTEMPATH\CodeIgniter.php(349): CodeIgniter\CodeIgniter->handleRequest(null, Object(Config\Cache), false)
 8 FCPATH\index.php(71): CodeIgniter\CodeIgniter->run()
CRITICAL - 2024-07-30 11:08:19 --> getimagesize(http://local.portal/assets/dist/img/arquivo_foto_aluno/1215.jpeg): Failed to open stream: HTTP request failed! HTTP/1.1 404 Not Found

in APPPATH\Controllers\Admin\SI_Relatorios.php on line 843.
 1 [internal function]: CodeIgniter\Debug\Exceptions->errorHandler(2, 'getimagesize(http://local.portal/assets/dist/img/arquivo_foto_aluno/1215.jpeg): Failed to open stream: HTTP request failed! HTTP/1.1 404 Not Found
', 'APPPATH\\Controllers\\Admin\\SI_Relatorios.php', 843)
 2 APPPATH\Controllers\Admin\SI_Relatorios.php(843): getimagesize('http://local.portal/assets/dist/img/arquivo_foto_aluno/1215.jpeg')
 3 APPPATH\Controllers\Admin\SI_Relatorios.php(119): App\Controllers\Admin\relatorio_lista_carometro->render([...])
 4 APPPATH\Controllers\Admin\SI_Relatorios.php(67): App\Controllers\Admin\SI_Relatorios->listas_carometro('-1', '2', '2024')
 5 SYSTEMPATH\CodeIgniter.php(925): App\Controllers\Admin\SI_Relatorios->listas_send()
 6 SYSTEMPATH\CodeIgniter.php(480): CodeIgniter\CodeIgniter->runController(Object(App\Controllers\Admin\SI_Relatorios))
 7 SYSTEMPATH\CodeIgniter.php(349): CodeIgniter\CodeIgniter->handleRequest(null, Object(Config\Cache), false)
 8 FCPATH\index.php(71): CodeIgniter\CodeIgniter->run()
CRITICAL - 2024-07-30 11:10:15 --> getimagesize(http://local.portal/assets/dist/img/arquivo_foto_aluno/905.jpeg): Failed to open stream: HTTP request failed! HTTP/1.1 404 Not Found

in APPPATH\Controllers\Admin\SI_Relatorios.php on line 843.
 1 [internal function]: CodeIgniter\Debug\Exceptions->errorHandler(2, 'getimagesize(http://local.portal/assets/dist/img/arquivo_foto_aluno/905.jpeg): Failed to open stream: HTTP request failed! HTTP/1.1 404 Not Found
', 'APPPATH\\Controllers\\Admin\\SI_Relatorios.php', 843)
 2 APPPATH\Controllers\Admin\SI_Relatorios.php(843): getimagesize('http://local.portal/assets/dist/img/arquivo_foto_aluno/905.jpeg')
 3 APPPATH\Controllers\Admin\SI_Relatorios.php(119): App\Controllers\Admin\relatorio_lista_carometro->render([...])
 4 APPPATH\Controllers\Admin\SI_Relatorios.php(67): App\Controllers\Admin\SI_Relatorios->listas_carometro('-1', '2', '2023')
 5 SYSTEMPATH\CodeIgniter.php(925): App\Controllers\Admin\SI_Relatorios->listas_send()
 6 SYSTEMPATH\CodeIgniter.php(480): CodeIgniter\CodeIgniter->runController(Object(App\Controllers\Admin\SI_Relatorios))
 7 SYSTEMPATH\CodeIgniter.php(349): CodeIgniter\CodeIgniter->handleRequest(null, Object(Config\Cache), false)
 8 FCPATH\index.php(71): CodeIgniter\CodeIgniter->run()
