CRITICAL - 2025-07-25 08:39:03 --> imagejpeg(https://colegioportalcuiaba.com.br/assets/dist/img/arquivo_foto_aluno/1752866935_34424b312ffe5f338456.jpeg): Failed to open stream: HTTP wrapper does not support writeable connections
in APPPATH/Controllers/Admin/SI_RequerimentoMatricula.php on line 193.
 1 [internal function]: CodeIgniter\Debug\Exceptions->errorHandler(2, 'imagejpeg(https://colegioportalcuiaba.com.br/assets/dist/img/arquivo_foto_aluno/1752866935_34424b312ffe5f338456.jpeg): Failed to open stream: HTTP wrapper does not support writeable connections', 'APPPATH/Controllers/Admin/SI_RequerimentoMatricula.php', 193)
 2 APPPATH/Controllers/Admin/SI_RequerimentoMatricula.php(193): imagejpeg(Object(GdImage), 'https://colegioportalcuiaba.com.br/assets/dist/img/arquivo_foto_aluno/1752866935_34424b312ffe5f338456.jpeg', 96)
 3 SYSTEMPATH/CodeIgniter.php(925): App\Controllers\Admin\SI_RequerimentoMatricula->adicionar_vetor()
 4 SYSTEMPATH/CodeIgniter.php(480): CodeIgniter\CodeIgniter->runController(Object(App\Controllers\Admin\SI_RequerimentoMatricula))
 5 SYSTEMPATH/CodeIgniter.php(349): CodeIgniter\CodeIgniter->handleRequest(null, Object(Config\Cache), false)
 6 FCPATH/index.php(72): CodeIgniter\CodeIgniter->run()
CRITICAL - 2025-07-25 08:39:47 --> imagejpeg(https://colegioportalcuiaba.com.br/assets/dist/img/arquivo_foto_aluno/1752866935_34424b312ffe5f338456.jpeg): Failed to open stream: HTTP wrapper does not support writeable connections
in APPPATH/Controllers/Admin/SI_RequerimentoMatricula.php on line 193.
 1 [internal function]: CodeIgniter\Debug\Exceptions->errorHandler(2, 'imagejpeg(https://colegioportalcuiaba.com.br/assets/dist/img/arquivo_foto_aluno/1752866935_34424b312ffe5f338456.jpeg): Failed to open stream: HTTP wrapper does not support writeable connections', 'APPPATH/Controllers/Admin/SI_RequerimentoMatricula.php', 193)
 2 APPPATH/Controllers/Admin/SI_RequerimentoMatricula.php(193): imagejpeg(Object(GdImage), 'https://colegioportalcuiaba.com.br/assets/dist/img/arquivo_foto_aluno/1752866935_34424b312ffe5f338456.jpeg', 96)
 3 SYSTEMPATH/CodeIgniter.php(925): App\Controllers\Admin\SI_RequerimentoMatricula->adicionar_vetor()
 4 SYSTEMPATH/CodeIgniter.php(480): CodeIgniter\CodeIgniter->runController(Object(App\Controllers\Admin\SI_RequerimentoMatricula))
 5 SYSTEMPATH/CodeIgniter.php(349): CodeIgniter\CodeIgniter->handleRequest(null, Object(Config\Cache), false)
 6 FCPATH/index.php(72): CodeIgniter\CodeIgniter->run()
CRITICAL - 2025-07-25 08:40:11 --> imagejpeg(https://colegioportalcuiaba.com.br/assets/dist/img/arquivo_foto_aluno/1752866935_34424b312ffe5f338456.jpeg): Failed to open stream: HTTP wrapper does not support writeable connections
in APPPATH/Controllers/Admin/SI_RequerimentoMatricula.php on line 193.
 1 [internal function]: CodeIgniter\Debug\Exceptions->errorHandler(2, 'imagejpeg(https://colegioportalcuiaba.com.br/assets/dist/img/arquivo_foto_aluno/1752866935_34424b312ffe5f338456.jpeg): Failed to open stream: HTTP wrapper does not support writeable connections', 'APPPATH/Controllers/Admin/SI_RequerimentoMatricula.php', 193)
 2 APPPATH/Controllers/Admin/SI_RequerimentoMatricula.php(193): imagejpeg(Object(GdImage), 'https://colegioportalcuiaba.com.br/assets/dist/img/arquivo_foto_aluno/1752866935_34424b312ffe5f338456.jpeg', 96)
 3 SYSTEMPATH/CodeIgniter.php(925): App\Controllers\Admin\SI_RequerimentoMatricula->adicionar_vetor()
 4 SYSTEMPATH/CodeIgniter.php(480): CodeIgniter\CodeIgniter->runController(Object(App\Controllers\Admin\SI_RequerimentoMatricula))
 5 SYSTEMPATH/CodeIgniter.php(349): CodeIgniter\CodeIgniter->handleRequest(null, Object(Config\Cache), false)
 6 FCPATH/index.php(72): CodeIgniter\CodeIgniter->run()
CRITICAL - 2025-07-25 08:41:01 --> imagejpeg(https://colegioportalcuiaba.com.br/assets/dist/img/arquivo_foto_aluno/1752866935_34424b312ffe5f338456.jpeg): Failed to open stream: HTTP wrapper does not support writeable connections
in APPPATH/Controllers/Admin/SI_RequerimentoMatricula.php on line 193.
 1 [internal function]: CodeIgniter\Debug\Exceptions->errorHandler(2, 'imagejpeg(https://colegioportalcuiaba.com.br/assets/dist/img/arquivo_foto_aluno/1752866935_34424b312ffe5f338456.jpeg): Failed to open stream: HTTP wrapper does not support writeable connections', 'APPPATH/Controllers/Admin/SI_RequerimentoMatricula.php', 193)
 2 APPPATH/Controllers/Admin/SI_RequerimentoMatricula.php(193): imagejpeg(Object(GdImage), 'https://colegioportalcuiaba.com.br/assets/dist/img/arquivo_foto_aluno/1752866935_34424b312ffe5f338456.jpeg', 96)
 3 SYSTEMPATH/CodeIgniter.php(925): App\Controllers\Admin\SI_RequerimentoMatricula->adicionar_vetor()
 4 SYSTEMPATH/CodeIgniter.php(480): CodeIgniter\CodeIgniter->runController(Object(App\Controllers\Admin\SI_RequerimentoMatricula))
 5 SYSTEMPATH/CodeIgniter.php(349): CodeIgniter\CodeIgniter->handleRequest(null, Object(Config\Cache), false)
 6 FCPATH/index.php(72): CodeIgniter\CodeIgniter->run()
CRITICAL - 2025-07-25 08:42:25 --> imagejpeg(https://colegioportalcuiaba.com.br/assets/dist/img/arquivo_foto_aluno/1752866935_34424b312ffe5f338456.jpeg): Failed to open stream: HTTP wrapper does not support writeable connections
in APPPATH/Controllers/Admin/SI_RequerimentoMatricula.php on line 193.
 1 [internal function]: CodeIgniter\Debug\Exceptions->errorHandler(2, 'imagejpeg(https://colegioportalcuiaba.com.br/assets/dist/img/arquivo_foto_aluno/1752866935_34424b312ffe5f338456.jpeg): Failed to open stream: HTTP wrapper does not support writeable connections', 'APPPATH/Controllers/Admin/SI_RequerimentoMatricula.php', 193)
 2 APPPATH/Controllers/Admin/SI_RequerimentoMatricula.php(193): imagejpeg(Object(GdImage), 'https://colegioportalcuiaba.com.br/assets/dist/img/arquivo_foto_aluno/1752866935_34424b312ffe5f338456.jpeg', 96)
 3 SYSTEMPATH/CodeIgniter.php(925): App\Controllers\Admin\SI_RequerimentoMatricula->adicionar_vetor()
 4 SYSTEMPATH/CodeIgniter.php(480): CodeIgniter\CodeIgniter->runController(Object(App\Controllers\Admin\SI_RequerimentoMatricula))
 5 SYSTEMPATH/CodeIgniter.php(349): CodeIgniter\CodeIgniter->handleRequest(null, Object(Config\Cache), false)
 6 FCPATH/index.php(72): CodeIgniter\CodeIgniter->run()
CRITICAL - 2025-07-25 09:07:56 --> Undefined array key 0
in APPPATH/Controllers/Admin/SI_Relatorios.php on line 711.
 1 APPPATH/Controllers/Admin/SI_Relatorios.php(711): CodeIgniter\Debug\Exceptions->errorHandler(2, 'Undefined array key 0', 'APPPATH/Controllers/Admin/SI_Relatorios.php', 711)
 2 APPPATH/Controllers/Admin/SI_Relatorios.php(160): App\Controllers\Admin\relatorio_lista_carometro->render([])
 3 APPPATH/Controllers/Admin/SI_Relatorios.php(108): App\Controllers\Admin\SI_Relatorios->listas_carometro('-1', '-1', '2025')
 4 SYSTEMPATH/CodeIgniter.php(925): App\Controllers\Admin\SI_Relatorios->listas_send()
 5 SYSTEMPATH/CodeIgniter.php(480): CodeIgniter\CodeIgniter->runController(Object(App\Controllers\Admin\SI_Relatorios))
 6 SYSTEMPATH/CodeIgniter.php(349): CodeIgniter\CodeIgniter->handleRequest(null, Object(Config\Cache), false)
 7 FCPATH/index.php(72): CodeIgniter\CodeIgniter->run()
