CRITICAL - 2024-11-07 07:42:52 --> unlink(/home/storage/4/8f/cf/colegioportalcui1/public_html/project/writable/debugbar/debugbar_1730971412.804610.json): No such file or directory
in SYSTEMPATH/Debug/Toolbar/Collectors/History.php on line 76.
 1 [internal function]: CodeIgniter\Debug\Exceptions->errorHandler(2, 'unlink(/home/storage/4/8f/cf/colegioportalcui1/public_html/project/writable/debugbar/debugbar_1730971412.804610.json): No such file or directory', 'SYSTEMPATH/Debug/Toolbar/Collectors/History.php', 76)
 2 SYSTEMPATH/Debug/Toolbar/Collectors/History.php(76): unlink('FCPATH/project/writable/debugbar/debugbar_1730971412.804610.json')
 3 SYSTEMPATH/Debug/Toolbar.php(499): CodeIgniter\Debug\Toolbar\Collectors\History->setFiles('1730979768.880575', 20)
 4 SYSTEMPATH/Debug/Toolbar.php(478): CodeIgniter\Debug\Toolbar->format([...], 'html')
 5 APPPATH/Config/Events.php(46): CodeIgniter\Debug\Toolbar->respond()
 6 SYSTEMPATH/Events/Events.php(149): CodeIgniter\Events\Events::Config\{closure}()
 7 SYSTEMPATH/CodeIgniter.php(326): CodeIgniter\Events\Events::trigger('pre_system')
 8 FCPATH/index.php(72): CodeIgniter\CodeIgniter->run()
CRITICAL - 2024-11-07 07:42:52 --> unlink(/home/storage/4/8f/cf/colegioportalcui1/public_html/project/writable/debugbar/debugbar_1730971412.804610.json): No such file or directory
in SYSTEMPATH/Debug/Toolbar/Collectors/History.php on line 76.
 1 [internal function]: CodeIgniter\Debug\Exceptions->errorHandler(2, 'unlink(/home/storage/4/8f/cf/colegioportalcui1/public_html/project/writable/debugbar/debugbar_1730971412.804610.json): No such file or directory', 'SYSTEMPATH/Debug/Toolbar/Collectors/History.php', 76)
 2 SYSTEMPATH/Debug/Toolbar/Collectors/History.php(76): unlink('FCPATH/project/writable/debugbar/debugbar_1730971412.804610.json')
 3 SYSTEMPATH/Debug/Toolbar.php(499): CodeIgniter\Debug\Toolbar\Collectors\History->setFiles('1730979768.979488', 20)
 4 SYSTEMPATH/Debug/Toolbar.php(478): CodeIgniter\Debug\Toolbar->format([...], 'html')
 5 APPPATH/Config/Events.php(46): CodeIgniter\Debug\Toolbar->respond()
 6 SYSTEMPATH/Events/Events.php(149): CodeIgniter\Events\Events::Config\{closure}()
 7 SYSTEMPATH/CodeIgniter.php(326): CodeIgniter\Events\Events::trigger('pre_system')
 8 FCPATH/index.php(72): CodeIgniter\CodeIgniter->run()
CRITICAL - 2024-11-07 07:42:52 --> unlink(/home/storage/4/8f/cf/colegioportalcui1/public_html/project/writable/debugbar/debugbar_1730971412.804610.json): No such file or directory
in SYSTEMPATH/Debug/Toolbar/Collectors/History.php on line 76.
 1 [internal function]: CodeIgniter\Debug\Exceptions->errorHandler(2, 'unlink(/home/storage/4/8f/cf/colegioportalcui1/public_html/project/writable/debugbar/debugbar_1730971412.804610.json): No such file or directory', 'SYSTEMPATH/Debug/Toolbar/Collectors/History.php', 76)
 2 SYSTEMPATH/Debug/Toolbar/Collectors/History.php(76): unlink('FCPATH/project/writable/debugbar/debugbar_1730971412.804610.json')
 3 SYSTEMPATH/Debug/Toolbar.php(499): CodeIgniter\Debug\Toolbar\Collectors\History->setFiles('1730979769.041851', 20)
 4 SYSTEMPATH/Debug/Toolbar.php(478): CodeIgniter\Debug\Toolbar->format([...], 'html')
 5 APPPATH/Config/Events.php(46): CodeIgniter\Debug\Toolbar->respond()
 6 SYSTEMPATH/Events/Events.php(149): CodeIgniter\Events\Events::Config\{closure}()
 7 SYSTEMPATH/CodeIgniter.php(326): CodeIgniter\Events\Events::trigger('pre_system')
 8 FCPATH/index.php(72): CodeIgniter\CodeIgniter->run()
CRITICAL - 2024-11-07 07:42:52 --> unlink(/home/storage/4/8f/cf/colegioportalcui1/public_html/project/writable/debugbar/debugbar_1730971412.804610.json): No such file or directory
in SYSTEMPATH/Debug/Toolbar/Collectors/History.php on line 76.
 1 [internal function]: CodeIgniter\Debug\Exceptions->errorHandler(2, 'unlink(/home/storage/4/8f/cf/colegioportalcui1/public_html/project/writable/debugbar/debugbar_1730971412.804610.json): No such file or directory', 'SYSTEMPATH/Debug/Toolbar/Collectors/History.php', 76)
 2 SYSTEMPATH/Debug/Toolbar/Collectors/History.php(76): unlink('FCPATH/project/writable/debugbar/debugbar_1730971412.804610.json')
 3 SYSTEMPATH/Debug/Toolbar.php(499): CodeIgniter\Debug\Toolbar\Collectors\History->setFiles('1730979768.938287', 20)
 4 SYSTEMPATH/Debug/Toolbar.php(478): CodeIgniter\Debug\Toolbar->format([...], 'html')
 5 APPPATH/Config/Events.php(46): CodeIgniter\Debug\Toolbar->respond()
 6 SYSTEMPATH/Events/Events.php(149): CodeIgniter\Events\Events::Config\{closure}()
 7 SYSTEMPATH/CodeIgniter.php(326): CodeIgniter\Events\Events::trigger('pre_system')
 8 FCPATH/index.php(72): CodeIgniter\CodeIgniter->run()
CRITICAL - 2024-11-07 07:42:52 --> unlink(/home/storage/4/8f/cf/colegioportalcui1/public_html/project/writable/debugbar/debugbar_1730971412.804610.json): No such file or directory
in SYSTEMPATH/Debug/Toolbar/Collectors/History.php on line 76.
 1 [internal function]: CodeIgniter\Debug\Exceptions->errorHandler(2, 'unlink(/home/storage/4/8f/cf/colegioportalcui1/public_html/project/writable/debugbar/debugbar_1730971412.804610.json): No such file or directory', 'SYSTEMPATH/Debug/Toolbar/Collectors/History.php', 76)
 2 SYSTEMPATH/Debug/Toolbar/Collectors/History.php(76): unlink('FCPATH/project/writable/debugbar/debugbar_1730971412.804610.json')
 3 SYSTEMPATH/Debug/Toolbar.php(499): CodeIgniter\Debug\Toolbar\Collectors\History->setFiles('1730979768.883328', 20)
 4 SYSTEMPATH/Debug/Toolbar.php(478): CodeIgniter\Debug\Toolbar->format([...], 'html')
 5 APPPATH/Config/Events.php(46): CodeIgniter\Debug\Toolbar->respond()
 6 SYSTEMPATH/Events/Events.php(149): CodeIgniter\Events\Events::Config\{closure}()
 7 SYSTEMPATH/CodeIgniter.php(326): CodeIgniter\Events\Events::trigger('pre_system')
 8 FCPATH/index.php(72): CodeIgniter\CodeIgniter->run()
CRITICAL - 2024-11-07 07:42:52 --> unlink(/home/storage/4/8f/cf/colegioportalcui1/public_html/project/writable/debugbar/debugbar_1730971412.804610.json): No such file or directory
in SYSTEMPATH/Debug/Toolbar/Collectors/History.php on line 76.
 1 [internal function]: CodeIgniter\Debug\Exceptions->errorHandler(2, 'unlink(/home/storage/4/8f/cf/colegioportalcui1/public_html/project/writable/debugbar/debugbar_1730971412.804610.json): No such file or directory', 'SYSTEMPATH/Debug/Toolbar/Collectors/History.php', 76)
 2 SYSTEMPATH/Debug/Toolbar/Collectors/History.php(76): unlink('FCPATH/project/writable/debugbar/debugbar_1730971412.804610.json')
 3 SYSTEMPATH/Debug/Toolbar.php(499): CodeIgniter\Debug\Toolbar\Collectors\History->setFiles('1730979768.824151', 20)
 4 SYSTEMPATH/Debug/Toolbar.php(478): CodeIgniter\Debug\Toolbar->format([...], 'html')
 5 APPPATH/Config/Events.php(46): CodeIgniter\Debug\Toolbar->respond()
 6 SYSTEMPATH/Events/Events.php(149): CodeIgniter\Events\Events::Config\{closure}()
 7 SYSTEMPATH/CodeIgniter.php(326): CodeIgniter\Events\Events::trigger('pre_system')
 8 FCPATH/index.php(72): CodeIgniter\CodeIgniter->run()
CRITICAL - 2024-11-07 07:42:52 --> unlink(/home/storage/4/8f/cf/colegioportalcui1/public_html/project/writable/debugbar/debugbar_1730971412.804610.json): No such file or directory
in SYSTEMPATH/Debug/Toolbar/Collectors/History.php on line 76.
 1 [internal function]: CodeIgniter\Debug\Exceptions->errorHandler(2, 'unlink(/home/storage/4/8f/cf/colegioportalcui1/public_html/project/writable/debugbar/debugbar_1730971412.804610.json): No such file or directory', 'SYSTEMPATH/Debug/Toolbar/Collectors/History.php', 76)
 2 SYSTEMPATH/Debug/Toolbar/Collectors/History.php(76): unlink('FCPATH/project/writable/debugbar/debugbar_1730971412.804610.json')
 3 SYSTEMPATH/Debug/Toolbar.php(499): CodeIgniter\Debug\Toolbar\Collectors\History->setFiles('1730979768.893725', 20)
 4 SYSTEMPATH/Debug/Toolbar.php(478): CodeIgniter\Debug\Toolbar->format([...], 'html')
 5 APPPATH/Config/Events.php(46): CodeIgniter\Debug\Toolbar->respond()
 6 SYSTEMPATH/Events/Events.php(149): CodeIgniter\Events\Events::Config\{closure}()
 7 SYSTEMPATH/CodeIgniter.php(326): CodeIgniter\Events\Events::trigger('pre_system')
 8 FCPATH/index.php(72): CodeIgniter\CodeIgniter->run()
