CRITICAL - 2025-05-20 08:25:51 --> Arquivo não encontrado: Boletim_turma.pdf
in SYSTEMPATH/Files/File.php on line 47.
 1 SYSTEMPATH/Files/File.php(47): CodeIgniter\Files\Exceptions\FileNotFoundException::forFileNotFound('Boletim_turma.pdf')
 2 SYSTEMPATH/HTTP/DownloadResponse.php(97): CodeIgniter\Files\File->__construct('Boletim_turma.pdf', true)
 3 SYSTEMPATH/HTTP/ResponseTrait.php(792): CodeIgniter\HTTP\DownloadResponse->setFilePath('Boletim_turma.pdf')
 4 APPPATH/Controllers/Admin/SI_Relatorios.php(5337): CodeIgniter\HTTP\Response->download('Boletim_turma.pdf', null)
 5 APPPATH/Controllers/Admin/SI_Relatorios.php(599): App\Controllers\Admin\monta_pdf_boletim_turma->render('402', '1006')
 6 SYSTEMPATH/CodeIgniter.php(925): App\Controllers\Admin\SI_Relatorios->gerar_boletim_turma('402', '1006')
 7 SYSTEMPATH/CodeIgniter.php(480): CodeIgniter\CodeIgniter->runController(Object(App\Controllers\Admin\SI_Relatorios))
 8 SYSTEMPATH/CodeIgniter.php(349): CodeIgniter\CodeIgniter->handleRequest(null, Object(Config\Cache), false)
 9 FCPATH/index.php(72): CodeIgniter\CodeIgniter->run()
CRITICAL - 2025-05-20 13:47:16 --> Arquivo não encontrado: Boletim_turma.pdf
in SYSTEMPATH/Files/File.php on line 47.
 1 SYSTEMPATH/Files/File.php(47): CodeIgniter\Files\Exceptions\FileNotFoundException::forFileNotFound('Boletim_turma.pdf')
 2 SYSTEMPATH/HTTP/DownloadResponse.php(97): CodeIgniter\Files\File->__construct('Boletim_turma.pdf', true)
 3 SYSTEMPATH/HTTP/ResponseTrait.php(792): CodeIgniter\HTTP\DownloadResponse->setFilePath('Boletim_turma.pdf')
 4 APPPATH/Controllers/Admin/SI_Relatorios.php(5337): CodeIgniter\HTTP\Response->download('Boletim_turma.pdf', null)
 5 APPPATH/Controllers/Admin/SI_Relatorios.php(599): App\Controllers\Admin\monta_pdf_boletim_turma->render('386', '1268')
 6 SYSTEMPATH/CodeIgniter.php(925): App\Controllers\Admin\SI_Relatorios->gerar_boletim_turma('386', '1268')
 7 SYSTEMPATH/CodeIgniter.php(480): CodeIgniter\CodeIgniter->runController(Object(App\Controllers\Admin\SI_Relatorios))
 8 SYSTEMPATH/CodeIgniter.php(349): CodeIgniter\CodeIgniter->handleRequest(null, Object(Config\Cache), false)
 9 FCPATH/index.php(72): CodeIgniter\CodeIgniter->run()
CRITICAL - 2025-05-20 13:47:47 --> Unsupported operand types: float * string
in APPPATH/Controllers/Admin/SI_Relatorios.php on line 3983.
 1 APPPATH/Controllers/Admin/SI_Relatorios.php(3894): App\Controllers\Admin\relatorio_media_aluno_pdf->gerar_notas_aluno([...])
 2 APPPATH/Controllers/Admin/SI_Relatorios.php(3859): App\Controllers\Admin\relatorio_media_aluno_pdf->gerar_notas_turma([...])
 3 APPPATH/Controllers/Admin/SI_Relatorios.php(3817): App\Controllers\Admin\relatorio_media_aluno_pdf->set_vetor([...])
 4 APPPATH/Controllers/Admin/SI_Relatorios.php(441): App\Controllers\Admin\relatorio_media_aluno_montar_turma->render('386')
 5 SYSTEMPATH/CodeIgniter.php(925): App\Controllers\Admin\SI_Relatorios->relatorio_media_alunos()
 6 SYSTEMPATH/CodeIgniter.php(480): CodeIgniter\CodeIgniter->runController(Object(App\Controllers\Admin\SI_Relatorios))
 7 SYSTEMPATH/CodeIgniter.php(349): CodeIgniter\CodeIgniter->handleRequest(null, Object(Config\Cache), false)
 8 FCPATH/index.php(72): CodeIgniter\CodeIgniter->run()
CRITICAL - 2025-05-20 13:47:56 --> Unsupported operand types: float * string
in APPPATH/Controllers/Admin/SI_Relatorios.php on line 3983.
 1 APPPATH/Controllers/Admin/SI_Relatorios.php(3894): App\Controllers\Admin\relatorio_media_aluno_pdf->gerar_notas_aluno([...])
 2 APPPATH/Controllers/Admin/SI_Relatorios.php(3859): App\Controllers\Admin\relatorio_media_aluno_pdf->gerar_notas_turma([...])
 3 APPPATH/Controllers/Admin/SI_Relatorios.php(3817): App\Controllers\Admin\relatorio_media_aluno_pdf->set_vetor([...])
 4 APPPATH/Controllers/Admin/SI_Relatorios.php(441): App\Controllers\Admin\relatorio_media_aluno_montar_turma->render('386')
 5 SYSTEMPATH/CodeIgniter.php(925): App\Controllers\Admin\SI_Relatorios->relatorio_media_alunos()
 6 SYSTEMPATH/CodeIgniter.php(480): CodeIgniter\CodeIgniter->runController(Object(App\Controllers\Admin\SI_Relatorios))
 7 SYSTEMPATH/CodeIgniter.php(349): CodeIgniter\CodeIgniter->handleRequest(null, Object(Config\Cache), false)
 8 FCPATH/index.php(72): CodeIgniter\CodeIgniter->run()
