CRITICAL - 2025-10-27 15:05:28 --> Too few arguments to function App\Controllers\Admin\Auth::index(), 0 passed in C:\wamp64\www\portal\project\system\CodeIgniter.php on line 925 and exactly 1 expected
in APPPATH\Controllers\Admin\Auth.php on line 23.
 1 SYSTEMPATH\CodeIgniter.php(925): App\Controllers\Admin\Auth->index()
 2 SYSTEMPATH\CodeIgniter.php(480): CodeIgniter\CodeIgniter->runController(Object(App\Controllers\Admin\Auth))
 3 SYSTEMPATH\CodeIgniter.php(349): CodeIgniter\CodeIgniter->handleRequest(null, Object(Config\Cache), false)
 4 FCPATH\index.php(72): CodeIgniter\CodeIgniter->run()
CRITICAL - 2025-10-27 15:05:51 --> O filtro {0} deve ter um alias correspondente definido.
in SYSTEMPATH\Filters\Filters.php on line 340.
 1 SYSTEMPATH\Filters\Filters.php(340): CodeIgniter\Filters\Exceptions\FilterException::forNoAlias('auth')
 2 SYSTEMPATH\CodeIgniter.php(444): CodeIgniter\Filters\Filters->enableFilter('auth', 'before')
 3 SYSTEMPATH\CodeIgniter.php(349): CodeIgniter\CodeIgniter->handleRequest(null, Object(Config\Cache), false)
 4 FCPATH\index.php(72): CodeIgniter\CodeIgniter->run()
CRITICAL - 2025-10-27 15:10:55 --> Arquivo inválido: admin/SI_FormaPagamento/index.php
in SYSTEMPATH\Exceptions\FrameworkException.php on line 33.
 1 SYSTEMPATH\View\View.php(201): CodeIgniter\Exceptions\FrameworkException::forInvalidFile('admin/SI_FormaPagamento/index.php')
 2 SYSTEMPATH\Common.php(1135): CodeIgniter\View\View->render('admin/SI_FormaPagamento/index.php', [], true)
 3 APPPATH\Controllers\Admin\SI_FormaPagamento.php(52): view('admin/SI_FormaPagamento/index.php', [...])
 4 SYSTEMPATH\CodeIgniter.php(925): App\Controllers\Admin\SI_FormaPagamento->index()
 5 SYSTEMPATH\CodeIgniter.php(480): CodeIgniter\CodeIgniter->runController(Object(App\Controllers\Admin\SI_FormaPagamento))
 6 SYSTEMPATH\CodeIgniter.php(349): CodeIgniter\CodeIgniter->handleRequest(null, Object(Config\Cache), false)
 7 FCPATH\index.php(72): CodeIgniter\CodeIgniter->run()
CRITICAL - 2025-10-27 15:11:16 --> Arquivo inválido: admin/SI_FormaPagamento/index.php
in SYSTEMPATH\Exceptions\FrameworkException.php on line 33.
 1 SYSTEMPATH\View\View.php(201): CodeIgniter\Exceptions\FrameworkException::forInvalidFile('admin/SI_FormaPagamento/index.php')
 2 SYSTEMPATH\Common.php(1135): CodeIgniter\View\View->render('admin/SI_FormaPagamento/index.php', [], true)
 3 APPPATH\Controllers\Admin\SI_FormaPagamento.php(52): view('admin/SI_FormaPagamento/index.php', [...])
 4 SYSTEMPATH\CodeIgniter.php(925): App\Controllers\Admin\SI_FormaPagamento->index()
 5 SYSTEMPATH\CodeIgniter.php(480): CodeIgniter\CodeIgniter->runController(Object(App\Controllers\Admin\SI_FormaPagamento))
 6 SYSTEMPATH\CodeIgniter.php(349): CodeIgniter\CodeIgniter->handleRequest(null, Object(Config\Cache), false)
 7 FCPATH\index.php(72): CodeIgniter\CodeIgniter->run()
CRITICAL - 2025-10-27 15:36:21 --> Call to undefined function percentualPago()
in APPPATH\Views\admin\SI_Contrato\lancamentos.php on line 172.
 1 SYSTEMPATH\View\View.php(213): include()
 2 SYSTEMPATH\View\View.php(216): CodeIgniter\View\View->CodeIgniter\View\{closure}()
 3 SYSTEMPATH\Common.php(1135): CodeIgniter\View\View->render('admin/SI_Contrato/lancamentos.php', [], true)
 4 APPPATH\Controllers\Admin\SI_Contrato.php(221): view('admin/SI_Contrato/lancamentos.php', [...])
 5 SYSTEMPATH\CodeIgniter.php(925): App\Controllers\Admin\SI_Contrato->lancamentos('21')
 6 SYSTEMPATH\CodeIgniter.php(480): CodeIgniter\CodeIgniter->runController(Object(App\Controllers\Admin\SI_Contrato))
 7 SYSTEMPATH\CodeIgniter.php(349): CodeIgniter\CodeIgniter->handleRequest(null, Object(Config\Cache), false)
 8 FCPATH\index.php(72): CodeIgniter\CodeIgniter->run()
CRITICAL - 2025-10-27 15:39:22 --> Call to undefined function percentualPago()
in APPPATH\Views\admin\SI_Contrato\lancamentos.php on line 172.
 1 SYSTEMPATH\View\View.php(213): include()
 2 SYSTEMPATH\View\View.php(216): CodeIgniter\View\View->CodeIgniter\View\{closure}()
 3 SYSTEMPATH\Common.php(1135): CodeIgniter\View\View->render('admin/SI_Contrato/lancamentos.php', [], true)
 4 APPPATH\Controllers\Admin\SI_Contrato.php(222): view('admin/SI_Contrato/lancamentos.php', [...])
 5 SYSTEMPATH\CodeIgniter.php(925): App\Controllers\Admin\SI_Contrato->lancamentos('21')
 6 SYSTEMPATH\CodeIgniter.php(480): CodeIgniter\CodeIgniter->runController(Object(App\Controllers\Admin\SI_Contrato))
 7 SYSTEMPATH\CodeIgniter.php(349): CodeIgniter\CodeIgniter->handleRequest(null, Object(Config\Cache), false)
 8 FCPATH\index.php(72): CodeIgniter\CodeIgniter->run()
CRITICAL - 2025-10-27 15:39:28 --> Call to undefined function percentualPago()
in APPPATH\Views\admin\SI_Contrato\lancamentos.php on line 172.
 1 SYSTEMPATH\View\View.php(213): include()
 2 SYSTEMPATH\View\View.php(216): CodeIgniter\View\View->CodeIgniter\View\{closure}()
 3 SYSTEMPATH\Common.php(1135): CodeIgniter\View\View->render('admin/SI_Contrato/lancamentos.php', [], true)
 4 APPPATH\Controllers\Admin\SI_Contrato.php(222): view('admin/SI_Contrato/lancamentos.php', [...])
 5 SYSTEMPATH\CodeIgniter.php(925): App\Controllers\Admin\SI_Contrato->lancamentos('21')
 6 SYSTEMPATH\CodeIgniter.php(480): CodeIgniter\CodeIgniter->runController(Object(App\Controllers\Admin\SI_Contrato))
 7 SYSTEMPATH\CodeIgniter.php(349): CodeIgniter\CodeIgniter->handleRequest(null, Object(Config\Cache), false)
 8 FCPATH\index.php(72): CodeIgniter\CodeIgniter->run()
CRITICAL - 2025-10-27 15:40:54 --> Arquivo inválido: admin/SI_Contrato/detalhes_parcela.php
in SYSTEMPATH\Exceptions\FrameworkException.php on line 33.
 1 SYSTEMPATH\View\View.php(201): CodeIgniter\Exceptions\FrameworkException::forInvalidFile('admin/SI_Contrato/detalhes_parcela.php')
 2 SYSTEMPATH\Common.php(1135): CodeIgniter\View\View->render('admin/SI_Contrato/detalhes_parcela.php', [], true)
 3 APPPATH\Controllers\Admin\SI_Contrato.php(484): view('admin/SI_Contrato/detalhes_parcela.php', [...])
 4 SYSTEMPATH\CodeIgniter.php(925): App\Controllers\Admin\SI_Contrato->detalhesParcela('93')
 5 SYSTEMPATH\CodeIgniter.php(480): CodeIgniter\CodeIgniter->runController(Object(App\Controllers\Admin\SI_Contrato))
 6 SYSTEMPATH\CodeIgniter.php(349): CodeIgniter\CodeIgniter->handleRequest(null, Object(Config\Cache), false)
 7 FCPATH\index.php(72): CodeIgniter\CodeIgniter->run()
CRITICAL - 2025-10-27 15:41:57 --> Arquivo inválido: admin/SI_Contrato/registrar_pagamento.php
in SYSTEMPATH\Exceptions\FrameworkException.php on line 33.
 1 SYSTEMPATH\View\View.php(201): CodeIgniter\Exceptions\FrameworkException::forInvalidFile('admin/SI_Contrato/registrar_pagamento.php')
 2 SYSTEMPATH\Common.php(1135): CodeIgniter\View\View->render('admin/SI_Contrato/registrar_pagamento.php', [], true)
 3 APPPATH\Controllers\Admin\SI_Contrato.php(403): view('admin/SI_Contrato/registrar_pagamento.php', [...])
 4 SYSTEMPATH\CodeIgniter.php(925): App\Controllers\Admin\SI_Contrato->registrarPagamento('93')
 5 SYSTEMPATH\CodeIgniter.php(480): CodeIgniter\CodeIgniter->runController(Object(App\Controllers\Admin\SI_Contrato))
 6 SYSTEMPATH\CodeIgniter.php(349): CodeIgniter\CodeIgniter->handleRequest(null, Object(Config\Cache), false)
 7 FCPATH\index.php(72): CodeIgniter\CodeIgniter->run()
CRITICAL - 2025-10-27 15:44:30 --> Arquivo inválido: admin/SI_Contrato/registrar_pagamento.php
in SYSTEMPATH\Exceptions\FrameworkException.php on line 33.
 1 SYSTEMPATH\View\View.php(201): CodeIgniter\Exceptions\FrameworkException::forInvalidFile('admin/SI_Contrato/registrar_pagamento.php')
 2 SYSTEMPATH\Common.php(1135): CodeIgniter\View\View->render('admin/SI_Contrato/registrar_pagamento.php', [], true)
 3 APPPATH\Controllers\Admin\SI_Contrato.php(403): view('admin/SI_Contrato/registrar_pagamento.php', [...])
 4 SYSTEMPATH\CodeIgniter.php(925): App\Controllers\Admin\SI_Contrato->registrarPagamento('93')
 5 SYSTEMPATH\CodeIgniter.php(480): CodeIgniter\CodeIgniter->runController(Object(App\Controllers\Admin\SI_Contrato))
 6 SYSTEMPATH\CodeIgniter.php(349): CodeIgniter\CodeIgniter->handleRequest(null, Object(Config\Cache), false)
 7 FCPATH\index.php(72): CodeIgniter\CodeIgniter->run()
