CRITICAL - 2025-02-26 09:42:04 --> Undefined array key 0
in APPPATH/Controllers/Admin/SI_Relatorios.php on line 707.
 1 APPPATH/Controllers/Admin/SI_Relatorios.php(707): CodeIgniter\Debug\Exceptions->errorHandler(2, 'Undefined array key 0', 'APPPATH/Controllers/Admin/SI_Relatorios.php', 707)
 2 APPPATH/Controllers/Admin/SI_Relatorios.php(156): App\Controllers\Admin\relatorio_lista_carometro->render([])
 3 APPPATH/Controllers/Admin/SI_Relatorios.php(104): App\Controllers\Admin\SI_Relatorios->listas_carometro('-1', '-1', '2025')
 4 SYSTEMPATH/CodeIgniter.php(925): App\Controllers\Admin\SI_Relatorios->listas_send()
 5 SYSTEMPATH/CodeIgniter.php(480): CodeIgniter\CodeIgniter->runController(Object(App\Controllers\Admin\SI_Relatorios))
 6 SYSTEMPATH/CodeIgniter.php(349): CodeIgniter\CodeIgniter->handleRequest(null, Object(Config\Cache), false)
 7 FCPATH/index.php(72): CodeIgniter\CodeIgniter->run()
CRITICAL - 2025-02-26 09:42:21 --> Undefined array key 0
in APPPATH/Controllers/Admin/SI_Relatorios.php on line 707.
 1 APPPATH/Controllers/Admin/SI_Relatorios.php(707): CodeIgniter\Debug\Exceptions->errorHandler(2, 'Undefined array key 0', 'APPPATH/Controllers/Admin/SI_Relatorios.php', 707)
 2 APPPATH/Controllers/Admin/SI_Relatorios.php(156): App\Controllers\Admin\relatorio_lista_carometro->render([])
 3 APPPATH/Controllers/Admin/SI_Relatorios.php(104): App\Controllers\Admin\SI_Relatorios->listas_carometro('-1', '-1', '2025')
 4 SYSTEMPATH/CodeIgniter.php(925): App\Controllers\Admin\SI_Relatorios->listas_send()
 5 SYSTEMPATH/CodeIgniter.php(480): CodeIgniter\CodeIgniter->runController(Object(App\Controllers\Admin\SI_Relatorios))
 6 SYSTEMPATH/CodeIgniter.php(349): CodeIgniter\CodeIgniter->handleRequest(null, Object(Config\Cache), false)
 7 FCPATH/index.php(72): CodeIgniter\CodeIgniter->run()
ERROR - 2025-02-26 17:29:28 --> mysqli_sql_exception: You have an error in your SQL syntax; check the manual that corresponds to your MySQL server version for the right syntax to use near ')
				OR -1 = -1 AND t.ano = -1 AND t.status = 1
			order by n.ordem, t.ano, t.n' at line 7 in /home/storage/4/8f/cf/colegioportalcui1/public_html/project/system/Database/MySQLi/Connection.php:292
Stack trace:
#0 /home/storage/4/8f/cf/colegioportalcui1/public_html/project/system/Database/MySQLi/Connection.php(292): mysqli->query('\n\t\t\tselect conc...', 0)
#1 /home/storage/4/8f/cf/colegioportalcui1/public_html/project/system/Database/BaseConnection.php(666): CodeIgniter\Database\MySQLi\Connection->execute('\n\t\t\tselect conc...')
#2 /home/storage/4/8f/cf/colegioportalcui1/public_html/project/system/Database/BaseConnection.php(593): CodeIgniter\Database\BaseConnection->simpleQuery('\n\t\t\tselect conc...')
#3 /home/storage/4/8f/cf/colegioportalcui1/public_html/project/system/Model.php(805): CodeIgniter\Database\BaseConnection->query('\n\t\t\tselect conc...')
#4 /home/storage/4/8f/cf/colegioportalcui1/public_html/project/app/Controllers/Admin/SI_Relatorios.php(247): CodeIgniter\Model->__call('query', Array)
#5 /home/storage/4/8f/cf/colegioportalcui1/public_html/project/app/Controllers/Admin/SI_Relatorios.php(93): App\Controllers\Admin\SI_Relatorios->listas_chamada('-1', '-1')
#6 /home/storage/4/8f/cf/colegioportalcui1/public_html/project/system/CodeIgniter.php(925): App\Controllers\Admin\SI_Relatorios->listas_send()
#7 /home/storage/4/8f/cf/colegioportalcui1/public_html/project/system/CodeIgniter.php(480): CodeIgniter\CodeIgniter->runController(Object(App\Controllers\Admin\SI_Relatorios))
#8 /home/storage/4/8f/cf/colegioportalcui1/public_html/project/system/CodeIgniter.php(349): CodeIgniter\CodeIgniter->handleRequest(NULL, Object(Config\Cache), false)
#9 /home/storage/4/8f/cf/colegioportalcui1/public_html/index.php(72): CodeIgniter\CodeIgniter->run()
#10 {main}
CRITICAL - 2025-02-26 17:29:28 --> Call to a member function getResultArray() on false
in APPPATH/Controllers/Admin/SI_Relatorios.php on line 247.
 1 APPPATH/Controllers/Admin/SI_Relatorios.php(93): App\Controllers\Admin\SI_Relatorios->listas_chamada('-1', '-1')
 2 SYSTEMPATH/CodeIgniter.php(925): App\Controllers\Admin\SI_Relatorios->listas_send()
 3 SYSTEMPATH/CodeIgniter.php(480): CodeIgniter\CodeIgniter->runController(Object(App\Controllers\Admin\SI_Relatorios))
 4 SYSTEMPATH/CodeIgniter.php(349): CodeIgniter\CodeIgniter->handleRequest(null, Object(Config\Cache), false)
 5 FCPATH/index.php(72): CodeIgniter\CodeIgniter->run()
