CRITICAL - 2025-05-11 09:25:14 --> Undefined variable $sent
in APPPATH/Controllers/Site/Contatos.php on line 70.
 1 APPPATH/Controllers/Site/Contatos.php(70): CodeIgniter\Debug\Exceptions->errorHandler(2, 'Undefined variable $sent', 'APPPATH/Controllers/Site/Contatos.php', 70)
 2 SYSTEMPATH/CodeIgniter.php(925): App\Controllers\Site\Contatos->sendMail()
 3 SYSTEMPATH/CodeIgniter.php(480): CodeIgniter\CodeIgniter->runController(Object(App\Controllers\Site\Contatos))
 4 SYSTEMPATH/CodeIgniter.php(349): CodeIgniter\CodeIgniter->handleRequest(null, Object(Config\Cache), false)
 5 FCPATH/index.php(72): CodeIgniter\CodeIgniter->run()
CRITICAL - 2025-05-11 23:05:36 --> Attempt to read property "id" on array
in APPPATH/Views/admin/SI_Relatorios/boletim_turma.php on line 47.
 1 APPPATH/Views/admin/SI_Relatorios/boletim_turma.php(47): CodeIgniter\Debug\Exceptions->errorHandler(2, 'Attempt to read property "id" on array', 'APPPATH/Views/admin/SI_Relatorios/boletim_turma.php', 47)
 2 SYSTEMPATH/View/View.php(213): include('APPPATH/Views/admin/SI_Relatorios/boletim_turma.php')
 3 SYSTEMPATH/View/View.php(216): CodeIgniter\View\View->CodeIgniter\View\{closure}()
 4 SYSTEMPATH/Common.php(1135): CodeIgniter\View\View->render('admin/SI_Relatorios/boletim_turma.php', [], true)
 5 APPPATH/Controllers/Admin/SI_Relatorios.php(587): view('admin/SI_Relatorios/boletim_turma.php', [...])
 6 SYSTEMPATH/CodeIgniter.php(925): App\Controllers\Admin\SI_Relatorios->boletim_turma()
 7 SYSTEMPATH/CodeIgniter.php(480): CodeIgniter\CodeIgniter->runController(Object(App\Controllers\Admin\SI_Relatorios))
 8 SYSTEMPATH/CodeIgniter.php(349): CodeIgniter\CodeIgniter->handleRequest(null, Object(Config\Cache), false)
 9 FCPATH/index.php(72): CodeIgniter\CodeIgniter->run()
CRITICAL - 2025-05-11 23:06:05 --> Arquivo não encontrado: Boletim_turma.pdf
in SYSTEMPATH/Files/File.php on line 47.
 1 SYSTEMPATH/Files/File.php(47): CodeIgniter\Files\Exceptions\FileNotFoundException::forFileNotFound('Boletim_turma.pdf')
 2 SYSTEMPATH/HTTP/DownloadResponse.php(97): CodeIgniter\Files\File->__construct('Boletim_turma.pdf', true)
 3 SYSTEMPATH/HTTP/ResponseTrait.php(792): CodeIgniter\HTTP\DownloadResponse->setFilePath('Boletim_turma.pdf')
 4 APPPATH/Controllers/Admin/SI_Relatorios.php(5333): CodeIgniter\HTTP\Response->download('Boletim_turma.pdf', null)
 5 APPPATH/Controllers/Admin/SI_Relatorios.php(595): App\Controllers\Admin\monta_pdf_boletim_turma->render('386', '1123')
 6 SYSTEMPATH/CodeIgniter.php(925): App\Controllers\Admin\SI_Relatorios->gerar_boletim_turma('386')
 7 SYSTEMPATH/CodeIgniter.php(480): CodeIgniter\CodeIgniter->runController(Object(App\Controllers\Admin\SI_Relatorios))
 8 SYSTEMPATH/CodeIgniter.php(349): CodeIgniter\CodeIgniter->handleRequest(null, Object(Config\Cache), false)
 9 FCPATH/index.php(72): CodeIgniter\CodeIgniter->run()
CRITICAL - 2025-05-11 23:08:20 --> Arquivo não encontrado: Boletim_turma.pdf
in SYSTEMPATH/Files/File.php on line 47.
 1 SYSTEMPATH/Files/File.php(47): CodeIgniter\Files\Exceptions\FileNotFoundException::forFileNotFound('Boletim_turma.pdf')
 2 SYSTEMPATH/HTTP/DownloadResponse.php(97): CodeIgniter\Files\File->__construct('Boletim_turma.pdf', true)
 3 SYSTEMPATH/HTTP/ResponseTrait.php(792): CodeIgniter\HTTP\DownloadResponse->setFilePath('Boletim_turma.pdf')
 4 APPPATH/Controllers/Admin/SI_Relatorios.php(5333): CodeIgniter\HTTP\Response->download('Boletim_turma.pdf', null)
 5 APPPATH/Controllers/Admin/SI_Relatorios.php(595): App\Controllers\Admin\monta_pdf_boletim_turma->render('387', '904')
 6 SYSTEMPATH/CodeIgniter.php(925): App\Controllers\Admin\SI_Relatorios->gerar_boletim_turma('387')
 7 SYSTEMPATH/CodeIgniter.php(480): CodeIgniter\CodeIgniter->runController(Object(App\Controllers\Admin\SI_Relatorios))
 8 SYSTEMPATH/CodeIgniter.php(349): CodeIgniter\CodeIgniter->handleRequest(null, Object(Config\Cache), false)
 9 FCPATH/index.php(72): CodeIgniter\CodeIgniter->run()
