CRITICAL - 2025-02-28 07:57:14 --> imagejpeg(https://colegioportalcuiaba.com.br/assets/dist/img/arquivo_foto_aluno/1740503992_40be806b621deb88cb9c.jpeg): Failed to open stream: HTTP wrapper does not support writeable connections
in APPPATH/Controllers/Admin/SI_RequerimentoMatricula.php on line 193.
 1 [internal function]: CodeIgniter\Debug\Exceptions->errorHandler(2, 'imagejpeg(https://colegioportalcuiaba.com.br/assets/dist/img/arquivo_foto_aluno/1740503992_40be806b621deb88cb9c.jpeg): Failed to open stream: HTTP wrapper does not support writeable connections', 'APPPATH/Controllers/Admin/SI_RequerimentoMatricula.php', 193)
 2 APPPATH/Controllers/Admin/SI_RequerimentoMatricula.php(193): imagejpeg(Object(GdImage), 'https://colegioportalcuiaba.com.br/assets/dist/img/arquivo_foto_aluno/1740503992_40be806b621deb88cb9c.jpeg', 96)
 3 SYSTEMPATH/CodeIgniter.php(925): App\Controllers\Admin\SI_RequerimentoMatricula->adicionar_vetor()
 4 SYSTEMPATH/CodeIgniter.php(480): CodeIgniter\CodeIgniter->runController(Object(App\Controllers\Admin\SI_RequerimentoMatricula))
 5 SYSTEMPATH/CodeIgniter.php(349): CodeIgniter\CodeIgniter->handleRequest(null, Object(Config\Cache), false)
 6 FCPATH/index.php(72): CodeIgniter\CodeIgniter->run()
CRITICAL - 2025-02-28 07:58:14 --> imagejpeg(https://colegioportalcuiaba.com.br/assets/dist/img/arquivo_foto_aluno/1740503992_40be806b621deb88cb9c.jpeg): Failed to open stream: HTTP wrapper does not support writeable connections
in APPPATH/Controllers/Admin/SI_RequerimentoMatricula.php on line 193.
 1 [internal function]: CodeIgniter\Debug\Exceptions->errorHandler(2, 'imagejpeg(https://colegioportalcuiaba.com.br/assets/dist/img/arquivo_foto_aluno/1740503992_40be806b621deb88cb9c.jpeg): Failed to open stream: HTTP wrapper does not support writeable connections', 'APPPATH/Controllers/Admin/SI_RequerimentoMatricula.php', 193)
 2 APPPATH/Controllers/Admin/SI_RequerimentoMatricula.php(193): imagejpeg(Object(GdImage), 'https://colegioportalcuiaba.com.br/assets/dist/img/arquivo_foto_aluno/1740503992_40be806b621deb88cb9c.jpeg', 96)
 3 SYSTEMPATH/CodeIgniter.php(925): App\Controllers\Admin\SI_RequerimentoMatricula->adicionar_vetor()
 4 SYSTEMPATH/CodeIgniter.php(480): CodeIgniter\CodeIgniter->runController(Object(App\Controllers\Admin\SI_RequerimentoMatricula))
 5 SYSTEMPATH/CodeIgniter.php(349): CodeIgniter\CodeIgniter->handleRequest(null, Object(Config\Cache), false)
 6 FCPATH/index.php(72): CodeIgniter\CodeIgniter->run()
CRITICAL - 2025-02-28 07:58:32 --> imagejpeg(https://colegioportalcuiaba.com.br/assets/dist/img/arquivo_foto_aluno/1740503992_40be806b621deb88cb9c.jpeg): Failed to open stream: HTTP wrapper does not support writeable connections
in APPPATH/Controllers/Admin/SI_RequerimentoMatricula.php on line 193.
 1 [internal function]: CodeIgniter\Debug\Exceptions->errorHandler(2, 'imagejpeg(https://colegioportalcuiaba.com.br/assets/dist/img/arquivo_foto_aluno/1740503992_40be806b621deb88cb9c.jpeg): Failed to open stream: HTTP wrapper does not support writeable connections', 'APPPATH/Controllers/Admin/SI_RequerimentoMatricula.php', 193)
 2 APPPATH/Controllers/Admin/SI_RequerimentoMatricula.php(193): imagejpeg(Object(GdImage), 'https://colegioportalcuiaba.com.br/assets/dist/img/arquivo_foto_aluno/1740503992_40be806b621deb88cb9c.jpeg', 96)
 3 SYSTEMPATH/CodeIgniter.php(925): App\Controllers\Admin\SI_RequerimentoMatricula->adicionar_vetor()
 4 SYSTEMPATH/CodeIgniter.php(480): CodeIgniter\CodeIgniter->runController(Object(App\Controllers\Admin\SI_RequerimentoMatricula))
 5 SYSTEMPATH/CodeIgniter.php(349): CodeIgniter\CodeIgniter->handleRequest(null, Object(Config\Cache), false)
 6 FCPATH/index.php(72): CodeIgniter\CodeIgniter->run()
CRITICAL - 2025-02-28 08:13:13 --> imagejpeg(https://colegioportalcuiaba.com.br/assets/dist/img/arquivo_foto_aluno/1740503992_40be806b621deb88cb9c.jpeg): Failed to open stream: HTTP wrapper does not support writeable connections
in APPPATH/Controllers/Admin/SI_RequerimentoMatricula.php on line 193.
 1 [internal function]: CodeIgniter\Debug\Exceptions->errorHandler(2, 'imagejpeg(https://colegioportalcuiaba.com.br/assets/dist/img/arquivo_foto_aluno/1740503992_40be806b621deb88cb9c.jpeg): Failed to open stream: HTTP wrapper does not support writeable connections', 'APPPATH/Controllers/Admin/SI_RequerimentoMatricula.php', 193)
 2 APPPATH/Controllers/Admin/SI_RequerimentoMatricula.php(193): imagejpeg(Object(GdImage), 'https://colegioportalcuiaba.com.br/assets/dist/img/arquivo_foto_aluno/1740503992_40be806b621deb88cb9c.jpeg', 96)
 3 SYSTEMPATH/CodeIgniter.php(925): App\Controllers\Admin\SI_RequerimentoMatricula->adicionar_vetor()
 4 SYSTEMPATH/CodeIgniter.php(480): CodeIgniter\CodeIgniter->runController(Object(App\Controllers\Admin\SI_RequerimentoMatricula))
 5 SYSTEMPATH/CodeIgniter.php(349): CodeIgniter\CodeIgniter->handleRequest(null, Object(Config\Cache), false)
 6 FCPATH/index.php(72): CodeIgniter\CodeIgniter->run()
CRITICAL - 2025-02-28 08:19:32 --> imagejpeg(https://colegioportalcuiaba.com.br/assets/dist/img/arquivo_foto_aluno/1740503992_40be806b621deb88cb9c.jpeg): Failed to open stream: HTTP wrapper does not support writeable connections
in APPPATH/Controllers/Admin/SI_RequerimentoMatricula.php on line 193.
 1 [internal function]: CodeIgniter\Debug\Exceptions->errorHandler(2, 'imagejpeg(https://colegioportalcuiaba.com.br/assets/dist/img/arquivo_foto_aluno/1740503992_40be806b621deb88cb9c.jpeg): Failed to open stream: HTTP wrapper does not support writeable connections', 'APPPATH/Controllers/Admin/SI_RequerimentoMatricula.php', 193)
 2 APPPATH/Controllers/Admin/SI_RequerimentoMatricula.php(193): imagejpeg(Object(GdImage), 'https://colegioportalcuiaba.com.br/assets/dist/img/arquivo_foto_aluno/1740503992_40be806b621deb88cb9c.jpeg', 96)
 3 SYSTEMPATH/CodeIgniter.php(925): App\Controllers\Admin\SI_RequerimentoMatricula->adicionar_vetor()
 4 SYSTEMPATH/CodeIgniter.php(480): CodeIgniter\CodeIgniter->runController(Object(App\Controllers\Admin\SI_RequerimentoMatricula))
 5 SYSTEMPATH/CodeIgniter.php(349): CodeIgniter\CodeIgniter->handleRequest(null, Object(Config\Cache), false)
 6 FCPATH/index.php(72): CodeIgniter\CodeIgniter->run()
CRITICAL - 2025-02-28 08:22:18 --> imagejpeg(https://colegioportalcuiaba.com.br/assets/dist/img/arquivo_foto_aluno/1740745328_f9b561dbcb683e465ab0.jpeg): Failed to open stream: HTTP wrapper does not support writeable connections
in APPPATH/Controllers/Admin/SI_RequerimentoMatricula.php on line 193.
 1 [internal function]: CodeIgniter\Debug\Exceptions->errorHandler(2, 'imagejpeg(https://colegioportalcuiaba.com.br/assets/dist/img/arquivo_foto_aluno/1740745328_f9b561dbcb683e465ab0.jpeg): Failed to open stream: HTTP wrapper does not support writeable connections', 'APPPATH/Controllers/Admin/SI_RequerimentoMatricula.php', 193)
 2 APPPATH/Controllers/Admin/SI_RequerimentoMatricula.php(193): imagejpeg(Object(GdImage), 'https://colegioportalcuiaba.com.br/assets/dist/img/arquivo_foto_aluno/1740745328_f9b561dbcb683e465ab0.jpeg', 96)
 3 SYSTEMPATH/CodeIgniter.php(925): App\Controllers\Admin\SI_RequerimentoMatricula->adicionar_vetor()
 4 SYSTEMPATH/CodeIgniter.php(480): CodeIgniter\CodeIgniter->runController(Object(App\Controllers\Admin\SI_RequerimentoMatricula))
 5 SYSTEMPATH/CodeIgniter.php(349): CodeIgniter\CodeIgniter->handleRequest(null, Object(Config\Cache), false)
 6 FCPATH/index.php(72): CodeIgniter\CodeIgniter->run()
