ERROR - 2024-12-02 08:02:29 --> Error connecting to the database: ErrorException: mysqli::real_connect(): php_network_getaddresses: getaddrinfo for colegioportal.mysql.dbaas.com.br failed: Name or service not known in /home/storage/4/8f/cf/colegioportalcui1/public_html/project/system/Database/MySQLi/Connection.php:170
Stack trace:
#0 [internal function]: CodeIgniter\Debug\Exceptions->errorHandler(2, 'mysqli::real_co...', '/home/storage/4...', 170)
#1 /home/storage/4/8f/cf/colegioportalcui1/public_html/project/system/Database/MySQLi/Connection.php(170): mysqli->real_connect('colegioportal.m...', 'colegioportal', Object(SensitiveParameterValue), 'colegioportal', 3306, '', 0)
#2 /home/storage/4/8f/cf/colegioportalcui1/public_html/project/system/Database/BaseConnection.php(382): CodeIgniter\Database\MySQLi\Connection->connect(false)
#3 /home/storage/4/8f/cf/colegioportalcui1/public_html/project/system/Database/BaseConnection.php(561): CodeIgniter\Database\BaseConnection->initialize()
#4 /home/storage/4/8f/cf/colegioportalcui1/public_html/project/system/Database/BaseBuilder.php(1585): CodeIgniter\Database\BaseConnection->query('SELECT *\nFROM `...', Array, false)
#5 /home/storage/4/8f/cf/colegioportalcui1/public_html/project/system/Model.php(199): CodeIgniter\Database\BaseBuilder->get()
#6 /home/storage/4/8f/cf/colegioportalcui1/public_html/project/system/BaseModel.php(525): CodeIgniter\Model->doFind(true, '366')
#7 /home/storage/4/8f/cf/colegioportalcui1/public_html/project/app/Controllers/Admin/SI_Relatorios.php(599): CodeIgniter\BaseModel->find('366')
#8 /home/storage/4/8f/cf/colegioportalcui1/public_html/project/system/CodeIgniter.php(925): App\Controllers\Admin\SI_Relatorios->notas_trimestrais('366', '652', '3')
#9 /home/storage/4/8f/cf/colegioportalcui1/public_html/project/system/CodeIgniter.php(480): CodeIgniter\CodeIgniter->runController(Object(App\Controllers\Admin\SI_Relatorios))
#10 /home/storage/4/8f/cf/colegioportalcui1/public_html/project/system/CodeIgniter.php(349): CodeIgniter\CodeIgniter->handleRequest(NULL, Object(Config\Cache), false)
#11 /home/storage/4/8f/cf/colegioportalcui1/public_html/index.php(72): CodeIgniter\CodeIgniter->run()
#12 {main}

Next mysqli_sql_exception: php_network_getaddresses: getaddrinfo for colegioportal.mysql.dbaas.com.br failed: Name or service not known in /home/storage/4/8f/cf/colegioportalcui1/public_html/project/system/Database/MySQLi/Connection.php:170
Stack trace:
#0 /home/storage/4/8f/cf/colegioportalcui1/public_html/project/system/Database/MySQLi/Connection.php(170): mysqli->real_connect('colegioportal.m...', 'colegioportal', Object(SensitiveParameterValue), 'colegioportal', 3306, '', 0)
#1 /home/storage/4/8f/cf/colegioportalcui1/public_html/project/system/Database/BaseConnection.php(382): CodeIgniter\Database\MySQLi\Connection->connect(false)
#2 /home/storage/4/8f/cf/colegioportalcui1/public_html/project/system/Database/BaseConnection.php(561): CodeIgniter\Database\BaseConnection->initialize()
#3 /home/storage/4/8f/cf/colegioportalcui1/public_html/project/system/Database/BaseBuilder.php(1585): CodeIgniter\Database\BaseConnection->query('SELECT *\nFROM `...', Array, false)
#4 /home/storage/4/8f/cf/colegioportalcui1/public_html/project/system/Model.php(199): CodeIgniter\Database\BaseBuilder->get()
#5 /home/storage/4/8f/cf/colegioportalcui1/public_html/project/system/BaseModel.php(525): CodeIgniter\Model->doFind(true, '366')
#6 /home/storage/4/8f/cf/colegioportalcui1/public_html/project/app/Controllers/Admin/SI_Relatorios.php(599): CodeIgniter\BaseModel->find('366')
#7 /home/storage/4/8f/cf/colegioportalcui1/public_html/project/system/CodeIgniter.php(925): App\Controllers\Admin\SI_Relatorios->notas_trimestrais('366', '652', '3')
#8 /home/storage/4/8f/cf/colegioportalcui1/public_html/project/system/CodeIgniter.php(480): CodeIgniter\CodeIgniter->runController(Object(App\Controllers\Admin\SI_Relatorios))
#9 /home/storage/4/8f/cf/colegioportalcui1/public_html/project/system/CodeIgniter.php(349): CodeIgniter\CodeIgniter->handleRequest(NULL, Object(Config\Cache), false)
#10 /home/storage/4/8f/cf/colegioportalcui1/public_html/index.php(72): CodeIgniter\CodeIgniter->run()
#11 {main}

Next CodeIgniter\Database\Exceptions\DatabaseException: php_network_getaddresses: getaddrinfo for ****.mysql.dbaas.com.br failed: Name or service not known in /home/storage/4/8f/cf/colegioportalcui1/public_html/project/system/Database/MySQLi/Connection.php:215
Stack trace:
#0 /home/storage/4/8f/cf/colegioportalcui1/public_html/project/system/Database/BaseConnection.php(382): CodeIgniter\Database\MySQLi\Connection->connect(false)
#1 /home/storage/4/8f/cf/colegioportalcui1/public_html/project/system/Database/BaseConnection.php(561): CodeIgniter\Database\BaseConnection->initialize()
#2 /home/storage/4/8f/cf/colegioportalcui1/public_html/project/system/Database/BaseBuilder.php(1585): CodeIgniter\Database\BaseConnection->query('SELECT *\nFROM `...', Array, false)
#3 /home/storage/4/8f/cf/colegioportalcui1/public_html/project/system/Model.php(199): CodeIgniter\Database\BaseBuilder->get()
#4 /home/storage/4/8f/cf/colegioportalcui1/public_html/project/system/BaseModel.php(525): CodeIgniter\Model->doFind(true, '366')
#5 /home/storage/4/8f/cf/colegioportalcui1/public_html/project/app/Controllers/Admin/SI_Relatorios.php(599): CodeIgniter\BaseModel->find('366')
#6 /home/storage/4/8f/cf/colegioportalcui1/public_html/project/system/CodeIgniter.php(925): App\Controllers\Admin\SI_Relatorios->notas_trimestrais('366', '652', '3')
#7 /home/storage/4/8f/cf/colegioportalcui1/public_html/project/system/CodeIgniter.php(480): CodeIgniter\CodeIgniter->runController(Object(App\Controllers\Admin\SI_Relatorios))
#8 /home/storage/4/8f/cf/colegioportalcui1/public_html/project/system/CodeIgniter.php(349): CodeIgniter\CodeIgniter->handleRequest(NULL, Object(Config\Cache), false)
#9 /home/storage/4/8f/cf/colegioportalcui1/public_html/index.php(72): CodeIgniter\CodeIgniter->run()
#10 {main}
CRITICAL - 2024-12-02 08:02:29 --> Unable to connect to the database.
Main connection [MySQLi]: php_network_getaddresses: getaddrinfo for ****.mysql.dbaas.com.br failed: Name or service not known
in SYSTEMPATH/Database/BaseConnection.php on line 418.
 1 SYSTEMPATH/Database/BaseConnection.php(561): CodeIgniter\Database\BaseConnection->initialize()
 2 SYSTEMPATH/Database/BaseBuilder.php(1585): CodeIgniter\Database\BaseConnection->query('SELECT *
FROM `si_turma`
WHERE `si_turma`.`id` = :si_turma.id:', [...], false)
 3 SYSTEMPATH/Model.php(199): CodeIgniter\Database\BaseBuilder->get()
 4 SYSTEMPATH/BaseModel.php(525): CodeIgniter\Model->doFind(true, '366')
 5 APPPATH/Controllers/Admin/SI_Relatorios.php(599): CodeIgniter\BaseModel->find('366')
 6 SYSTEMPATH/CodeIgniter.php(925): App\Controllers\Admin\SI_Relatorios->notas_trimestrais('366', '652', '3')
 7 SYSTEMPATH/CodeIgniter.php(480): CodeIgniter\CodeIgniter->runController(Object(App\Controllers\Admin\SI_Relatorios))
 8 SYSTEMPATH/CodeIgniter.php(349): CodeIgniter\CodeIgniter->handleRequest(null, Object(Config\Cache), false)
 9 FCPATH/index.php(72): CodeIgniter\CodeIgniter->run()
ERROR - 2024-12-02 08:23:36 --> mysqli_sql_exception: You have an error in your SQL syntax; check the manual that corresponds to your MySQL server version for the right syntax to use near ')
				OR -1 = -1 AND t.ano = -1 AND t.status = 1
			order by n.ordem, t.ano, t.n' at line 7 in /home/storage/4/8f/cf/colegioportalcui1/public_html/project/system/Database/MySQLi/Connection.php:292
Stack trace:
#0 /home/storage/4/8f/cf/colegioportalcui1/public_html/project/system/Database/MySQLi/Connection.php(292): mysqli->query('\n\t\t\tselect conc...', 0)
#1 /home/storage/4/8f/cf/colegioportalcui1/public_html/project/system/Database/BaseConnection.php(666): CodeIgniter\Database\MySQLi\Connection->execute('\n\t\t\tselect conc...')
#2 /home/storage/4/8f/cf/colegioportalcui1/public_html/project/system/Database/BaseConnection.php(593): CodeIgniter\Database\BaseConnection->simpleQuery('\n\t\t\tselect conc...')
#3 /home/storage/4/8f/cf/colegioportalcui1/public_html/project/system/Model.php(805): CodeIgniter\Database\BaseConnection->query('\n\t\t\tselect conc...')
#4 /home/storage/4/8f/cf/colegioportalcui1/public_html/project/app/Controllers/Admin/SI_Relatorios.php(210): CodeIgniter\Model->__call('query', Array)
#5 /home/storage/4/8f/cf/colegioportalcui1/public_html/project/app/Controllers/Admin/SI_Relatorios.php(56): App\Controllers\Admin\SI_Relatorios->listas_chamada('-1', '-1')
#6 /home/storage/4/8f/cf/colegioportalcui1/public_html/project/system/CodeIgniter.php(925): App\Controllers\Admin\SI_Relatorios->listas_send()
#7 /home/storage/4/8f/cf/colegioportalcui1/public_html/project/system/CodeIgniter.php(480): CodeIgniter\CodeIgniter->runController(Object(App\Controllers\Admin\SI_Relatorios))
#8 /home/storage/4/8f/cf/colegioportalcui1/public_html/project/system/CodeIgniter.php(349): CodeIgniter\CodeIgniter->handleRequest(NULL, Object(Config\Cache), false)
#9 /home/storage/4/8f/cf/colegioportalcui1/public_html/index.php(72): CodeIgniter\CodeIgniter->run()
#10 {main}
CRITICAL - 2024-12-02 08:23:36 --> Call to a member function getResultArray() on false
in APPPATH/Controllers/Admin/SI_Relatorios.php on line 210.
 1 APPPATH/Controllers/Admin/SI_Relatorios.php(56): App\Controllers\Admin\SI_Relatorios->listas_chamada('-1', '-1')
 2 SYSTEMPATH/CodeIgniter.php(925): App\Controllers\Admin\SI_Relatorios->listas_send()
 3 SYSTEMPATH/CodeIgniter.php(480): CodeIgniter\CodeIgniter->runController(Object(App\Controllers\Admin\SI_Relatorios))
 4 SYSTEMPATH/CodeIgniter.php(349): CodeIgniter\CodeIgniter->handleRequest(null, Object(Config\Cache), false)
 5 FCPATH/index.php(72): CodeIgniter\CodeIgniter->run()
CRITICAL - 2024-12-02 14:17:02 --> Undefined variable $arquivos
in APPPATH/Views/admin/SI_PaginasInternas/index.php on line 92.
 1 APPPATH/Views/admin/SI_PaginasInternas/index.php(92): CodeIgniter\Debug\Exceptions->errorHandler(2, 'Undefined variable $arquivos', 'APPPATH/Views/admin/SI_PaginasInternas/index.php', 92)
 2 SYSTEMPATH/View/View.php(213): include('APPPATH/Views/admin/SI_PaginasInternas/index.php')
 3 SYSTEMPATH/View/View.php(216): CodeIgniter\View\View->CodeIgniter\View\{closure}()
 4 SYSTEMPATH/Common.php(1135): CodeIgniter\View\View->render('admin/SI_PaginasInternas/index.php', [], true)
 5 APPPATH/Controllers/Admin/SI_PaginasInternas.php(43): view('admin/SI_PaginasInternas/index.php', [...])
 6 SYSTEMPATH/CodeIgniter.php(925): App\Controllers\Admin\SI_PaginasInternas->index('2')
 7 SYSTEMPATH/CodeIgniter.php(480): CodeIgniter\CodeIgniter->runController(Object(App\Controllers\Admin\SI_PaginasInternas))
 8 SYSTEMPATH/CodeIgniter.php(349): CodeIgniter\CodeIgniter->handleRequest(null, Object(Config\Cache), false)
 9 FCPATH/index.php(72): CodeIgniter\CodeIgniter->run()
CRITICAL - 2024-12-02 14:17:11 --> Undefined variable $arquivos
in APPPATH/Views/admin/SI_PaginasInternas/index.php on line 92.
 1 APPPATH/Views/admin/SI_PaginasInternas/index.php(92): CodeIgniter\Debug\Exceptions->errorHandler(2, 'Undefined variable $arquivos', 'APPPATH/Views/admin/SI_PaginasInternas/index.php', 92)
 2 SYSTEMPATH/View/View.php(213): include('APPPATH/Views/admin/SI_PaginasInternas/index.php')
 3 SYSTEMPATH/View/View.php(216): CodeIgniter\View\View->CodeIgniter\View\{closure}()
 4 SYSTEMPATH/Common.php(1135): CodeIgniter\View\View->render('admin/SI_PaginasInternas/index.php', [], true)
 5 APPPATH/Controllers/Admin/SI_PaginasInternas.php(43): view('admin/SI_PaginasInternas/index.php', [...])
 6 SYSTEMPATH/CodeIgniter.php(925): App\Controllers\Admin\SI_PaginasInternas->index('2')
 7 SYSTEMPATH/CodeIgniter.php(480): CodeIgniter\CodeIgniter->runController(Object(App\Controllers\Admin\SI_PaginasInternas))
 8 SYSTEMPATH/CodeIgniter.php(349): CodeIgniter\CodeIgniter->handleRequest(null, Object(Config\Cache), false)
 9 FCPATH/index.php(72): CodeIgniter\CodeIgniter->run()
CRITICAL - 2024-12-02 14:17:16 --> Undefined variable $arquivos
in APPPATH/Views/admin/SI_PaginasInternas/index.php on line 92.
 1 APPPATH/Views/admin/SI_PaginasInternas/index.php(92): CodeIgniter\Debug\Exceptions->errorHandler(2, 'Undefined variable $arquivos', 'APPPATH/Views/admin/SI_PaginasInternas/index.php', 92)
 2 SYSTEMPATH/View/View.php(213): include('APPPATH/Views/admin/SI_PaginasInternas/index.php')
 3 SYSTEMPATH/View/View.php(216): CodeIgniter\View\View->CodeIgniter\View\{closure}()
 4 SYSTEMPATH/Common.php(1135): CodeIgniter\View\View->render('admin/SI_PaginasInternas/index.php', [], true)
 5 APPPATH/Controllers/Admin/SI_PaginasInternas.php(43): view('admin/SI_PaginasInternas/index.php', [...])
 6 SYSTEMPATH/CodeIgniter.php(925): App\Controllers\Admin\SI_PaginasInternas->index('2')
 7 SYSTEMPATH/CodeIgniter.php(480): CodeIgniter\CodeIgniter->runController(Object(App\Controllers\Admin\SI_PaginasInternas))
 8 SYSTEMPATH/CodeIgniter.php(349): CodeIgniter\CodeIgniter->handleRequest(null, Object(Config\Cache), false)
 9 FCPATH/index.php(72): CodeIgniter\CodeIgniter->run()
CRITICAL - 2024-12-02 14:19:11 --> Undefined variable $arquivos
in APPPATH/Views/admin/SI_PaginasInternas/index.php on line 92.
 1 APPPATH/Views/admin/SI_PaginasInternas/index.php(92): CodeIgniter\Debug\Exceptions->errorHandler(2, 'Undefined variable $arquivos', 'APPPATH/Views/admin/SI_PaginasInternas/index.php', 92)
 2 SYSTEMPATH/View/View.php(213): include('APPPATH/Views/admin/SI_PaginasInternas/index.php')
 3 SYSTEMPATH/View/View.php(216): CodeIgniter\View\View->CodeIgniter\View\{closure}()
 4 SYSTEMPATH/Common.php(1135): CodeIgniter\View\View->render('admin/SI_PaginasInternas/index.php', [], true)
 5 APPPATH/Controllers/Admin/SI_PaginasInternas.php(43): view('admin/SI_PaginasInternas/index.php', [...])
 6 SYSTEMPATH/CodeIgniter.php(925): App\Controllers\Admin\SI_PaginasInternas->index('6')
 7 SYSTEMPATH/CodeIgniter.php(480): CodeIgniter\CodeIgniter->runController(Object(App\Controllers\Admin\SI_PaginasInternas))
 8 SYSTEMPATH/CodeIgniter.php(349): CodeIgniter\CodeIgniter->handleRequest(null, Object(Config\Cache), false)
 9 FCPATH/index.php(72): CodeIgniter\CodeIgniter->run()
CRITICAL - 2024-12-02 14:19:20 --> Undefined variable $arquivos
in APPPATH/Views/admin/SI_PaginasInternas/index.php on line 92.
 1 APPPATH/Views/admin/SI_PaginasInternas/index.php(92): CodeIgniter\Debug\Exceptions->errorHandler(2, 'Undefined variable $arquivos', 'APPPATH/Views/admin/SI_PaginasInternas/index.php', 92)
 2 SYSTEMPATH/View/View.php(213): include('APPPATH/Views/admin/SI_PaginasInternas/index.php')
 3 SYSTEMPATH/View/View.php(216): CodeIgniter\View\View->CodeIgniter\View\{closure}()
 4 SYSTEMPATH/Common.php(1135): CodeIgniter\View\View->render('admin/SI_PaginasInternas/index.php', [], true)
 5 APPPATH/Controllers/Admin/SI_PaginasInternas.php(43): view('admin/SI_PaginasInternas/index.php', [...])
 6 SYSTEMPATH/CodeIgniter.php(925): App\Controllers\Admin\SI_PaginasInternas->index('6')
 7 SYSTEMPATH/CodeIgniter.php(480): CodeIgniter\CodeIgniter->runController(Object(App\Controllers\Admin\SI_PaginasInternas))
 8 SYSTEMPATH/CodeIgniter.php(349): CodeIgniter\CodeIgniter->handleRequest(null, Object(Config\Cache), false)
 9 FCPATH/index.php(72): CodeIgniter\CodeIgniter->run()
CRITICAL - 2024-12-02 15:58:54 --> Undefined array key 0
in APPPATH/Views/admin/SI_Turma/lancar-notas.php on line 109.
 1 APPPATH/Views/admin/SI_Turma/lancar-notas.php(109): CodeIgniter\Debug\Exceptions->errorHandler(2, 'Undefined array key 0', 'APPPATH/Views/admin/SI_Turma/lancar-notas.php', 109)
 2 SYSTEMPATH/View/View.php(213): include('APPPATH/Views/admin/SI_Turma/lancar-notas.php')
 3 SYSTEMPATH/View/View.php(216): CodeIgniter\View\View->CodeIgniter\View\{closure}()
 4 SYSTEMPATH/Common.php(1135): CodeIgniter\View\View->render('admin/SI_Turma/lancar-notas.php', [], true)
 5 APPPATH/Controllers/Admin/SI_Turma.php(880): view('admin/SI_Turma/lancar-notas.php', [...])
 6 SYSTEMPATH/CodeIgniter.php(925): App\Controllers\Admin\SI_Turma->lancarNotas('357', '8', '3')
 7 SYSTEMPATH/CodeIgniter.php(480): CodeIgniter\CodeIgniter->runController(Object(App\Controllers\Admin\SI_Turma))
 8 SYSTEMPATH/CodeIgniter.php(349): CodeIgniter\CodeIgniter->handleRequest(null, Object(Config\Cache), false)
 9 FCPATH/index.php(72): CodeIgniter\CodeIgniter->run()
CRITICAL - 2024-12-02 15:59:00 --> Undefined array key 0
in APPPATH/Views/admin/SI_Turma/lancar-notas.php on line 109.
 1 APPPATH/Views/admin/SI_Turma/lancar-notas.php(109): CodeIgniter\Debug\Exceptions->errorHandler(2, 'Undefined array key 0', 'APPPATH/Views/admin/SI_Turma/lancar-notas.php', 109)
 2 SYSTEMPATH/View/View.php(213): include('APPPATH/Views/admin/SI_Turma/lancar-notas.php')
 3 SYSTEMPATH/View/View.php(216): CodeIgniter\View\View->CodeIgniter\View\{closure}()
 4 SYSTEMPATH/Common.php(1135): CodeIgniter\View\View->render('admin/SI_Turma/lancar-notas.php', [], true)
 5 APPPATH/Controllers/Admin/SI_Turma.php(880): view('admin/SI_Turma/lancar-notas.php', [...])
 6 SYSTEMPATH/CodeIgniter.php(925): App\Controllers\Admin\SI_Turma->lancarNotas('357', '8', '3')
 7 SYSTEMPATH/CodeIgniter.php(480): CodeIgniter\CodeIgniter->runController(Object(App\Controllers\Admin\SI_Turma))
 8 SYSTEMPATH/CodeIgniter.php(349): CodeIgniter\CodeIgniter->handleRequest(null, Object(Config\Cache), false)
 9 FCPATH/index.php(72): CodeIgniter\CodeIgniter->run()
