CRITICAL - 2024-12-20 10:14:18 --> Arquivo não encontrado: Boletim_turma.pdf
in SYSTEMPATH/Files/File.php on line 47.
 1 SYSTEMPATH/Files/File.php(47): CodeIgniter\Files\Exceptions\FileNotFoundException::forFileNotFound('Boletim_turma.pdf')
 2 SYSTEMPATH/HTTP/DownloadResponse.php(97): CodeIgniter\Files\File->__construct('Boletim_turma.pdf', true)
 3 SYSTEMPATH/HTTP/ResponseTrait.php(792): CodeIgniter\HTTP\DownloadResponse->setFilePath('Boletim_turma.pdf')
 4 APPPATH/Controllers/Admin/SI_Relatorios.php(5333): CodeIgniter\HTTP\Response->download('Boletim_turma.pdf', null)
 5 APPPATH/Controllers/Admin/SI_Relatorios.php(595): App\Controllers\Admin\monta_pdf_boletim_turma->render('366', '729')
 6 SYSTEMPATH/CodeIgniter.php(925): App\Controllers\Admin\SI_Relatorios->gerar_boletim_turma('366', '729')
 7 SYSTEMPATH/CodeIgniter.php(480): CodeIgniter\CodeIgniter->runController(Object(App\Controllers\Admin\SI_Relatorios))
 8 SYSTEMPATH/CodeIgniter.php(349): CodeIgniter\CodeIgniter->handleRequest(null, Object(Config\Cache), false)
 9 FCPATH/index.php(72): CodeIgniter\CodeIgniter->run()
CRITICAL - 2024-12-20 10:15:01 --> Arquivo não encontrado: Boletim_turma.pdf
in SYSTEMPATH/Files/File.php on line 47.
 1 SYSTEMPATH/Files/File.php(47): CodeIgniter\Files\Exceptions\FileNotFoundException::forFileNotFound('Boletim_turma.pdf')
 2 SYSTEMPATH/HTTP/DownloadResponse.php(97): CodeIgniter\Files\File->__construct('Boletim_turma.pdf', true)
 3 SYSTEMPATH/HTTP/ResponseTrait.php(792): CodeIgniter\HTTP\DownloadResponse->setFilePath('Boletim_turma.pdf')
 4 APPPATH/Controllers/Admin/SI_Relatorios.php(5333): CodeIgniter\HTTP\Response->download('Boletim_turma.pdf', null)
 5 APPPATH/Controllers/Admin/SI_Relatorios.php(595): App\Controllers\Admin\monta_pdf_boletim_turma->render('366', '892')
 6 SYSTEMPATH/CodeIgniter.php(925): App\Controllers\Admin\SI_Relatorios->gerar_boletim_turma('366', '892')
 7 SYSTEMPATH/CodeIgniter.php(480): CodeIgniter\CodeIgniter->runController(Object(App\Controllers\Admin\SI_Relatorios))
 8 SYSTEMPATH/CodeIgniter.php(349): CodeIgniter\CodeIgniter->handleRequest(null, Object(Config\Cache), false)
 9 FCPATH/index.php(72): CodeIgniter\CodeIgniter->run()
CRITICAL - 2024-12-20 10:18:26 --> Arquivo não encontrado: Boletim_turma.pdf
in SYSTEMPATH/Files/File.php on line 47.
 1 SYSTEMPATH/Files/File.php(47): CodeIgniter\Files\Exceptions\FileNotFoundException::forFileNotFound('Boletim_turma.pdf')
 2 SYSTEMPATH/HTTP/DownloadResponse.php(97): CodeIgniter\Files\File->__construct('Boletim_turma.pdf', true)
 3 SYSTEMPATH/HTTP/ResponseTrait.php(792): CodeIgniter\HTTP\DownloadResponse->setFilePath('Boletim_turma.pdf')
 4 APPPATH/Controllers/Admin/SI_Relatorios.php(5333): CodeIgniter\HTTP\Response->download('Boletim_turma.pdf', null)
 5 APPPATH/Controllers/Admin/SI_Relatorios.php(595): App\Controllers\Admin\monta_pdf_boletim_turma->render('366', '729')
 6 SYSTEMPATH/CodeIgniter.php(925): App\Controllers\Admin\SI_Relatorios->gerar_boletim_turma('366', '729')
 7 SYSTEMPATH/CodeIgniter.php(480): CodeIgniter\CodeIgniter->runController(Object(App\Controllers\Admin\SI_Relatorios))
 8 SYSTEMPATH/CodeIgniter.php(349): CodeIgniter\CodeIgniter->handleRequest(null, Object(Config\Cache), false)
 9 FCPATH/index.php(72): CodeIgniter\CodeIgniter->run()
CRITICAL - 2024-12-20 10:19:48 --> Arquivo não encontrado: Boletim_turma.pdf
in SYSTEMPATH/Files/File.php on line 47.
 1 SYSTEMPATH/Files/File.php(47): CodeIgniter\Files\Exceptions\FileNotFoundException::forFileNotFound('Boletim_turma.pdf')
 2 SYSTEMPATH/HTTP/DownloadResponse.php(97): CodeIgniter\Files\File->__construct('Boletim_turma.pdf', true)
 3 SYSTEMPATH/HTTP/ResponseTrait.php(792): CodeIgniter\HTTP\DownloadResponse->setFilePath('Boletim_turma.pdf')
 4 APPPATH/Controllers/Admin/SI_Relatorios.php(5333): CodeIgniter\HTTP\Response->download('Boletim_turma.pdf', null)
 5 APPPATH/Controllers/Admin/SI_Relatorios.php(595): App\Controllers\Admin\monta_pdf_boletim_turma->render('366', '729')
 6 SYSTEMPATH/CodeIgniter.php(925): App\Controllers\Admin\SI_Relatorios->gerar_boletim_turma('366', '729')
 7 SYSTEMPATH/CodeIgniter.php(480): CodeIgniter\CodeIgniter->runController(Object(App\Controllers\Admin\SI_Relatorios))
 8 SYSTEMPATH/CodeIgniter.php(349): CodeIgniter\CodeIgniter->handleRequest(null, Object(Config\Cache), false)
 9 FCPATH/index.php(72): CodeIgniter\CodeIgniter->run()
CRITICAL - 2024-12-20 10:26:35 --> Arquivo não encontrado: Boletim_turma.pdf
in SYSTEMPATH/Files/File.php on line 47.
 1 SYSTEMPATH/Files/File.php(47): CodeIgniter\Files\Exceptions\FileNotFoundException::forFileNotFound('Boletim_turma.pdf')
 2 SYSTEMPATH/HTTP/DownloadResponse.php(97): CodeIgniter\Files\File->__construct('Boletim_turma.pdf', true)
 3 SYSTEMPATH/HTTP/ResponseTrait.php(792): CodeIgniter\HTTP\DownloadResponse->setFilePath('Boletim_turma.pdf')
 4 APPPATH/Controllers/Admin/SI_Relatorios.php(5333): CodeIgniter\HTTP\Response->download('Boletim_turma.pdf', null)
 5 APPPATH/Controllers/Admin/SI_Relatorios.php(595): App\Controllers\Admin\monta_pdf_boletim_turma->render('366', '729')
 6 SYSTEMPATH/CodeIgniter.php(925): App\Controllers\Admin\SI_Relatorios->gerar_boletim_turma('366', '729')
 7 SYSTEMPATH/CodeIgniter.php(480): CodeIgniter\CodeIgniter->runController(Object(App\Controllers\Admin\SI_Relatorios))
 8 SYSTEMPATH/CodeIgniter.php(349): CodeIgniter\CodeIgniter->handleRequest(null, Object(Config\Cache), false)
 9 FCPATH/index.php(72): CodeIgniter\CodeIgniter->run()
CRITICAL - 2024-12-20 10:27:53 --> Arquivo não encontrado: Boletim_turma.pdf
in SYSTEMPATH/Files/File.php on line 47.
 1 SYSTEMPATH/Files/File.php(47): CodeIgniter\Files\Exceptions\FileNotFoundException::forFileNotFound('Boletim_turma.pdf')
 2 SYSTEMPATH/HTTP/DownloadResponse.php(97): CodeIgniter\Files\File->__construct('Boletim_turma.pdf', true)
 3 SYSTEMPATH/HTTP/ResponseTrait.php(792): CodeIgniter\HTTP\DownloadResponse->setFilePath('Boletim_turma.pdf')
 4 APPPATH/Controllers/Admin/SI_Relatorios.php(5333): CodeIgniter\HTTP\Response->download('Boletim_turma.pdf', null)
 5 APPPATH/Controllers/Admin/SI_Relatorios.php(595): App\Controllers\Admin\monta_pdf_boletim_turma->render('361', '999')
 6 SYSTEMPATH/CodeIgniter.php(925): App\Controllers\Admin\SI_Relatorios->gerar_boletim_turma('361', '999')
 7 SYSTEMPATH/CodeIgniter.php(480): CodeIgniter\CodeIgniter->runController(Object(App\Controllers\Admin\SI_Relatorios))
 8 SYSTEMPATH/CodeIgniter.php(349): CodeIgniter\CodeIgniter->handleRequest(null, Object(Config\Cache), false)
 9 FCPATH/index.php(72): CodeIgniter\CodeIgniter->run()
CRITICAL - 2024-12-20 10:27:57 --> Arquivo não encontrado: Boletim_turma.pdf
in SYSTEMPATH/Files/File.php on line 47.
 1 SYSTEMPATH/Files/File.php(47): CodeIgniter\Files\Exceptions\FileNotFoundException::forFileNotFound('Boletim_turma.pdf')
 2 SYSTEMPATH/HTTP/DownloadResponse.php(97): CodeIgniter\Files\File->__construct('Boletim_turma.pdf', true)
 3 SYSTEMPATH/HTTP/ResponseTrait.php(792): CodeIgniter\HTTP\DownloadResponse->setFilePath('Boletim_turma.pdf')
 4 APPPATH/Controllers/Admin/SI_Relatorios.php(5333): CodeIgniter\HTTP\Response->download('Boletim_turma.pdf', null)
 5 APPPATH/Controllers/Admin/SI_Relatorios.php(595): App\Controllers\Admin\monta_pdf_boletim_turma->render('361', '999')
 6 SYSTEMPATH/CodeIgniter.php(925): App\Controllers\Admin\SI_Relatorios->gerar_boletim_turma('361', '999')
 7 SYSTEMPATH/CodeIgniter.php(480): CodeIgniter\CodeIgniter->runController(Object(App\Controllers\Admin\SI_Relatorios))
 8 SYSTEMPATH/CodeIgniter.php(349): CodeIgniter\CodeIgniter->handleRequest(null, Object(Config\Cache), false)
 9 FCPATH/index.php(72): CodeIgniter\CodeIgniter->run()
CRITICAL - 2024-12-20 10:28:04 --> Arquivo não encontrado: Boletim_turma.pdf
in SYSTEMPATH/Files/File.php on line 47.
 1 SYSTEMPATH/Files/File.php(47): CodeIgniter\Files\Exceptions\FileNotFoundException::forFileNotFound('Boletim_turma.pdf')
 2 SYSTEMPATH/HTTP/DownloadResponse.php(97): CodeIgniter\Files\File->__construct('Boletim_turma.pdf', true)
 3 SYSTEMPATH/HTTP/ResponseTrait.php(792): CodeIgniter\HTTP\DownloadResponse->setFilePath('Boletim_turma.pdf')
 4 APPPATH/Controllers/Admin/SI_Relatorios.php(5333): CodeIgniter\HTTP\Response->download('Boletim_turma.pdf', null)
 5 APPPATH/Controllers/Admin/SI_Relatorios.php(595): App\Controllers\Admin\monta_pdf_boletim_turma->render('361', '1164')
 6 SYSTEMPATH/CodeIgniter.php(925): App\Controllers\Admin\SI_Relatorios->gerar_boletim_turma('361', '1164')
 7 SYSTEMPATH/CodeIgniter.php(480): CodeIgniter\CodeIgniter->runController(Object(App\Controllers\Admin\SI_Relatorios))
 8 SYSTEMPATH/CodeIgniter.php(349): CodeIgniter\CodeIgniter->handleRequest(null, Object(Config\Cache), false)
 9 FCPATH/index.php(72): CodeIgniter\CodeIgniter->run()
CRITICAL - 2024-12-20 10:28:08 --> Arquivo não encontrado: Boletim_turma.pdf
in SYSTEMPATH/Files/File.php on line 47.
 1 SYSTEMPATH/Files/File.php(47): CodeIgniter\Files\Exceptions\FileNotFoundException::forFileNotFound('Boletim_turma.pdf')
 2 SYSTEMPATH/HTTP/DownloadResponse.php(97): CodeIgniter\Files\File->__construct('Boletim_turma.pdf', true)
 3 SYSTEMPATH/HTTP/ResponseTrait.php(792): CodeIgniter\HTTP\DownloadResponse->setFilePath('Boletim_turma.pdf')
 4 APPPATH/Controllers/Admin/SI_Relatorios.php(5333): CodeIgniter\HTTP\Response->download('Boletim_turma.pdf', null)
 5 APPPATH/Controllers/Admin/SI_Relatorios.php(595): App\Controllers\Admin\monta_pdf_boletim_turma->render('361', '1164')
 6 SYSTEMPATH/CodeIgniter.php(925): App\Controllers\Admin\SI_Relatorios->gerar_boletim_turma('361', '1164')
 7 SYSTEMPATH/CodeIgniter.php(480): CodeIgniter\CodeIgniter->runController(Object(App\Controllers\Admin\SI_Relatorios))
 8 SYSTEMPATH/CodeIgniter.php(349): CodeIgniter\CodeIgniter->handleRequest(null, Object(Config\Cache), false)
 9 FCPATH/index.php(72): CodeIgniter\CodeIgniter->run()
CRITICAL - 2024-12-20 10:28:23 --> Arquivo não encontrado: Boletim_turma.pdf
in SYSTEMPATH/Files/File.php on line 47.
 1 SYSTEMPATH/Files/File.php(47): CodeIgniter\Files\Exceptions\FileNotFoundException::forFileNotFound('Boletim_turma.pdf')
 2 SYSTEMPATH/HTTP/DownloadResponse.php(97): CodeIgniter\Files\File->__construct('Boletim_turma.pdf', true)
 3 SYSTEMPATH/HTTP/ResponseTrait.php(792): CodeIgniter\HTTP\DownloadResponse->setFilePath('Boletim_turma.pdf')
 4 APPPATH/Controllers/Admin/SI_Relatorios.php(5333): CodeIgniter\HTTP\Response->download('Boletim_turma.pdf', null)
 5 APPPATH/Controllers/Admin/SI_Relatorios.php(595): App\Controllers\Admin\monta_pdf_boletim_turma->render('366', '729')
 6 SYSTEMPATH/CodeIgniter.php(925): App\Controllers\Admin\SI_Relatorios->gerar_boletim_turma('366', '729')
 7 SYSTEMPATH/CodeIgniter.php(480): CodeIgniter\CodeIgniter->runController(Object(App\Controllers\Admin\SI_Relatorios))
 8 SYSTEMPATH/CodeIgniter.php(349): CodeIgniter\CodeIgniter->handleRequest(null, Object(Config\Cache), false)
 9 FCPATH/index.php(72): CodeIgniter\CodeIgniter->run()
CRITICAL - 2024-12-20 10:35:27 --> Arquivo não encontrado: Boletim_turma.pdf
in SYSTEMPATH/Files/File.php on line 47.
 1 SYSTEMPATH/Files/File.php(47): CodeIgniter\Files\Exceptions\FileNotFoundException::forFileNotFound('Boletim_turma.pdf')
 2 SYSTEMPATH/HTTP/DownloadResponse.php(97): CodeIgniter\Files\File->__construct('Boletim_turma.pdf', true)
 3 SYSTEMPATH/HTTP/ResponseTrait.php(792): CodeIgniter\HTTP\DownloadResponse->setFilePath('Boletim_turma.pdf')
 4 APPPATH/Controllers/Admin/SI_Relatorios.php(5333): CodeIgniter\HTTP\Response->download('Boletim_turma.pdf', null)
 5 APPPATH/Controllers/Admin/SI_Relatorios.php(595): App\Controllers\Admin\monta_pdf_boletim_turma->render('366', '729')
 6 SYSTEMPATH/CodeIgniter.php(925): App\Controllers\Admin\SI_Relatorios->gerar_boletim_turma('366', '729')
 7 SYSTEMPATH/CodeIgniter.php(480): CodeIgniter\CodeIgniter->runController(Object(App\Controllers\Admin\SI_Relatorios))
 8 SYSTEMPATH/CodeIgniter.php(349): CodeIgniter\CodeIgniter->handleRequest(null, Object(Config\Cache), false)
 9 FCPATH/index.php(72): CodeIgniter\CodeIgniter->run()
CRITICAL - 2024-12-20 10:35:46 --> Arquivo não encontrado: Boletim_turma.pdf
in SYSTEMPATH/Files/File.php on line 47.
 1 SYSTEMPATH/Files/File.php(47): CodeIgniter\Files\Exceptions\FileNotFoundException::forFileNotFound('Boletim_turma.pdf')
 2 SYSTEMPATH/HTTP/DownloadResponse.php(97): CodeIgniter\Files\File->__construct('Boletim_turma.pdf', true)
 3 SYSTEMPATH/HTTP/ResponseTrait.php(792): CodeIgniter\HTTP\DownloadResponse->setFilePath('Boletim_turma.pdf')
 4 APPPATH/Controllers/Admin/SI_Relatorios.php(5333): CodeIgniter\HTTP\Response->download('Boletim_turma.pdf', null)
 5 APPPATH/Controllers/Admin/SI_Relatorios.php(595): App\Controllers\Admin\monta_pdf_boletim_turma->render('366', '729')
 6 SYSTEMPATH/CodeIgniter.php(925): App\Controllers\Admin\SI_Relatorios->gerar_boletim_turma('366', '729')
 7 SYSTEMPATH/CodeIgniter.php(480): CodeIgniter\CodeIgniter->runController(Object(App\Controllers\Admin\SI_Relatorios))
 8 SYSTEMPATH/CodeIgniter.php(349): CodeIgniter\CodeIgniter->handleRequest(null, Object(Config\Cache), false)
 9 FCPATH/index.php(72): CodeIgniter\CodeIgniter->run()
ERROR - 2024-12-20 10:50:35 --> Error connecting to the database: ErrorException: mysqli::real_connect(): php_network_getaddresses: getaddrinfo for colegioportal.mysql.dbaas.com.br failed: Name or service not known in /home/storage/4/8f/cf/colegioportalcui1/public_html/project/system/Database/MySQLi/Connection.php:170
Stack trace:
#0 [internal function]: CodeIgniter\Debug\Exceptions->errorHandler(2, 'mysqli::real_co...', '/home/storage/4...', 170)
#1 /home/storage/4/8f/cf/colegioportalcui1/public_html/project/system/Database/MySQLi/Connection.php(170): mysqli->real_connect('colegioportal.m...', 'colegioportal', Object(SensitiveParameterValue), 'colegioportal', 3306, '', 0)
#2 /home/storage/4/8f/cf/colegioportalcui1/public_html/project/system/Database/BaseConnection.php(382): CodeIgniter\Database\MySQLi\Connection->connect(false)
#3 /home/storage/4/8f/cf/colegioportalcui1/public_html/project/system/Database/BaseConnection.php(561): CodeIgniter\Database\BaseConnection->initialize()
#4 /home/storage/4/8f/cf/colegioportalcui1/public_html/project/system/Database/BaseBuilder.php(1585): CodeIgniter\Database\BaseConnection->query('SELECT *\nFROM `...', Array, false)
#5 /home/storage/4/8f/cf/colegioportalcui1/public_html/project/system/Model.php(240): CodeIgniter\Database\BaseBuilder->get()
#6 /home/storage/4/8f/cf/colegioportalcui1/public_html/project/system/BaseModel.php(586): CodeIgniter\Model->doFindAll(0, 0)
#7 /home/storage/4/8f/cf/colegioportalcui1/public_html/project/app/Controllers/Admin/SI_Pai.php(31): CodeIgniter\BaseModel->findAll()
#8 /home/storage/4/8f/cf/colegioportalcui1/public_html/project/system/CodeIgniter.php(925): App\Controllers\Admin\SI_Pai->index()
#9 /home/storage/4/8f/cf/colegioportalcui1/public_html/project/system/CodeIgniter.php(480): CodeIgniter\CodeIgniter->runController(Object(App\Controllers\Admin\SI_Pai))
#10 /home/storage/4/8f/cf/colegioportalcui1/public_html/project/system/CodeIgniter.php(349): CodeIgniter\CodeIgniter->handleRequest(NULL, Object(Config\Cache), false)
#11 /home/storage/4/8f/cf/colegioportalcui1/public_html/index.php(72): CodeIgniter\CodeIgniter->run()
#12 {main}

Next mysqli_sql_exception: php_network_getaddresses: getaddrinfo for colegioportal.mysql.dbaas.com.br failed: Name or service not known in /home/storage/4/8f/cf/colegioportalcui1/public_html/project/system/Database/MySQLi/Connection.php:170
Stack trace:
#0 /home/storage/4/8f/cf/colegioportalcui1/public_html/project/system/Database/MySQLi/Connection.php(170): mysqli->real_connect('colegioportal.m...', 'colegioportal', Object(SensitiveParameterValue), 'colegioportal', 3306, '', 0)
#1 /home/storage/4/8f/cf/colegioportalcui1/public_html/project/system/Database/BaseConnection.php(382): CodeIgniter\Database\MySQLi\Connection->connect(false)
#2 /home/storage/4/8f/cf/colegioportalcui1/public_html/project/system/Database/BaseConnection.php(561): CodeIgniter\Database\BaseConnection->initialize()
#3 /home/storage/4/8f/cf/colegioportalcui1/public_html/project/system/Database/BaseBuilder.php(1585): CodeIgniter\Database\BaseConnection->query('SELECT *\nFROM `...', Array, false)
#4 /home/storage/4/8f/cf/colegioportalcui1/public_html/project/system/Model.php(240): CodeIgniter\Database\BaseBuilder->get()
#5 /home/storage/4/8f/cf/colegioportalcui1/public_html/project/system/BaseModel.php(586): CodeIgniter\Model->doFindAll(0, 0)
#6 /home/storage/4/8f/cf/colegioportalcui1/public_html/project/app/Controllers/Admin/SI_Pai.php(31): CodeIgniter\BaseModel->findAll()
#7 /home/storage/4/8f/cf/colegioportalcui1/public_html/project/system/CodeIgniter.php(925): App\Controllers\Admin\SI_Pai->index()
#8 /home/storage/4/8f/cf/colegioportalcui1/public_html/project/system/CodeIgniter.php(480): CodeIgniter\CodeIgniter->runController(Object(App\Controllers\Admin\SI_Pai))
#9 /home/storage/4/8f/cf/colegioportalcui1/public_html/project/system/CodeIgniter.php(349): CodeIgniter\CodeIgniter->handleRequest(NULL, Object(Config\Cache), false)
#10 /home/storage/4/8f/cf/colegioportalcui1/public_html/index.php(72): CodeIgniter\CodeIgniter->run()
#11 {main}

Next CodeIgniter\Database\Exceptions\DatabaseException: php_network_getaddresses: getaddrinfo for ****.mysql.dbaas.com.br failed: Name or service not known in /home/storage/4/8f/cf/colegioportalcui1/public_html/project/system/Database/MySQLi/Connection.php:215
Stack trace:
#0 /home/storage/4/8f/cf/colegioportalcui1/public_html/project/system/Database/BaseConnection.php(382): CodeIgniter\Database\MySQLi\Connection->connect(false)
#1 /home/storage/4/8f/cf/colegioportalcui1/public_html/project/system/Database/BaseConnection.php(561): CodeIgniter\Database\BaseConnection->initialize()
#2 /home/storage/4/8f/cf/colegioportalcui1/public_html/project/system/Database/BaseBuilder.php(1585): CodeIgniter\Database\BaseConnection->query('SELECT *\nFROM `...', Array, false)
#3 /home/storage/4/8f/cf/colegioportalcui1/public_html/project/system/Model.php(240): CodeIgniter\Database\BaseBuilder->get()
#4 /home/storage/4/8f/cf/colegioportalcui1/public_html/project/system/BaseModel.php(586): CodeIgniter\Model->doFindAll(0, 0)
#5 /home/storage/4/8f/cf/colegioportalcui1/public_html/project/app/Controllers/Admin/SI_Pai.php(31): CodeIgniter\BaseModel->findAll()
#6 /home/storage/4/8f/cf/colegioportalcui1/public_html/project/system/CodeIgniter.php(925): App\Controllers\Admin\SI_Pai->index()
#7 /home/storage/4/8f/cf/colegioportalcui1/public_html/project/system/CodeIgniter.php(480): CodeIgniter\CodeIgniter->runController(Object(App\Controllers\Admin\SI_Pai))
#8 /home/storage/4/8f/cf/colegioportalcui1/public_html/project/system/CodeIgniter.php(349): CodeIgniter\CodeIgniter->handleRequest(NULL, Object(Config\Cache), false)
#9 /home/storage/4/8f/cf/colegioportalcui1/public_html/index.php(72): CodeIgniter\CodeIgniter->run()
#10 {main}
CRITICAL - 2024-12-20 10:50:35 --> Unable to connect to the database.
Main connection [MySQLi]: php_network_getaddresses: getaddrinfo for ****.mysql.dbaas.com.br failed: Name or service not known
in SYSTEMPATH/Database/BaseConnection.php on line 418.
 1 SYSTEMPATH/Database/BaseConnection.php(561): CodeIgniter\Database\BaseConnection->initialize()
 2 SYSTEMPATH/Database/BaseBuilder.php(1585): CodeIgniter\Database\BaseConnection->query('SELECT *
FROM `si_pai`', [], false)
 3 SYSTEMPATH/Model.php(240): CodeIgniter\Database\BaseBuilder->get()
 4 SYSTEMPATH/BaseModel.php(586): CodeIgniter\Model->doFindAll(0, 0)
 5 APPPATH/Controllers/Admin/SI_Pai.php(31): CodeIgniter\BaseModel->findAll()
 6 SYSTEMPATH/CodeIgniter.php(925): App\Controllers\Admin\SI_Pai->index()
 7 SYSTEMPATH/CodeIgniter.php(480): CodeIgniter\CodeIgniter->runController(Object(App\Controllers\Admin\SI_Pai))
 8 SYSTEMPATH/CodeIgniter.php(349): CodeIgniter\CodeIgniter->handleRequest(null, Object(Config\Cache), false)
 9 FCPATH/index.php(72): CodeIgniter\CodeIgniter->run()
