CRITICAL - 2024-10-08 05:05:30 --> unlink(/home/storage/4/8f/cf/colegioportalcui1/public_html/project/writable/debugbar/debugbar_1728345910.125207.json): No such file or directory
in SYSTEMPATH/Debug/Toolbar/Collectors/History.php on line 76.
 1 [internal function]: CodeIgniter\Debug\Exceptions->errorHandler(2, 'unlink(/home/storage/4/8f/cf/colegioportalcui1/public_html/project/writable/debugbar/debugbar_1728345910.125207.json): No such file or directory', 'SYSTEMPATH/Debug/Toolbar/Collectors/History.php', 76)
 2 SYSTEMPATH/Debug/Toolbar/Collectors/History.php(76): unlink('FCPATH/project/writable/debugbar/debugbar_1728345910.125207.json')
 3 SYSTEMPATH/Debug/Toolbar.php(499): CodeIgniter\Debug\Toolbar\Collectors\History->setFiles('1728378321.563088', 20)
 4 SYSTEMPATH/Debug/Toolbar.php(478): CodeIgniter\Debug\Toolbar->format([...], 'html')
 5 APPPATH/Config/Events.php(46): CodeIgniter\Debug\Toolbar->respond()
 6 SYSTEMPATH/Events/Events.php(149): CodeIgniter\Events\Events::Config\{closure}()
 7 SYSTEMPATH/CodeIgniter.php(326): CodeIgniter\Events\Events::trigger('pre_system')
 8 FCPATH/index.php(71): CodeIgniter\CodeIgniter->run()
CRITICAL - 2024-10-08 09:09:11 --> imagesx(): Argument #1 ($image) must be of type GdImage, false given
in APPPATH/Controllers/Admin/SI_Relatorios.php on line 942.
 1 APPPATH/Controllers/Admin/SI_Relatorios.php(942): imagesx(false)
 2 APPPATH/Controllers/Admin/SI_Relatorios.php(862): App\Controllers\Admin\relatorio_lista_carometro->scale_image(false)
 3 APPPATH/Controllers/Admin/SI_Relatorios.php(119): App\Controllers\Admin\relatorio_lista_carometro->render([...])
 4 APPPATH/Controllers/Admin/SI_Relatorios.php(67): App\Controllers\Admin\SI_Relatorios->listas_carometro('-1', '1', '2024')
 5 SYSTEMPATH/CodeIgniter.php(925): App\Controllers\Admin\SI_Relatorios->listas_send()
 6 SYSTEMPATH/CodeIgniter.php(480): CodeIgniter\CodeIgniter->runController(Object(App\Controllers\Admin\SI_Relatorios))
 7 SYSTEMPATH/CodeIgniter.php(349): CodeIgniter\CodeIgniter->handleRequest(null, Object(Config\Cache), false)
 8 FCPATH/index.php(71): CodeIgniter\CodeIgniter->run()
CRITICAL - 2024-10-08 09:19:46 --> Trying to access array offset on null
in APPPATH/Controllers/Admin/SI_Relatorios.php on line 863.
 1 APPPATH/Controllers/Admin/SI_Relatorios.php(863): CodeIgniter\Debug\Exceptions->errorHandler(2, 'Trying to access array offset on null', 'APPPATH/Controllers/Admin/SI_Relatorios.php', 863)
 2 APPPATH/Controllers/Admin/SI_Relatorios.php(119): App\Controllers\Admin\relatorio_lista_carometro->render([...])
 3 APPPATH/Controllers/Admin/SI_Relatorios.php(67): App\Controllers\Admin\SI_Relatorios->listas_carometro('-1', '1', '2024')
 4 SYSTEMPATH/CodeIgniter.php(925): App\Controllers\Admin\SI_Relatorios->listas_send()
 5 SYSTEMPATH/CodeIgniter.php(480): CodeIgniter\CodeIgniter->runController(Object(App\Controllers\Admin\SI_Relatorios))
 6 SYSTEMPATH/CodeIgniter.php(349): CodeIgniter\CodeIgniter->handleRequest(null, Object(Config\Cache), false)
 7 FCPATH/index.php(71): CodeIgniter\CodeIgniter->run()
CRITICAL - 2024-10-08 10:07:52 --> imagejpeg(https://colegioportalcuiaba.com.br/assets/dist/img/arquivo_foto_aluno/1728396338_c05be338d7d465b06b1a.jpeg): Failed to open stream: HTTP wrapper does not support writeable connections
in APPPATH/Controllers/Admin/SI_RequerimentoMatricula.php on line 193.
 1 [internal function]: CodeIgniter\Debug\Exceptions->errorHandler(2, 'imagejpeg(https://colegioportalcuiaba.com.br/assets/dist/img/arquivo_foto_aluno/1728396338_c05be338d7d465b06b1a.jpeg): Failed to open stream: HTTP wrapper does not support writeable connections', 'APPPATH/Controllers/Admin/SI_RequerimentoMatricula.php', 193)
 2 APPPATH/Controllers/Admin/SI_RequerimentoMatricula.php(193): imagejpeg(Object(GdImage), 'https://colegioportalcuiaba.com.br/assets/dist/img/arquivo_foto_aluno/1728396338_c05be338d7d465b06b1a.jpeg', 96)
 3 SYSTEMPATH/CodeIgniter.php(925): App\Controllers\Admin\SI_RequerimentoMatricula->adicionar_vetor()
 4 SYSTEMPATH/CodeIgniter.php(480): CodeIgniter\CodeIgniter->runController(Object(App\Controllers\Admin\SI_RequerimentoMatricula))
 5 SYSTEMPATH/CodeIgniter.php(349): CodeIgniter\CodeIgniter->handleRequest(null, Object(Config\Cache), false)
 6 FCPATH/index.php(71): CodeIgniter\CodeIgniter->run()
CRITICAL - 2024-10-08 10:08:25 --> imagejpeg(https://colegioportalcuiaba.com.br/assets/dist/img/arquivo_foto_aluno/1728396338_c05be338d7d465b06b1a.jpeg): Failed to open stream: HTTP wrapper does not support writeable connections
in APPPATH/Controllers/Admin/SI_RequerimentoMatricula.php on line 193.
 1 [internal function]: CodeIgniter\Debug\Exceptions->errorHandler(2, 'imagejpeg(https://colegioportalcuiaba.com.br/assets/dist/img/arquivo_foto_aluno/1728396338_c05be338d7d465b06b1a.jpeg): Failed to open stream: HTTP wrapper does not support writeable connections', 'APPPATH/Controllers/Admin/SI_RequerimentoMatricula.php', 193)
 2 APPPATH/Controllers/Admin/SI_RequerimentoMatricula.php(193): imagejpeg(Object(GdImage), 'https://colegioportalcuiaba.com.br/assets/dist/img/arquivo_foto_aluno/1728396338_c05be338d7d465b06b1a.jpeg', 96)
 3 SYSTEMPATH/CodeIgniter.php(925): App\Controllers\Admin\SI_RequerimentoMatricula->adicionar_vetor()
 4 SYSTEMPATH/CodeIgniter.php(480): CodeIgniter\CodeIgniter->runController(Object(App\Controllers\Admin\SI_RequerimentoMatricula))
 5 SYSTEMPATH/CodeIgniter.php(349): CodeIgniter\CodeIgniter->handleRequest(null, Object(Config\Cache), false)
 6 FCPATH/index.php(71): CodeIgniter\CodeIgniter->run()
CRITICAL - 2024-10-08 10:08:57 --> Attempt to read property "id_grau" on array
in APPPATH/Controllers/Admin/SI_RequerimentoMatricula.php on line 134.
 1 APPPATH/Controllers/Admin/SI_RequerimentoMatricula.php(134): CodeIgniter\Debug\Exceptions->errorHandler(2, 'Attempt to read property "id_grau" on array', 'APPPATH/Controllers/Admin/SI_RequerimentoMatricula.php', 134)
 2 SYSTEMPATH/CodeIgniter.php(925): App\Controllers\Admin\SI_RequerimentoMatricula->adicionar_vetor()
 3 SYSTEMPATH/CodeIgniter.php(480): CodeIgniter\CodeIgniter->runController(Object(App\Controllers\Admin\SI_RequerimentoMatricula))
 4 SYSTEMPATH/CodeIgniter.php(349): CodeIgniter\CodeIgniter->handleRequest(null, Object(Config\Cache), false)
 5 FCPATH/index.php(71): CodeIgniter\CodeIgniter->run()
CRITICAL - 2024-10-08 10:09:12 --> imagejpeg(https://colegioportalcuiaba.com.br/assets/dist/img/arquivo_foto_aluno/1728396534_efc5c01dc849decca329.jpeg): Failed to open stream: HTTP wrapper does not support writeable connections
in APPPATH/Controllers/Admin/SI_RequerimentoMatricula.php on line 193.
 1 [internal function]: CodeIgniter\Debug\Exceptions->errorHandler(2, 'imagejpeg(https://colegioportalcuiaba.com.br/assets/dist/img/arquivo_foto_aluno/1728396534_efc5c01dc849decca329.jpeg): Failed to open stream: HTTP wrapper does not support writeable connections', 'APPPATH/Controllers/Admin/SI_RequerimentoMatricula.php', 193)
 2 APPPATH/Controllers/Admin/SI_RequerimentoMatricula.php(193): imagejpeg(Object(GdImage), 'https://colegioportalcuiaba.com.br/assets/dist/img/arquivo_foto_aluno/1728396534_efc5c01dc849decca329.jpeg', 96)
 3 SYSTEMPATH/CodeIgniter.php(925): App\Controllers\Admin\SI_RequerimentoMatricula->adicionar_vetor()
 4 SYSTEMPATH/CodeIgniter.php(480): CodeIgniter\CodeIgniter->runController(Object(App\Controllers\Admin\SI_RequerimentoMatricula))
 5 SYSTEMPATH/CodeIgniter.php(349): CodeIgniter\CodeIgniter->handleRequest(null, Object(Config\Cache), false)
 6 FCPATH/index.php(71): CodeIgniter\CodeIgniter->run()
CRITICAL - 2024-10-08 10:22:29 --> "Y-m-d" is not a valid datetime format
in SYSTEMPATH/I18n/Time.php on line 242.
 1 SYSTEMPATH/I18n/Time.php(242): CodeIgniter\I18n\Exceptions\I18nException::forInvalidFormat('Y-m-d')
 2 APPPATH/Controllers/Admin/SI_Pai.php(135): CodeIgniter\I18n\Time::createFromFormat('Y-m-d', '/home/storage/4/8f/cf/colegioportalcui1/public_html')
 3 APPPATH/Controllers/Admin/SI_Pai.php(79): App\Controllers\Admin\SI_Pai->save()
 4 SYSTEMPATH/CodeIgniter.php(925): App\Controllers\Admin\SI_Pai->create()
 5 SYSTEMPATH/CodeIgniter.php(480): CodeIgniter\CodeIgniter->runController(Object(App\Controllers\Admin\SI_Pai))
 6 SYSTEMPATH/CodeIgniter.php(349): CodeIgniter\CodeIgniter->handleRequest(null, Object(Config\Cache), false)
 7 FCPATH/index.php(71): CodeIgniter\CodeIgniter->run()
CRITICAL - 2024-10-08 10:23:01 --> "Y-m-d" is not a valid datetime format
in SYSTEMPATH/I18n/Time.php on line 242.
 1 SYSTEMPATH/I18n/Time.php(242): CodeIgniter\I18n\Exceptions\I18nException::forInvalidFormat('Y-m-d')
 2 APPPATH/Controllers/Admin/SI_Pai.php(135): CodeIgniter\I18n\Time::createFromFormat('Y-m-d', '/home/storage/4/8f/cf/colegioportalcui1/public_html')
 3 APPPATH/Controllers/Admin/SI_Pai.php(79): App\Controllers\Admin\SI_Pai->save()
 4 SYSTEMPATH/CodeIgniter.php(925): App\Controllers\Admin\SI_Pai->create()
 5 SYSTEMPATH/CodeIgniter.php(480): CodeIgniter\CodeIgniter->runController(Object(App\Controllers\Admin\SI_Pai))
 6 SYSTEMPATH/CodeIgniter.php(349): CodeIgniter\CodeIgniter->handleRequest(null, Object(Config\Cache), false)
 7 FCPATH/index.php(71): CodeIgniter\CodeIgniter->run()
CRITICAL - 2024-10-08 10:23:27 --> unlink(/home/storage/4/8f/cf/colegioportalcui1/public_html/project/writable/debugbar/debugbar_1728396983.620103.json): No such file or directory
in SYSTEMPATH/Debug/Toolbar/Collectors/History.php on line 76.
 1 [internal function]: CodeIgniter\Debug\Exceptions->errorHandler(2, 'unlink(/home/storage/4/8f/cf/colegioportalcui1/public_html/project/writable/debugbar/debugbar_1728396983.620103.json): No such file or directory', 'SYSTEMPATH/Debug/Toolbar/Collectors/History.php', 76)
 2 SYSTEMPATH/Debug/Toolbar/Collectors/History.php(76): unlink('FCPATH/project/writable/debugbar/debugbar_1728396983.620103.json')
 3 SYSTEMPATH/Debug/Toolbar.php(499): CodeIgniter\Debug\Toolbar\Collectors\History->setFiles('1728397406.528305', 20)
 4 SYSTEMPATH/Debug/Toolbar.php(478): CodeIgniter\Debug\Toolbar->format([...], 'html')
 5 APPPATH/Config/Events.php(46): CodeIgniter\Debug\Toolbar->respond()
 6 SYSTEMPATH/Events/Events.php(149): CodeIgniter\Events\Events::Config\{closure}()
 7 SYSTEMPATH/CodeIgniter.php(326): CodeIgniter\Events\Events::trigger('pre_system')
 8 FCPATH/index.php(71): CodeIgniter\CodeIgniter->run()
CRITICAL - 2024-10-08 10:32:54 --> "Y-m-d" is not a valid datetime format
in SYSTEMPATH/I18n/Time.php on line 242.
 1 SYSTEMPATH/I18n/Time.php(242): CodeIgniter\I18n\Exceptions\I18nException::forInvalidFormat('Y-m-d')
 2 APPPATH/Controllers/Admin/SI_Pai.php(136): CodeIgniter\I18n\Time::createFromFormat('Y-m-d', '/home/storage/4/8f/cf/colegioportalcui1/public_html')
 3 APPPATH/Controllers/Admin/SI_Pai.php(80): App\Controllers\Admin\SI_Pai->save()
 4 SYSTEMPATH/CodeIgniter.php(925): App\Controllers\Admin\SI_Pai->create()
 5 SYSTEMPATH/CodeIgniter.php(480): CodeIgniter\CodeIgniter->runController(Object(App\Controllers\Admin\SI_Pai))
 6 SYSTEMPATH/CodeIgniter.php(349): CodeIgniter\CodeIgniter->handleRequest(null, Object(Config\Cache), false)
 7 FCPATH/index.php(71): CodeIgniter\CodeIgniter->run()
CRITICAL - 2024-10-08 10:33:14 --> "Y-m-d" is not a valid datetime format
in SYSTEMPATH/I18n/Time.php on line 242.
 1 SYSTEMPATH/I18n/Time.php(242): CodeIgniter\I18n\Exceptions\I18nException::forInvalidFormat('Y-m-d')
 2 APPPATH/Controllers/Admin/SI_Pai.php(130): CodeIgniter\I18n\Time::createFromFormat('Y-m-d', '/home/storage/4/8f/cf/colegioportalcui1/public_html')
 3 APPPATH/Controllers/Admin/SI_Pai.php(80): App\Controllers\Admin\SI_Pai->save()
 4 SYSTEMPATH/CodeIgniter.php(925): App\Controllers\Admin\SI_Pai->create()
 5 SYSTEMPATH/CodeIgniter.php(480): CodeIgniter\CodeIgniter->runController(Object(App\Controllers\Admin\SI_Pai))
 6 SYSTEMPATH/CodeIgniter.php(349): CodeIgniter\CodeIgniter->handleRequest(null, Object(Config\Cache), false)
 7 FCPATH/index.php(71): CodeIgniter\CodeIgniter->run()
CRITICAL - 2024-10-08 10:33:34 --> "Y-m-d" is not a valid datetime format
in SYSTEMPATH/I18n/Time.php on line 242.
 1 SYSTEMPATH/I18n/Time.php(242): CodeIgniter\I18n\Exceptions\I18nException::forInvalidFormat('Y-m-d')
 2 APPPATH/Controllers/Admin/SI_Pai.php(130): CodeIgniter\I18n\Time::createFromFormat('Y-m-d', '/home/storage/4/8f/cf/colegioportalcui1/public_html')
 3 APPPATH/Controllers/Admin/SI_Pai.php(80): App\Controllers\Admin\SI_Pai->save()
 4 SYSTEMPATH/CodeIgniter.php(925): App\Controllers\Admin\SI_Pai->create()
 5 SYSTEMPATH/CodeIgniter.php(480): CodeIgniter\CodeIgniter->runController(Object(App\Controllers\Admin\SI_Pai))
 6 SYSTEMPATH/CodeIgniter.php(349): CodeIgniter\CodeIgniter->handleRequest(null, Object(Config\Cache), false)
 7 FCPATH/index.php(71): CodeIgniter\CodeIgniter->run()
CRITICAL - 2024-10-08 10:34:07 --> imagejpeg(https://colegioportalcuiaba.com.br/assets/dist/img/arquivo_foto_aluno/1728396534_efc5c01dc849decca329.jpeg): Failed to open stream: HTTP wrapper does not support writeable connections
in APPPATH/Controllers/Admin/SI_RequerimentoMatricula.php on line 193.
 1 [internal function]: CodeIgniter\Debug\Exceptions->errorHandler(2, 'imagejpeg(https://colegioportalcuiaba.com.br/assets/dist/img/arquivo_foto_aluno/1728396534_efc5c01dc849decca329.jpeg): Failed to open stream: HTTP wrapper does not support writeable connections', 'APPPATH/Controllers/Admin/SI_RequerimentoMatricula.php', 193)
 2 APPPATH/Controllers/Admin/SI_RequerimentoMatricula.php(193): imagejpeg(Object(GdImage), 'https://colegioportalcuiaba.com.br/assets/dist/img/arquivo_foto_aluno/1728396534_efc5c01dc849decca329.jpeg', 96)
 3 SYSTEMPATH/CodeIgniter.php(925): App\Controllers\Admin\SI_RequerimentoMatricula->adicionar_vetor()
 4 SYSTEMPATH/CodeIgniter.php(480): CodeIgniter\CodeIgniter->runController(Object(App\Controllers\Admin\SI_RequerimentoMatricula))
 5 SYSTEMPATH/CodeIgniter.php(349): CodeIgniter\CodeIgniter->handleRequest(null, Object(Config\Cache), false)
 6 FCPATH/index.php(71): CodeIgniter\CodeIgniter->run()
CRITICAL - 2024-10-08 10:34:35 --> imagejpeg(https://colegioportalcuiaba.com.br/assets/dist/img/arquivo_foto_aluno/1728396534_efc5c01dc849decca329.jpeg): Failed to open stream: HTTP wrapper does not support writeable connections
in APPPATH/Controllers/Admin/SI_RequerimentoMatricula.php on line 193.
 1 [internal function]: CodeIgniter\Debug\Exceptions->errorHandler(2, 'imagejpeg(https://colegioportalcuiaba.com.br/assets/dist/img/arquivo_foto_aluno/1728396534_efc5c01dc849decca329.jpeg): Failed to open stream: HTTP wrapper does not support writeable connections', 'APPPATH/Controllers/Admin/SI_RequerimentoMatricula.php', 193)
 2 APPPATH/Controllers/Admin/SI_RequerimentoMatricula.php(193): imagejpeg(Object(GdImage), 'https://colegioportalcuiaba.com.br/assets/dist/img/arquivo_foto_aluno/1728396534_efc5c01dc849decca329.jpeg', 96)
 3 SYSTEMPATH/CodeIgniter.php(925): App\Controllers\Admin\SI_RequerimentoMatricula->adicionar_vetor()
 4 SYSTEMPATH/CodeIgniter.php(480): CodeIgniter\CodeIgniter->runController(Object(App\Controllers\Admin\SI_RequerimentoMatricula))
 5 SYSTEMPATH/CodeIgniter.php(349): CodeIgniter\CodeIgniter->handleRequest(null, Object(Config\Cache), false)
 6 FCPATH/index.php(71): CodeIgniter\CodeIgniter->run()
CRITICAL - 2024-10-08 10:40:21 --> imagejpeg(https://colegioportalcuiaba.com.br/assets/dist/img/arquivo_foto_aluno/1728396534_efc5c01dc849decca329.jpeg): Failed to open stream: HTTP wrapper does not support writeable connections
in APPPATH/Controllers/Admin/SI_RequerimentoMatricula.php on line 193.
 1 [internal function]: CodeIgniter\Debug\Exceptions->errorHandler(2, 'imagejpeg(https://colegioportalcuiaba.com.br/assets/dist/img/arquivo_foto_aluno/1728396534_efc5c01dc849decca329.jpeg): Failed to open stream: HTTP wrapper does not support writeable connections', 'APPPATH/Controllers/Admin/SI_RequerimentoMatricula.php', 193)
 2 APPPATH/Controllers/Admin/SI_RequerimentoMatricula.php(193): imagejpeg(Object(GdImage), 'https://colegioportalcuiaba.com.br/assets/dist/img/arquivo_foto_aluno/1728396534_efc5c01dc849decca329.jpeg', 96)
 3 SYSTEMPATH/CodeIgniter.php(925): App\Controllers\Admin\SI_RequerimentoMatricula->adicionar_vetor()
 4 SYSTEMPATH/CodeIgniter.php(480): CodeIgniter\CodeIgniter->runController(Object(App\Controllers\Admin\SI_RequerimentoMatricula))
 5 SYSTEMPATH/CodeIgniter.php(349): CodeIgniter\CodeIgniter->handleRequest(null, Object(Config\Cache), false)
 6 FCPATH/index.php(71): CodeIgniter\CodeIgniter->run()
CRITICAL - 2024-10-08 10:44:15 --> "Y-m-d" is not a valid datetime format
in SYSTEMPATH/I18n/Time.php on line 242.
 1 SYSTEMPATH/I18n/Time.php(242): CodeIgniter\I18n\Exceptions\I18nException::forInvalidFormat('Y-m-d')
 2 APPPATH/Controllers/Admin/SI_Pai.php(136): CodeIgniter\I18n\Time::createFromFormat('Y-m-d', '/home/storage/4/8f/cf/colegioportalcui1/public_html')
 3 APPPATH/Controllers/Admin/SI_Pai.php(80): App\Controllers\Admin\SI_Pai->save()
 4 SYSTEMPATH/CodeIgniter.php(925): App\Controllers\Admin\SI_Pai->create()
 5 SYSTEMPATH/CodeIgniter.php(480): CodeIgniter\CodeIgniter->runController(Object(App\Controllers\Admin\SI_Pai))
 6 SYSTEMPATH/CodeIgniter.php(349): CodeIgniter\CodeIgniter->handleRequest(null, Object(Config\Cache), false)
 7 FCPATH/index.php(71): CodeIgniter\CodeIgniter->run()
CRITICAL - 2024-10-08 10:47:11 --> "Y-m-d" is not a valid datetime format
in SYSTEMPATH/I18n/Time.php on line 242.
 1 SYSTEMPATH/I18n/Time.php(242): CodeIgniter\I18n\Exceptions\I18nException::forInvalidFormat('Y-m-d')
 2 APPPATH/Controllers/Admin/SI_Pai.php(136): CodeIgniter\I18n\Time::createFromFormat('Y-m-d', '/home/storage/4/8f/cf/colegioportalcui1/public_html')
 3 APPPATH/Controllers/Admin/SI_Pai.php(80): App\Controllers\Admin\SI_Pai->save()
 4 SYSTEMPATH/CodeIgniter.php(925): App\Controllers\Admin\SI_Pai->create()
 5 SYSTEMPATH/CodeIgniter.php(480): CodeIgniter\CodeIgniter->runController(Object(App\Controllers\Admin\SI_Pai))
 6 SYSTEMPATH/CodeIgniter.php(349): CodeIgniter\CodeIgniter->handleRequest(null, Object(Config\Cache), false)
 7 FCPATH/index.php(71): CodeIgniter\CodeIgniter->run()
CRITICAL - 2024-10-08 10:47:57 --> "Y-m-d" is not a valid datetime format
in SYSTEMPATH/I18n/Time.php on line 242.
 1 SYSTEMPATH/I18n/Time.php(242): CodeIgniter\I18n\Exceptions\I18nException::forInvalidFormat('Y-m-d')
 2 APPPATH/Controllers/Admin/SI_Pai.php(136): CodeIgniter\I18n\Time::createFromFormat('Y-m-d', '/home/storage/4/8f/cf/colegioportalcui1/public_html')
 3 APPPATH/Controllers/Admin/SI_Pai.php(80): App\Controllers\Admin\SI_Pai->save()
 4 SYSTEMPATH/CodeIgniter.php(925): App\Controllers\Admin\SI_Pai->create()
 5 SYSTEMPATH/CodeIgniter.php(480): CodeIgniter\CodeIgniter->runController(Object(App\Controllers\Admin\SI_Pai))
 6 SYSTEMPATH/CodeIgniter.php(349): CodeIgniter\CodeIgniter->handleRequest(null, Object(Config\Cache), false)
 7 FCPATH/index.php(71): CodeIgniter\CodeIgniter->run()
CRITICAL - 2024-10-08 10:48:11 --> Too few arguments to function App\Controllers\Admin\Auth::index(), 0 passed in /home/storage/4/8f/cf/colegioportalcui1/public_html/project/system/CodeIgniter.php on line 925 and exactly 1 expected
in APPPATH/Controllers/Admin/Auth.php on line 23.
 1 SYSTEMPATH/CodeIgniter.php(925): App\Controllers\Admin\Auth->index()
 2 SYSTEMPATH/CodeIgniter.php(480): CodeIgniter\CodeIgniter->runController(Object(App\Controllers\Admin\Auth))
 3 SYSTEMPATH/CodeIgniter.php(349): CodeIgniter\CodeIgniter->handleRequest(null, Object(Config\Cache), false)
 4 FCPATH/index.php(71): CodeIgniter\CodeIgniter->run()
CRITICAL - 2024-10-08 10:50:44 --> "Y-m-d" is not a valid datetime format
in SYSTEMPATH/I18n/Time.php on line 242.
 1 SYSTEMPATH/I18n/Time.php(242): CodeIgniter\I18n\Exceptions\I18nException::forInvalidFormat('Y-m-d')
 2 APPPATH/Controllers/Admin/SI_Pai.php(136): CodeIgniter\I18n\Time::createFromFormat('Y-m-d', '/home/storage/4/8f/cf/colegioportalcui1/public_html')
 3 APPPATH/Controllers/Admin/SI_Pai.php(80): App\Controllers\Admin\SI_Pai->save()
 4 SYSTEMPATH/CodeIgniter.php(925): App\Controllers\Admin\SI_Pai->create()
 5 SYSTEMPATH/CodeIgniter.php(480): CodeIgniter\CodeIgniter->runController(Object(App\Controllers\Admin\SI_Pai))
 6 SYSTEMPATH/CodeIgniter.php(349): CodeIgniter\CodeIgniter->handleRequest(null, Object(Config\Cache), false)
 7 FCPATH/index.php(71): CodeIgniter\CodeIgniter->run()
CRITICAL - 2024-10-08 10:51:25 --> "Y-m-d" is not a valid datetime format
in SYSTEMPATH/I18n/Time.php on line 242.
 1 SYSTEMPATH/I18n/Time.php(242): CodeIgniter\I18n\Exceptions\I18nException::forInvalidFormat('Y-m-d')
 2 APPPATH/Controllers/Admin/SI_Pai.php(133): CodeIgniter\I18n\Time::createFromFormat('Y-m-d', '/home/storage/4/8f/cf/colegioportalcui1/public_html')
 3 APPPATH/Controllers/Admin/SI_Pai.php(80): App\Controllers\Admin\SI_Pai->save()
 4 SYSTEMPATH/CodeIgniter.php(925): App\Controllers\Admin\SI_Pai->create()
 5 SYSTEMPATH/CodeIgniter.php(480): CodeIgniter\CodeIgniter->runController(Object(App\Controllers\Admin\SI_Pai))
 6 SYSTEMPATH/CodeIgniter.php(349): CodeIgniter\CodeIgniter->handleRequest(null, Object(Config\Cache), false)
 7 FCPATH/index.php(71): CodeIgniter\CodeIgniter->run()
CRITICAL - 2024-10-08 10:58:06 --> unlink(/home/storage/4/8f/cf/colegioportalcui1/public_html/project/writable/debugbar/debugbar_1728399070.062374.json): No such file or directory
in SYSTEMPATH/Debug/Toolbar/Collectors/History.php on line 76.
 1 [internal function]: CodeIgniter\Debug\Exceptions->errorHandler(2, 'unlink(/home/storage/4/8f/cf/colegioportalcui1/public_html/project/writable/debugbar/debugbar_1728399070.062374.json): No such file or directory', 'SYSTEMPATH/Debug/Toolbar/Collectors/History.php', 76)
 2 SYSTEMPATH/Debug/Toolbar/Collectors/History.php(76): unlink('FCPATH/project/writable/debugbar/debugbar_1728399070.062374.json')
 3 SYSTEMPATH/Debug/Toolbar.php(499): CodeIgniter\Debug\Toolbar\Collectors\History->setFiles('1728399485.394071', 20)
 4 SYSTEMPATH/Debug/Toolbar.php(478): CodeIgniter\Debug\Toolbar->format([...], 'html')
 5 APPPATH/Config/Events.php(46): CodeIgniter\Debug\Toolbar->respond()
 6 SYSTEMPATH/Events/Events.php(149): CodeIgniter\Events\Events::Config\{closure}()
 7 SYSTEMPATH/CodeIgniter.php(326): CodeIgniter\Events\Events::trigger('pre_system')
 8 FCPATH/index.php(71): CodeIgniter\CodeIgniter->run()
CRITICAL - 2024-10-08 10:58:21 --> "Y-m-d" is not a valid datetime format
in SYSTEMPATH/I18n/Time.php on line 242.
 1 SYSTEMPATH/I18n/Time.php(242): CodeIgniter\I18n\Exceptions\I18nException::forInvalidFormat('Y-m-d')
 2 APPPATH/Controllers/Admin/SI_Pai.php(133): CodeIgniter\I18n\Time::createFromFormat('Y-m-d', '/home/storage/4/8f/cf/colegioportalcui1/public_html')
 3 APPPATH/Controllers/Admin/SI_Pai.php(80): App\Controllers\Admin\SI_Pai->save()
 4 SYSTEMPATH/CodeIgniter.php(925): App\Controllers\Admin\SI_Pai->create()
 5 SYSTEMPATH/CodeIgniter.php(480): CodeIgniter\CodeIgniter->runController(Object(App\Controllers\Admin\SI_Pai))
 6 SYSTEMPATH/CodeIgniter.php(349): CodeIgniter\CodeIgniter->handleRequest(null, Object(Config\Cache), false)
 7 FCPATH/index.php(71): CodeIgniter\CodeIgniter->run()
CRITICAL - 2024-10-08 10:58:43 --> "Y-m-d" is not a valid datetime format
in SYSTEMPATH/I18n/Time.php on line 242.
 1 SYSTEMPATH/I18n/Time.php(242): CodeIgniter\I18n\Exceptions\I18nException::forInvalidFormat('Y-m-d')
 2 APPPATH/Controllers/Admin/SI_Pai.php(136): CodeIgniter\I18n\Time::createFromFormat('Y-m-d', '/home/storage/4/8f/cf/colegioportalcui1/public_html')
 3 APPPATH/Controllers/Admin/SI_Pai.php(80): App\Controllers\Admin\SI_Pai->save()
 4 SYSTEMPATH/CodeIgniter.php(925): App\Controllers\Admin\SI_Pai->create()
 5 SYSTEMPATH/CodeIgniter.php(480): CodeIgniter\CodeIgniter->runController(Object(App\Controllers\Admin\SI_Pai))
 6 SYSTEMPATH/CodeIgniter.php(349): CodeIgniter\CodeIgniter->handleRequest(null, Object(Config\Cache), false)
 7 FCPATH/index.php(71): CodeIgniter\CodeIgniter->run()
CRITICAL - 2024-10-08 11:02:03 --> "Y-m-d" is not a valid datetime format
in SYSTEMPATH/I18n/Time.php on line 242.
 1 SYSTEMPATH/I18n/Time.php(242): CodeIgniter\I18n\Exceptions\I18nException::forInvalidFormat('Y-m-d')
 2 APPPATH/Controllers/Admin/SI_Pai.php(136): CodeIgniter\I18n\Time::createFromFormat('Y-m-d', '/home/storage/4/8f/cf/colegioportalcui1/public_html')
 3 APPPATH/Controllers/Admin/SI_Pai.php(80): App\Controllers\Admin\SI_Pai->save()
 4 SYSTEMPATH/CodeIgniter.php(925): App\Controllers\Admin\SI_Pai->create()
 5 SYSTEMPATH/CodeIgniter.php(480): CodeIgniter\CodeIgniter->runController(Object(App\Controllers\Admin\SI_Pai))
 6 SYSTEMPATH/CodeIgniter.php(349): CodeIgniter\CodeIgniter->handleRequest(null, Object(Config\Cache), false)
 7 FCPATH/index.php(71): CodeIgniter\CodeIgniter->run()
CRITICAL - 2024-10-08 11:02:12 --> "Y-m-d" is not a valid datetime format
in SYSTEMPATH/I18n/Time.php on line 242.
 1 SYSTEMPATH/I18n/Time.php(242): CodeIgniter\I18n\Exceptions\I18nException::forInvalidFormat('Y-m-d')
 2 APPPATH/Controllers/Admin/SI_Pai.php(136): CodeIgniter\I18n\Time::createFromFormat('Y-m-d', '/home/storage/4/8f/cf/colegioportalcui1/public_html')
 3 APPPATH/Controllers/Admin/SI_Pai.php(80): App\Controllers\Admin\SI_Pai->save()
 4 SYSTEMPATH/CodeIgniter.php(925): App\Controllers\Admin\SI_Pai->create()
 5 SYSTEMPATH/CodeIgniter.php(480): CodeIgniter\CodeIgniter->runController(Object(App\Controllers\Admin\SI_Pai))
 6 SYSTEMPATH/CodeIgniter.php(349): CodeIgniter\CodeIgniter->handleRequest(null, Object(Config\Cache), false)
 7 FCPATH/index.php(71): CodeIgniter\CodeIgniter->run()
CRITICAL - 2024-10-08 12:02:47 --> "Y-m-d" is not a valid datetime format
in SYSTEMPATH/I18n/Time.php on line 242.
 1 SYSTEMPATH/I18n/Time.php(242): CodeIgniter\I18n\Exceptions\I18nException::forInvalidFormat('Y-m-d')
 2 APPPATH/Controllers/Admin/SI_Pai.php(136): CodeIgniter\I18n\Time::createFromFormat('Y-m-d', '/home/storage/4/8f/cf/colegioportalcui1/public_html')
 3 APPPATH/Controllers/Admin/SI_Pai.php(80): App\Controllers\Admin\SI_Pai->save()
 4 SYSTEMPATH/CodeIgniter.php(925): App\Controllers\Admin\SI_Pai->create()
 5 SYSTEMPATH/CodeIgniter.php(480): CodeIgniter\CodeIgniter->runController(Object(App\Controllers\Admin\SI_Pai))
 6 SYSTEMPATH/CodeIgniter.php(349): CodeIgniter\CodeIgniter->handleRequest(null, Object(Config\Cache), false)
 7 FCPATH/index.php(71): CodeIgniter\CodeIgniter->run()
CRITICAL - 2024-10-08 12:04:18 --> "Y-m-d" is not a valid datetime format
in SYSTEMPATH/I18n/Time.php on line 242.
 1 SYSTEMPATH/I18n/Time.php(242): CodeIgniter\I18n\Exceptions\I18nException::forInvalidFormat('Y-m-d')
 2 APPPATH/Controllers/Admin/SI_Pai.php(136): CodeIgniter\I18n\Time::createFromFormat('Y-m-d', '/home/storage/4/8f/cf/colegioportalcui1/public_html')
 3 APPPATH/Controllers/Admin/SI_Pai.php(80): App\Controllers\Admin\SI_Pai->save()
 4 SYSTEMPATH/CodeIgniter.php(925): App\Controllers\Admin\SI_Pai->create()
 5 SYSTEMPATH/CodeIgniter.php(480): CodeIgniter\CodeIgniter->runController(Object(App\Controllers\Admin\SI_Pai))
 6 SYSTEMPATH/CodeIgniter.php(349): CodeIgniter\CodeIgniter->handleRequest(null, Object(Config\Cache), false)
 7 FCPATH/index.php(71): CodeIgniter\CodeIgniter->run()
CRITICAL - 2024-10-08 12:11:29 --> "Y-m-d" is not a valid datetime format
in SYSTEMPATH/I18n/Time.php on line 242.
 1 SYSTEMPATH/I18n/Time.php(242): CodeIgniter\I18n\Exceptions\I18nException::forInvalidFormat('Y-m-d')
 2 APPPATH/Controllers/Admin/SI_Pai.php(136): CodeIgniter\I18n\Time::createFromFormat('Y-m-d', '/home/storage/4/8f/cf/colegioportalcui1/public_html')
 3 APPPATH/Controllers/Admin/SI_Pai.php(80): App\Controllers\Admin\SI_Pai->save()
 4 SYSTEMPATH/CodeIgniter.php(925): App\Controllers\Admin\SI_Pai->create()
 5 SYSTEMPATH/CodeIgniter.php(480): CodeIgniter\CodeIgniter->runController(Object(App\Controllers\Admin\SI_Pai))
 6 SYSTEMPATH/CodeIgniter.php(349): CodeIgniter\CodeIgniter->handleRequest(null, Object(Config\Cache), false)
 7 FCPATH/index.php(71): CodeIgniter\CodeIgniter->run()
CRITICAL - 2024-10-08 12:20:28 --> "Y-m-d" is not a valid datetime format
in SYSTEMPATH/I18n/Time.php on line 242.
 1 SYSTEMPATH/I18n/Time.php(242): CodeIgniter\I18n\Exceptions\I18nException::forInvalidFormat('Y-m-d')
 2 APPPATH/Controllers/Admin/SI_Pai.php(130): CodeIgniter\I18n\Time::createFromFormat('Y-m-d', '/home/storage/4/8f/cf/colegioportalcui1/public_html')
 3 APPPATH/Controllers/Admin/SI_Pai.php(80): App\Controllers\Admin\SI_Pai->save()
 4 SYSTEMPATH/CodeIgniter.php(925): App\Controllers\Admin\SI_Pai->create()
 5 SYSTEMPATH/CodeIgniter.php(480): CodeIgniter\CodeIgniter->runController(Object(App\Controllers\Admin\SI_Pai))
 6 SYSTEMPATH/CodeIgniter.php(349): CodeIgniter\CodeIgniter->handleRequest(null, Object(Config\Cache), false)
 7 FCPATH/index.php(71): CodeIgniter\CodeIgniter->run()
CRITICAL - 2024-10-08 12:48:20 --> Creation of dynamic property App\Controllers\Admin\Paginas::$model is deprecated
in APPPATH/Controllers/Admin/Paginas.php on line 18.
 1 APPPATH/Controllers/Admin/Paginas.php(18): CodeIgniter\Debug\Exceptions->errorHandler(8192, 'Creation of dynamic property App\\Controllers\\Admin\\Paginas::$model is deprecated', 'APPPATH/Controllers/Admin/Paginas.php', 18)
 2 SYSTEMPATH/CodeIgniter.php(887): App\Controllers\Admin\Paginas->__construct()
 3 SYSTEMPATH/CodeIgniter.php(471): CodeIgniter\CodeIgniter->createController()
 4 SYSTEMPATH/CodeIgniter.php(349): CodeIgniter\CodeIgniter->handleRequest(null, Object(Config\Cache), false)
 5 FCPATH/index.php(71): CodeIgniter\CodeIgniter->run()
CRITICAL - 2024-10-08 12:48:25 --> Creation of dynamic property App\Controllers\Admin\Paginas::$model is deprecated
in APPPATH/Controllers/Admin/Paginas.php on line 18.
 1 APPPATH/Controllers/Admin/Paginas.php(18): CodeIgniter\Debug\Exceptions->errorHandler(8192, 'Creation of dynamic property App\\Controllers\\Admin\\Paginas::$model is deprecated', 'APPPATH/Controllers/Admin/Paginas.php', 18)
 2 SYSTEMPATH/CodeIgniter.php(887): App\Controllers\Admin\Paginas->__construct()
 3 SYSTEMPATH/CodeIgniter.php(471): CodeIgniter\CodeIgniter->createController()
 4 SYSTEMPATH/CodeIgniter.php(349): CodeIgniter\CodeIgniter->handleRequest(null, Object(Config\Cache), false)
 5 FCPATH/index.php(71): CodeIgniter\CodeIgniter->run()
CRITICAL - 2024-10-08 12:48:29 --> Creation of dynamic property App\Controllers\Admin\PaginasCategorias::$model is deprecated
in APPPATH/Controllers/Admin/PaginasCategorias.php on line 16.
 1 APPPATH/Controllers/Admin/PaginasCategorias.php(16): CodeIgniter\Debug\Exceptions->errorHandler(8192, 'Creation of dynamic property App\\Controllers\\Admin\\PaginasCategorias::$model is deprecated', 'APPPATH/Controllers/Admin/PaginasCategorias.php', 16)
 2 SYSTEMPATH/CodeIgniter.php(887): App\Controllers\Admin\PaginasCategorias->__construct()
 3 SYSTEMPATH/CodeIgniter.php(471): CodeIgniter\CodeIgniter->createController()
 4 SYSTEMPATH/CodeIgniter.php(349): CodeIgniter\CodeIgniter->handleRequest(null, Object(Config\Cache), false)
 5 FCPATH/index.php(71): CodeIgniter\CodeIgniter->run()
CRITICAL - 2024-10-08 12:48:57 --> Creation of dynamic property App\Controllers\Admin\Banners::$model is deprecated
in APPPATH/Controllers/Admin/Banners.php on line 17.
 1 APPPATH/Controllers/Admin/Banners.php(17): CodeIgniter\Debug\Exceptions->errorHandler(8192, 'Creation of dynamic property App\\Controllers\\Admin\\Banners::$model is deprecated', 'APPPATH/Controllers/Admin/Banners.php', 17)
 2 SYSTEMPATH/CodeIgniter.php(887): App\Controllers\Admin\Banners->__construct()
 3 SYSTEMPATH/CodeIgniter.php(471): CodeIgniter\CodeIgniter->createController()
 4 SYSTEMPATH/CodeIgniter.php(349): CodeIgniter\CodeIgniter->handleRequest(null, Object(Config\Cache), false)
 5 FCPATH/index.php(71): CodeIgniter\CodeIgniter->run()
CRITICAL - 2024-10-08 12:49:01 --> Creation of dynamic property App\Controllers\Admin\Servicos::$model is deprecated
in APPPATH/Controllers/Admin/Servicos.php on line 16.
 1 APPPATH/Controllers/Admin/Servicos.php(16): CodeIgniter\Debug\Exceptions->errorHandler(8192, 'Creation of dynamic property App\\Controllers\\Admin\\Servicos::$model is deprecated', 'APPPATH/Controllers/Admin/Servicos.php', 16)
 2 SYSTEMPATH/CodeIgniter.php(887): App\Controllers\Admin\Servicos->__construct()
 3 SYSTEMPATH/CodeIgniter.php(471): CodeIgniter\CodeIgniter->createController()
 4 SYSTEMPATH/CodeIgniter.php(349): CodeIgniter\CodeIgniter->handleRequest(null, Object(Config\Cache), false)
 5 FCPATH/index.php(71): CodeIgniter\CodeIgniter->run()
CRITICAL - 2024-10-08 12:49:07 --> Creation of dynamic property App\Controllers\Admin\CategoriasGaleria::$model is deprecated
in APPPATH/Controllers/Admin/CategoriasGaleria.php on line 16.
 1 APPPATH/Controllers/Admin/CategoriasGaleria.php(16): CodeIgniter\Debug\Exceptions->errorHandler(8192, 'Creation of dynamic property App\\Controllers\\Admin\\CategoriasGaleria::$model is deprecated', 'APPPATH/Controllers/Admin/CategoriasGaleria.php', 16)
 2 SYSTEMPATH/CodeIgniter.php(887): App\Controllers\Admin\CategoriasGaleria->__construct()
 3 SYSTEMPATH/CodeIgniter.php(471): CodeIgniter\CodeIgniter->createController()
 4 SYSTEMPATH/CodeIgniter.php(349): CodeIgniter\CodeIgniter->handleRequest(null, Object(Config\Cache), false)
 5 FCPATH/index.php(71): CodeIgniter\CodeIgniter->run()
CRITICAL - 2024-10-08 12:49:23 --> Creation of dynamic property App\Controllers\Admin\Configuracoes::$modelGoogleAnalytics is deprecated
in APPPATH/Controllers/Admin/Configuracoes.php on line 19.
 1 APPPATH/Controllers/Admin/Configuracoes.php(19): CodeIgniter\Debug\Exceptions->errorHandler(8192, 'Creation of dynamic property App\\Controllers\\Admin\\Configuracoes::$modelGoogleAnalytics is deprecated', 'APPPATH/Controllers/Admin/Configuracoes.php', 19)
 2 SYSTEMPATH/CodeIgniter.php(887): App\Controllers\Admin\Configuracoes->__construct()
 3 SYSTEMPATH/CodeIgniter.php(471): CodeIgniter\CodeIgniter->createController()
 4 SYSTEMPATH/CodeIgniter.php(349): CodeIgniter\CodeIgniter->handleRequest(null, Object(Config\Cache), false)
 5 FCPATH/index.php(71): CodeIgniter\CodeIgniter->run()
CRITICAL - 2024-10-08 12:49:33 --> Creation of dynamic property App\Controllers\Admin\Noticias::$model is deprecated
in APPPATH/Controllers/Admin/Noticias.php on line 19.
 1 APPPATH/Controllers/Admin/Noticias.php(19): CodeIgniter\Debug\Exceptions->errorHandler(8192, 'Creation of dynamic property App\\Controllers\\Admin\\Noticias::$model is deprecated', 'APPPATH/Controllers/Admin/Noticias.php', 19)
 2 SYSTEMPATH/CodeIgniter.php(887): App\Controllers\Admin\Noticias->__construct()
 3 SYSTEMPATH/CodeIgniter.php(471): CodeIgniter\CodeIgniter->createController()
 4 SYSTEMPATH/CodeIgniter.php(349): CodeIgniter\CodeIgniter->handleRequest(null, Object(Config\Cache), false)
 5 FCPATH/index.php(71): CodeIgniter\CodeIgniter->run()
CRITICAL - 2024-10-08 12:49:34 --> Creation of dynamic property App\Controllers\Admin\Categorias::$model is deprecated
in APPPATH/Controllers/Admin/Categorias.php on line 16.
 1 APPPATH/Controllers/Admin/Categorias.php(16): CodeIgniter\Debug\Exceptions->errorHandler(8192, 'Creation of dynamic property App\\Controllers\\Admin\\Categorias::$model is deprecated', 'APPPATH/Controllers/Admin/Categorias.php', 16)
 2 SYSTEMPATH/CodeIgniter.php(887): App\Controllers\Admin\Categorias->__construct()
 3 SYSTEMPATH/CodeIgniter.php(471): CodeIgniter\CodeIgniter->createController()
 4 SYSTEMPATH/CodeIgniter.php(349): CodeIgniter\CodeIgniter->handleRequest(null, Object(Config\Cache), false)
 5 FCPATH/index.php(71): CodeIgniter\CodeIgniter->run()
CRITICAL - 2024-10-08 12:49:37 --> Creation of dynamic property App\Controllers\Admin\Galeria::$model is deprecated
in APPPATH/Controllers/Admin/Galeria.php on line 21.
 1 APPPATH/Controllers/Admin/Galeria.php(21): CodeIgniter\Debug\Exceptions->errorHandler(8192, 'Creation of dynamic property App\\Controllers\\Admin\\Galeria::$model is deprecated', 'APPPATH/Controllers/Admin/Galeria.php', 21)
 2 SYSTEMPATH/CodeIgniter.php(887): App\Controllers\Admin\Galeria->__construct()
 3 SYSTEMPATH/CodeIgniter.php(471): CodeIgniter\CodeIgniter->createController()
 4 SYSTEMPATH/CodeIgniter.php(349): CodeIgniter\CodeIgniter->handleRequest(null, Object(Config\Cache), false)
 5 FCPATH/index.php(71): CodeIgniter\CodeIgniter->run()
CRITICAL - 2024-10-08 12:49:38 --> Creation of dynamic property App\Controllers\Admin\CategoriasGaleria::$model is deprecated
in APPPATH/Controllers/Admin/CategoriasGaleria.php on line 16.
 1 APPPATH/Controllers/Admin/CategoriasGaleria.php(16): CodeIgniter\Debug\Exceptions->errorHandler(8192, 'Creation of dynamic property App\\Controllers\\Admin\\CategoriasGaleria::$model is deprecated', 'APPPATH/Controllers/Admin/CategoriasGaleria.php', 16)
 2 SYSTEMPATH/CodeIgniter.php(887): App\Controllers\Admin\CategoriasGaleria->__construct()
 3 SYSTEMPATH/CodeIgniter.php(471): CodeIgniter\CodeIgniter->createController()
 4 SYSTEMPATH/CodeIgniter.php(349): CodeIgniter\CodeIgniter->handleRequest(null, Object(Config\Cache), false)
 5 FCPATH/index.php(71): CodeIgniter\CodeIgniter->run()
CRITICAL - 2024-10-08 12:49:42 --> Creation of dynamic property App\Controllers\Admin\Paginas::$model is deprecated
in APPPATH/Controllers/Admin/Paginas.php on line 18.
 1 APPPATH/Controllers/Admin/Paginas.php(18): CodeIgniter\Debug\Exceptions->errorHandler(8192, 'Creation of dynamic property App\\Controllers\\Admin\\Paginas::$model is deprecated', 'APPPATH/Controllers/Admin/Paginas.php', 18)
 2 SYSTEMPATH/CodeIgniter.php(887): App\Controllers\Admin\Paginas->__construct()
 3 SYSTEMPATH/CodeIgniter.php(471): CodeIgniter\CodeIgniter->createController()
 4 SYSTEMPATH/CodeIgniter.php(349): CodeIgniter\CodeIgniter->handleRequest(null, Object(Config\Cache), false)
 5 FCPATH/index.php(71): CodeIgniter\CodeIgniter->run()
CRITICAL - 2024-10-08 12:49:44 --> Creation of dynamic property App\Controllers\Admin\Banners::$model is deprecated
in APPPATH/Controllers/Admin/Banners.php on line 17.
 1 APPPATH/Controllers/Admin/Banners.php(17): CodeIgniter\Debug\Exceptions->errorHandler(8192, 'Creation of dynamic property App\\Controllers\\Admin\\Banners::$model is deprecated', 'APPPATH/Controllers/Admin/Banners.php', 17)
 2 SYSTEMPATH/CodeIgniter.php(887): App\Controllers\Admin\Banners->__construct()
 3 SYSTEMPATH/CodeIgniter.php(471): CodeIgniter\CodeIgniter->createController()
 4 SYSTEMPATH/CodeIgniter.php(349): CodeIgniter\CodeIgniter->handleRequest(null, Object(Config\Cache), false)
 5 FCPATH/index.php(71): CodeIgniter\CodeIgniter->run()
CRITICAL - 2024-10-08 12:50:11 --> Creation of dynamic property App\Controllers\Admin\Noticias::$model is deprecated
in APPPATH/Controllers/Admin/Noticias.php on line 19.
 1 APPPATH/Controllers/Admin/Noticias.php(19): CodeIgniter\Debug\Exceptions->errorHandler(8192, 'Creation of dynamic property App\\Controllers\\Admin\\Noticias::$model is deprecated', 'APPPATH/Controllers/Admin/Noticias.php', 19)
 2 SYSTEMPATH/CodeIgniter.php(887): App\Controllers\Admin\Noticias->__construct()
 3 SYSTEMPATH/CodeIgniter.php(471): CodeIgniter\CodeIgniter->createController()
 4 SYSTEMPATH/CodeIgniter.php(349): CodeIgniter\CodeIgniter->handleRequest(null, Object(Config\Cache), false)
 5 FCPATH/index.php(71): CodeIgniter\CodeIgniter->run()
CRITICAL - 2024-10-08 12:50:17 --> Creation of dynamic property App\Controllers\Admin\Noticias::$model is deprecated
in APPPATH/Controllers/Admin/Noticias.php on line 19.
 1 APPPATH/Controllers/Admin/Noticias.php(19): CodeIgniter\Debug\Exceptions->errorHandler(8192, 'Creation of dynamic property App\\Controllers\\Admin\\Noticias::$model is deprecated', 'APPPATH/Controllers/Admin/Noticias.php', 19)
 2 SYSTEMPATH/CodeIgniter.php(887): App\Controllers\Admin\Noticias->__construct()
 3 SYSTEMPATH/CodeIgniter.php(471): CodeIgniter\CodeIgniter->createController()
 4 SYSTEMPATH/CodeIgniter.php(349): CodeIgniter\CodeIgniter->handleRequest(null, Object(Config\Cache), false)
 5 FCPATH/index.php(71): CodeIgniter\CodeIgniter->run()
CRITICAL - 2024-10-08 12:50:18 --> Creation of dynamic property App\Controllers\Admin\Categorias::$model is deprecated
in APPPATH/Controllers/Admin/Categorias.php on line 16.
 1 APPPATH/Controllers/Admin/Categorias.php(16): CodeIgniter\Debug\Exceptions->errorHandler(8192, 'Creation of dynamic property App\\Controllers\\Admin\\Categorias::$model is deprecated', 'APPPATH/Controllers/Admin/Categorias.php', 16)
 2 SYSTEMPATH/CodeIgniter.php(887): App\Controllers\Admin\Categorias->__construct()
 3 SYSTEMPATH/CodeIgniter.php(471): CodeIgniter\CodeIgniter->createController()
 4 SYSTEMPATH/CodeIgniter.php(349): CodeIgniter\CodeIgniter->handleRequest(null, Object(Config\Cache), false)
 5 FCPATH/index.php(71): CodeIgniter\CodeIgniter->run()
CRITICAL - 2024-10-08 12:50:20 --> Creation of dynamic property App\Controllers\Admin\Galeria::$model is deprecated
in APPPATH/Controllers/Admin/Galeria.php on line 21.
 1 APPPATH/Controllers/Admin/Galeria.php(21): CodeIgniter\Debug\Exceptions->errorHandler(8192, 'Creation of dynamic property App\\Controllers\\Admin\\Galeria::$model is deprecated', 'APPPATH/Controllers/Admin/Galeria.php', 21)
 2 SYSTEMPATH/CodeIgniter.php(887): App\Controllers\Admin\Galeria->__construct()
 3 SYSTEMPATH/CodeIgniter.php(471): CodeIgniter\CodeIgniter->createController()
 4 SYSTEMPATH/CodeIgniter.php(349): CodeIgniter\CodeIgniter->handleRequest(null, Object(Config\Cache), false)
 5 FCPATH/index.php(71): CodeIgniter\CodeIgniter->run()
CRITICAL - 2024-10-08 12:56:46 --> Creation of dynamic property App\Controllers\Admin\Noticias::$model is deprecated
in APPPATH/Controllers/Admin/Noticias.php on line 19.
 1 APPPATH/Controllers/Admin/Noticias.php(19): CodeIgniter\Debug\Exceptions->errorHandler(8192, 'Creation of dynamic property App\\Controllers\\Admin\\Noticias::$model is deprecated', 'APPPATH/Controllers/Admin/Noticias.php', 19)
 2 SYSTEMPATH/CodeIgniter.php(887): App\Controllers\Admin\Noticias->__construct()
 3 SYSTEMPATH/CodeIgniter.php(471): CodeIgniter\CodeIgniter->createController()
 4 SYSTEMPATH/CodeIgniter.php(349): CodeIgniter\CodeIgniter->handleRequest(null, Object(Config\Cache), false)
 5 FCPATH/index.php(71): CodeIgniter\CodeIgniter->run()
CRITICAL - 2024-10-08 12:57:28 --> "Y-m-d" is not a valid datetime format
in SYSTEMPATH/I18n/Time.php on line 242.
 1 SYSTEMPATH/I18n/Time.php(242): CodeIgniter\I18n\Exceptions\I18nException::forInvalidFormat('Y-m-d')
 2 APPPATH/Controllers/Admin/SI_Pai.php(136): CodeIgniter\I18n\Time::createFromFormat('Y-m-d', '/home/storage/4/8f/cf/colegioportalcui1/public_html')
 3 APPPATH/Controllers/Admin/SI_Pai.php(80): App\Controllers\Admin\SI_Pai->save()
 4 SYSTEMPATH/CodeIgniter.php(925): App\Controllers\Admin\SI_Pai->create()
 5 SYSTEMPATH/CodeIgniter.php(480): CodeIgniter\CodeIgniter->runController(Object(App\Controllers\Admin\SI_Pai))
 6 SYSTEMPATH/CodeIgniter.php(349): CodeIgniter\CodeIgniter->handleRequest(null, Object(Config\Cache), false)
 7 FCPATH/index.php(71): CodeIgniter\CodeIgniter->run()
CRITICAL - 2024-10-08 13:01:51 --> "Y-m-d" is not a valid datetime format
in SYSTEMPATH/I18n/Time.php on line 242.
 1 SYSTEMPATH/I18n/Time.php(242): CodeIgniter\I18n\Exceptions\I18nException::forInvalidFormat('Y-m-d')
 2 APPPATH/Controllers/Admin/SI_Pai.php(136): CodeIgniter\I18n\Time::createFromFormat('Y-m-d', '/home/storage/4/8f/cf/colegioportalcui1/public_html')
 3 APPPATH/Controllers/Admin/SI_Pai.php(80): App\Controllers\Admin\SI_Pai->save()
 4 SYSTEMPATH/CodeIgniter.php(925): App\Controllers\Admin\SI_Pai->create()
 5 SYSTEMPATH/CodeIgniter.php(480): CodeIgniter\CodeIgniter->runController(Object(App\Controllers\Admin\SI_Pai))
 6 SYSTEMPATH/CodeIgniter.php(349): CodeIgniter\CodeIgniter->handleRequest(null, Object(Config\Cache), false)
 7 FCPATH/index.php(71): CodeIgniter\CodeIgniter->run()
CRITICAL - 2024-10-08 13:17:13 --> "Y-m-d" is not a valid datetime format
in SYSTEMPATH/I18n/Time.php on line 242.
 1 SYSTEMPATH/I18n/Time.php(242): CodeIgniter\I18n\Exceptions\I18nException::forInvalidFormat('Y-m-d')
 2 APPPATH/Controllers/Admin/SI_Pai.php(136): CodeIgniter\I18n\Time::createFromFormat('Y-m-d', '/home/storage/4/8f/cf/colegioportalcui1/public_html')
 3 APPPATH/Controllers/Admin/SI_Pai.php(80): App\Controllers\Admin\SI_Pai->save()
 4 SYSTEMPATH/CodeIgniter.php(925): App\Controllers\Admin\SI_Pai->create()
 5 SYSTEMPATH/CodeIgniter.php(480): CodeIgniter\CodeIgniter->runController(Object(App\Controllers\Admin\SI_Pai))
 6 SYSTEMPATH/CodeIgniter.php(349): CodeIgniter\CodeIgniter->handleRequest(null, Object(Config\Cache), false)
 7 FCPATH/index.php(71): CodeIgniter\CodeIgniter->run()
CRITICAL - 2024-10-08 13:18:26 --> Creation of dynamic property App\Controllers\Admin\Paginas::$model is deprecated
in APPPATH/Controllers/Admin/Paginas.php on line 18.
 1 APPPATH/Controllers/Admin/Paginas.php(18): CodeIgniter\Debug\Exceptions->errorHandler(8192, 'Creation of dynamic property App\\Controllers\\Admin\\Paginas::$model is deprecated', 'APPPATH/Controllers/Admin/Paginas.php', 18)
 2 SYSTEMPATH/CodeIgniter.php(887): App\Controllers\Admin\Paginas->__construct()
 3 SYSTEMPATH/CodeIgniter.php(471): CodeIgniter\CodeIgniter->createController()
 4 SYSTEMPATH/CodeIgniter.php(349): CodeIgniter\CodeIgniter->handleRequest(null, Object(Config\Cache), false)
 5 FCPATH/index.php(71): CodeIgniter\CodeIgniter->run()
CRITICAL - 2024-10-08 13:57:00 --> Too few arguments to function App\Controllers\Admin\Auth::index(), 0 passed in /home/storage/4/8f/cf/colegioportalcui1/public_html/project/system/CodeIgniter.php on line 925 and exactly 1 expected
in APPPATH/Controllers/Admin/Auth.php on line 23.
 1 SYSTEMPATH/CodeIgniter.php(925): App\Controllers\Admin\Auth->index()
 2 SYSTEMPATH/CodeIgniter.php(480): CodeIgniter\CodeIgniter->runController(Object(App\Controllers\Admin\Auth))
 3 SYSTEMPATH/CodeIgniter.php(349): CodeIgniter\CodeIgniter->handleRequest(null, Object(Config\Cache), false)
 4 FCPATH/index.php(71): CodeIgniter\CodeIgniter->run()
CRITICAL - 2024-10-08 13:58:01 --> unlink(/home/storage/4/8f/cf/colegioportalcui1/public_html/project/writable/debugbar/debugbar_1728407973.941184.json): No such file or directory
in SYSTEMPATH/Debug/Toolbar/Collectors/History.php on line 76.
 1 [internal function]: CodeIgniter\Debug\Exceptions->errorHandler(2, 'unlink(/home/storage/4/8f/cf/colegioportalcui1/public_html/project/writable/debugbar/debugbar_1728407973.941184.json): No such file or directory', 'SYSTEMPATH/Debug/Toolbar/Collectors/History.php', 76)
 2 SYSTEMPATH/Debug/Toolbar/Collectors/History.php(76): unlink('FCPATH/project/writable/debugbar/debugbar_1728407973.941184.json')
 3 SYSTEMPATH/Debug/Toolbar.php(499): CodeIgniter\Debug\Toolbar\Collectors\History->setFiles('1728410280.016673', 20)
 4 SYSTEMPATH/Debug/Toolbar.php(478): CodeIgniter\Debug\Toolbar->format([...], 'html')
 5 APPPATH/Config/Events.php(46): CodeIgniter\Debug\Toolbar->respond()
 6 SYSTEMPATH/Events/Events.php(149): CodeIgniter\Events\Events::Config\{closure}()
 7 SYSTEMPATH/CodeIgniter.php(326): CodeIgniter\Events\Events::trigger('pre_system')
 8 FCPATH/index.php(71): CodeIgniter\CodeIgniter->run()
CRITICAL - 2024-10-08 13:59:30 --> "Y-m-d" is not a valid datetime format
in SYSTEMPATH/I18n/Time.php on line 242.
 1 SYSTEMPATH/I18n/Time.php(242): CodeIgniter\I18n\Exceptions\I18nException::forInvalidFormat('Y-m-d')
 2 APPPATH/Controllers/Admin/SI_Pai.php(136): CodeIgniter\I18n\Time::createFromFormat('Y-m-d', '/home/storage/4/8f/cf/colegioportalcui1/public_html')
 3 APPPATH/Controllers/Admin/SI_Pai.php(80): App\Controllers\Admin\SI_Pai->save()
 4 SYSTEMPATH/CodeIgniter.php(925): App\Controllers\Admin\SI_Pai->create()
 5 SYSTEMPATH/CodeIgniter.php(480): CodeIgniter\CodeIgniter->runController(Object(App\Controllers\Admin\SI_Pai))
 6 SYSTEMPATH/CodeIgniter.php(349): CodeIgniter\CodeIgniter->handleRequest(null, Object(Config\Cache), false)
 7 FCPATH/index.php(71): CodeIgniter\CodeIgniter->run()
CRITICAL - 2024-10-08 16:04:18 --> "Y-m-d" is not a valid datetime format
in SYSTEMPATH/I18n/Time.php on line 242.
 1 SYSTEMPATH/I18n/Time.php(242): CodeIgniter\I18n\Exceptions\I18nException::forInvalidFormat('Y-m-d')
 2 APPPATH/Controllers/Admin/SI_Pai.php(133): CodeIgniter\I18n\Time::createFromFormat('Y-m-d', '/home/storage/4/8f/cf/colegioportalcui1/public_html')
 3 APPPATH/Controllers/Admin/SI_Pai.php(80): App\Controllers\Admin\SI_Pai->save()
 4 SYSTEMPATH/CodeIgniter.php(925): App\Controllers\Admin\SI_Pai->create()
 5 SYSTEMPATH/CodeIgniter.php(480): CodeIgniter\CodeIgniter->runController(Object(App\Controllers\Admin\SI_Pai))
 6 SYSTEMPATH/CodeIgniter.php(349): CodeIgniter\CodeIgniter->handleRequest(null, Object(Config\Cache), false)
 7 FCPATH/index.php(71): CodeIgniter\CodeIgniter->run()
